VPR FPGA Placement and Routing.
Version: 8.1.0-dev+dadca7ecf
Revision: v8.0.0-rc2-2894-gdadca7ecf
Compiled: 2020-10-14T15:08:54
Compiler: GNU 7.3.0 on Linux-4.15.0-1028-gcp x86_64
Build Info: Release IPO VTR_ASSERT_LEVEL=2

University of Toronto
verilogtorouting.org
vtr-users@googlegroups.com
This is free open source code under MIT license.

VPR was run with the following command-line:
vpr /home/veeracharyulu/qorc-sdk/fpga_toolchain_install/v1.3.1/quicklogic-arch-defs/share/arch/ql-eos-s3_wlcsp/arch.timing.xml seq.eblif --device ql-eos-s3 --max_router_iterations 500 --routing_failure_predictor off --router_high_fanout_threshold -1 --constant_net_method route --route_chan_width 100 --clock_modeling route --place_delay_model delta_override --router_lookahead map --check_route quick --strict_checks off --allow_dangling_combinational_nodes on --disable_errors check_unbuffered_edges:check_route --congested_routing_iteration_threshold 0.8 --incremental_reroute_delay_ripup off --base_cost_type delay_normalized_length_bounded --bb_factor 10 --initial_pres_fac 4.0 --check_rr_graph off --suppress_warnings ,sum_pin_class:check_unbuffered_edges:load_rr_indexed_data_T_values:check_rr_node:trans_per_R:check_route:set_rr_graph_tool_comment:warn_model_missing_timing --read_rr_graph /home/veeracharyulu/qorc-sdk/fpga_toolchain_install/v1.3.1/quicklogic-arch-defs/share/arch/ql-eos-s3_wlcsp/rr_graph_ql-eos-s3_wlcsp.rr_graph.real.bin --read_placement_delay_lookup /home/veeracharyulu/qorc-sdk/fpga_toolchain_install/v1.3.1/quicklogic-arch-defs/share/arch/ql-eos-s3_wlcsp/rr_graph_ql-eos-s3_wlcsp.place_delay.bin --sdc_file /home/veeracharyulu/qorc-sdk/vaman/trunk/fpga/seq/build/seq_dummy.sdc --fix_clusters seq_constraints.place --place

Using up to 1 parallel worker(s)

Architecture file: /home/veeracharyulu/qorc-sdk/fpga_toolchain_install/v1.3.1/quicklogic-arch-defs/share/arch/ql-eos-s3_wlcsp/arch.timing.xml
Circuit name: seq

# Loading Architecture Description
# Loading Architecture Description took 0.31 seconds (max_rss 31.0 MiB, delta_rss +24.8 MiB)
# Building complex block graph
# Building complex block graph took 0.06 seconds (max_rss 39.8 MiB, delta_rss +8.7 MiB)
# Load circuit
# Load circuit took 0.01 seconds (max_rss 41.0 MiB, delta_rss +1.2 MiB)
# Clean circuit
Absorbed 827 LUT buffers
Inferred  106 additional primitive pins as constant generators since they have no combinationally connected inputs
Inferred   45 additional primitive pins as constant generators due to constant inputs
Inferred    0 additional primitive pins as constant generators since they have no combinationally connected inputs
Inferred    0 additional primitive pins as constant generators due to constant inputs
Inferred    0 additional primitive pins as constant generators since they have no combinationally connected inputs
Inferred    0 additional primitive pins as constant generators due to constant inputs
Swept input(s)      : 1
Swept output(s)     : 0 (0 dangling, 0 constant)
Swept net(s)        : 142
Swept block(s)      : 1
Constant Pins Marked: 151
# Clean circuit took 0.00 seconds (max_rss 41.8 MiB, delta_rss +0.9 MiB)
# Compress circuit
# Compress circuit took 0.00 seconds (max_rss 41.8 MiB, delta_rss +0.0 MiB)
# Verify circuit
# Verify circuit took 0.00 seconds (max_rss 41.8 MiB, delta_rss +0.0 MiB)
Circuit Statistics:
  Blocks: 124
    .output   :       9
    ASSP      :       1
    BIDIR_CELL:       9
    C_FRAG    :      13
    F_FRAG    :       1
    GND       :       1
    Q_FRAG    :      28
    T_FRAG    :      61
    VCC       :       1
  Nets  : 115
    Avg Fanout:     8.6
    Max Fanout:   466.0
    Min Fanout:     1.0
  Netlist Clocks: 1
# Build Timing Graph
  Timing Graph Nodes: 1107
  Timing Graph Edges: 1749
  Timing Graph Levels: 24
# Build Timing Graph took 0.00 seconds (max_rss 41.8 MiB, delta_rss +0.0 MiB)
Netlist contains 1 clocks
  Netlist Clock 'clk' Fanout: 28 pins (2.5%), 28 blocks (22.6%)
# Load Timing Constraints

SDC file '/home/veeracharyulu/qorc-sdk/vaman/trunk/fpga/seq/build/seq_dummy.sdc' contained no SDC commands
Setting default timing constraints:
   * constrain all primay inputs and primary outputs on netlist clock 'clk'
   * optimize netlist clock to run as fast as possible
Timing constraints created 1 clocks
  Constrained Clock 'clk' Source: 'u_qlal4s3b_cell_macro.Sys_Clk0[0]'

# Load Timing Constraints took 0.00 seconds (max_rss 41.8 MiB, delta_rss +0.0 MiB)
Timing analysis: ON
Circuit netlist file: seq.net
Circuit placement file: seq.place
Circuit routing file: seq.route
Circuit SDC file: /home/veeracharyulu/qorc-sdk/vaman/trunk/fpga/seq/build/seq_dummy.sdc

Packer: ENABLED
Placer: ENABLED
Router: DISABLED
Analysis: DISABLED

NetlistOpts.abosrb_buffer_luts            : true
NetlistOpts.sweep_dangling_primary_ios    : true
NetlistOpts.sweep_dangling_nets           : true
NetlistOpts.sweep_dangling_blocks         : true
NetlistOpts.sweep_constant_primary_outputs: false
NetlistOpts.netlist_verbosity             : 1
NetlistOpts.const_gen_inference           : COMB_SEQ

PackerOpts.allow_unrelated_clustering: auto
PackerOpts.alpha_clustering: 0.750000
PackerOpts.beta_clustering: 0.900000
PackerOpts.cluster_seed_type: BLEND2
PackerOpts.connection_driven: true
PackerOpts.global_clocks: true
PackerOpts.hill_climbing_flag: false
PackerOpts.inter_cluster_net_delay: 1.000000
PackerOpts.timing_driven: true
PackerOpts.target_external_pin_util: auto

PlacerOpts.place_freq: PLACE_ONCE
PlacerOpts.place_algorithm: CRITICALITY_TIMING_PLACE
PlacerOpts.pad_loc_type: FREE
PlacerOpts.constraints_file: Using constraints file 'seq_constraints.place'
PlacerOpts.place_cost_exp: 1.000000
PlacerOpts.place_chan_width: 100
PlacerOpts.inner_loop_recompute_divider: 0
PlacerOpts.recompute_crit_iter: 1
PlacerOpts.timing_tradeoff: 0.500000
PlacerOpts.td_place_exp_first: 1.000000
PlacerOpts.td_place_exp_last: 8.000000
PlacerOpts.delay_offset: 0.000000
PlacerOpts.delay_ramp_delta_threshold: -1
PlacerOpts.delay_ramp_slope: 0.000000
PlacerOpts.tsu_rel_margin: 1.000000
PlacerOpts.tsu_abs_margin: 0.000000
PlacerOpts.post_place_timing_report_file: 
PlacerOpts.allowed_tiles_for_delay_model: 
PlacerOpts.delay_model_reducer: MIN
PlacerOpts.delay_model_type: DELTA_OVERRIDE
PlacerOpts.rlim_escape_fraction: 0.000000
PlacerOpts.move_stats_file: 
PlacerOpts.placement_saves_per_temperature: 0
PlacerOpts.effort_scaling: CIRCUIT
PlacerOpts.place_delta_delay_matrix_calculation_method: ASTAR_ROUTE
PlaceOpts.seed: 1
AnnealSched.type: AUTO_SCHED
AnnealSched.inner_num: 1.000000

RoutingArch.directionality: BI_DIRECTIONAL
RoutingArch.switch_block_type: WILTON
RoutingArch.Fs: 3

# Load Packing
Begin loading packed FPGA netlist file.
Netlist generated from file 'seq.net'.
Detected 2 constant generators (to see names run with higher pack verbosity)
Finished loading packed FPGA netlist file (took 0.022233 seconds).
# Load Packing took 0.02 seconds (max_rss 43.2 MiB, delta_rss +1.4 MiB)
Warning 1: Netlist contains 0 global net to non-global architecture pin connections
Warning 2: Logic block #54 ($false) has only 1 output pin '$false.GND0_GND[0]'. It may be a constant generator.
Warning 3: Logic block #55 ($true) has only 1 output pin '$true.VCC0_VCC[0]'. It may be a constant generator.

Netlist num_nets: 81
Netlist num_blocks: 56
Netlist EMPTY blocks: 0.
Netlist PB-SYN_GND blocks: 1.
Netlist PB-BIDIR blocks: 9.
Netlist PB-ASSP blocks: 1.
Netlist PB-LOGIC blocks: 44.
Netlist PB-SDIOMUX blocks: 0.
Netlist PB-MULT blocks: 0.
Netlist PB-GMUX blocks: 0.
Netlist PB-CLOCK blocks: 0.
Netlist PB-RAM blocks: 0.
Netlist PB-SYN_VCC blocks: 1.
Netlist inputs pins: 0
Netlist output pins: 27


Pb types usage...
  PB-SYN_GND        : 1
   GND              : 1
  PB-BIDIR          : 9
   BIDIR            : 9
    OUTPUT          : 9
     bidir          : 9
     outpad         : 9
  PB-ASSP           : 1
   ASSP             : 1
  PB-LOGIC          : 44
   LOGIC            : 44
    FRAGS           : 44
     c_frag_modes   : 44
      SINGLE        : 13
       c_frag       : 13
      SPLIT         : 31
       b_frag       : 31
       t_frag       : 30
     f_frag         : 1
     q_frag_modes   : 28
      INT           : 25
       q_frag       : 25
      EXT           : 3
       q_frag       : 3
  PB-SYN_VCC        : 1
   VCC              : 1

# Create Device
## Build Device Grid
FPGA sized to 39 x 35: 1365 grid tiles (ql-eos-s3)

Resource usage...
	Netlist
		1	blocks of type: PB-SYN_GND
	Architecture
		1	blocks of type: TL-SYN_GND
	Netlist
		9	blocks of type: PB-BIDIR
	Architecture
		32	blocks of type: TL-BIDIR
	Netlist
		1	blocks of type: PB-ASSP
	Architecture
		1	blocks of type: TL-ASSP
	Netlist
		44	blocks of type: PB-LOGIC
	Architecture
		891	blocks of type: TL-LOGIC
	Netlist
		0	blocks of type: PB-SDIOMUX
	Architecture
		14	blocks of type: TL-SDIOMUX
	Netlist
		0	blocks of type: PB-MULT
	Architecture
		2	blocks of type: TL-MULT
	Netlist
		0	blocks of type: PB-GMUX
	Architecture
		5	blocks of type: TL-GMUX
	Netlist
		0	blocks of type: PB-CLOCK
	Architecture
		5	blocks of type: TL-CLOCK
	Netlist
		0	blocks of type: PB-RAM
	Architecture
		4	blocks of type: TL-RAM
	Netlist
		1	blocks of type: PB-SYN_VCC
	Architecture
		1	blocks of type: TL-SYN_VCC

Device Utilization: 0.04 (target 1.00)
	Physical Tile TL-LOGIC:
	Block Utilization: 0.05 Logical Block: PB-LOGIC
	Physical Tile TL-RAM:
	Block Utilization: 0.00 Logical Block: PB-RAM
	Physical Tile TL-MULT:
	Block Utilization: 0.00 Logical Block: PB-MULT
	Physical Tile TL-BIDIR:
	Block Utilization: 0.28 Logical Block: PB-BIDIR
	Physical Tile TL-CLOCK:
	Block Utilization: 0.00 Logical Block: PB-CLOCK
	Physical Tile TL-SDIOMUX:
	Block Utilization: 0.00 Logical Block: PB-SDIOMUX
	Physical Tile TL-GMUX:
	Block Utilization: 0.00 Logical Block: PB-GMUX
	Physical Tile TL-ASSP:
	Block Utilization: 1.00 Logical Block: PB-ASSP
	Physical Tile TL-SYN_VCC:
	Block Utilization: 1.00 Logical Block: PB-SYN_VCC
	Physical Tile TL-SYN_GND:
	Block Utilization: 1.00 Logical Block: PB-SYN_GND

## Build Device Grid took 0.00 seconds (max_rss 43.4 MiB, delta_rss +0.0 MiB)
## Loading routing resource graph


## Loading routing resource graph took 0.45 seconds (max_rss 351.4 MiB, delta_rss +307.9 MiB)
  RR Graph Nodes: 1396446
  RR Graph Edges: 2337988
# Create Device took 0.93 seconds (max_rss 354.6 MiB, delta_rss +311.2 MiB)

# Computing router lookahead map
## Computing wire lookahead
Warning 4: Unable to find any sample location for segment CHANX type 'generic' (length 1)
Warning 5: Unable to find any sample location for segment CHANY type 'generic' (length 1)
Warning 6: Unable to find any sample location for segment CHANX type 'pad' (length 1)
Warning 7: Unable to find any sample location for segment CHANY type 'pad' (length 1)
## Computing wire lookahead took 16.07 seconds (max_rss 354.6 MiB, delta_rss +0.0 MiB)
## Computing src/opin lookahead
## Computing src/opin lookahead took 0.00 seconds (max_rss 354.6 MiB, delta_rss +0.0 MiB)
# Computing router lookahead map took 16.07 seconds (max_rss 354.6 MiB, delta_rss +0.0 MiB)
# Placement
## Computing placement delta delay look-up
  RR Graph Nodes: 1396446
  RR Graph Edges: 2337988
## Computing placement delta delay look-up took 0.50 seconds (max_rss 403.8 MiB, delta_rss +49.2 MiB)
Warning 8: CHANX place cost fac is 0 at 2 2
Warning 9: CHANX place cost fac is 0 at 34 34
Warning 10: CHANY place cost fac is 0 at 38 38
## Initial Placement
Reading seq_constraints.place.

Successfully read seq_constraints.place.

## Initial Placement took 0.00 seconds (max_rss 403.8 MiB, delta_rss +0.0 MiB)

There are 928 point to point connections in this circuit.


BB estimate of min-dist (placement) wire length: 3623

Completed placement consistency check successfully.
Initial placement cost: 1 bb_cost: 5.4199 td_cost: 1.384e-06
Initial placement estimated Critical Path Delay (CPD): 96.928 ns
Initial placement estimated setup Total Negative Slack (sTNS): -2444.71 ns
Initial placement estimated setup Worst Negative Slack (sWNS): -96.928 ns

Initial placement estimated setup slack histogram:
[ -9.7e-08:   -9e-08) 20 ( 71.4%) |************************************************
[   -9e-08: -8.2e-08)  6 ( 21.4%) |**************
[ -8.2e-08: -7.5e-08)  0 (  0.0%) |
[ -7.5e-08: -6.8e-08)  0 (  0.0%) |
[ -6.8e-08:   -6e-08)  0 (  0.0%) |
[   -6e-08: -5.3e-08)  0 (  0.0%) |
[ -5.3e-08: -4.6e-08)  0 (  0.0%) |
[ -4.6e-08: -3.8e-08)  0 (  0.0%) |
[ -3.8e-08: -3.1e-08)  1 (  3.6%) |**
[ -3.1e-08: -2.4e-08)  1 (  3.6%) |**
Placement contains 0 placement macros involving 0 blocks (average macro size -nan)

Moves per temperature: 214
Warning 11: Starting t: 55 of 56 configurations accepted.

---- ------ ------- ------- ---------- ---------- ------- ---------- -------- ------- ------- ------ -------- --------- ------
Tnum   Time       T Av Cost Av BB Cost Av TD Cost     CPD       sTNS     sWNS Ac Rate Std Dev  R lim Crit Exp Tot Moves  Alpha
      (sec)                                          (ns)       (ns)     (ns)                                                 
---- ------ ------- ------- ---------- ---------- ------- ---------- -------- ------- ------- ------ -------- --------- ------
   1    0.0 3.4e-01   1.014       5.70 1.3101e-06 113.714  -2.82e+03 -113.714   0.935  0.0238   38.0     1.00       214  0.200
   2    0.0 3.0e-01   0.983       5.75 1.3887e-06 105.952   -2.6e+03 -105.952   0.902  0.0231   38.0     1.00       428  0.900
   3    0.0 2.7e-01   0.960       5.70 1.3903e-06 103.904  -2.55e+03 -103.904   0.935  0.0256   38.0     1.00       642  0.900
   4    0.0 2.5e-01   0.947       5.67 1.3198e-06 115.225  -2.83e+03 -115.225   0.883  0.0217   38.0     1.00       856  0.900
   5    0.0 2.2e-01   1.006       5.75 1.424e-06  104.158  -2.49e+03 -104.158   0.916  0.0254   38.0     1.00      1070  0.900
   6    0.0 2.0e-01   0.967       5.60 1.3409e-06 109.131  -2.59e+03 -109.131   0.888  0.0381   38.0     1.00      1284  0.900
   7    0.0 1.8e-01   0.982       5.41 1.2391e-06 114.545  -2.87e+03 -114.545   0.925  0.0282   38.0     1.00      1498  0.900
   8    0.0 1.6e-01   1.091       5.64 1.3328e-06  93.754  -2.28e+03  -93.754   0.921  0.0412   38.0     1.00      1712  0.900
   9    0.0 1.5e-01   1.031       5.64 1.2796e-06 120.762  -2.88e+03 -120.762   0.925  0.0270   38.0     1.00      1926  0.900
  10    0.0 1.3e-01   0.990       5.42 1.2731e-06 112.095  -2.69e+03 -112.095   0.925  0.0201   38.0     1.00      2140  0.900
  11    0.0 1.2e-01   0.959       5.41 1.2384e-06 115.563  -2.82e+03 -115.563   0.930  0.0238   38.0     1.00      2354  0.900
  12    0.0 1.1e-01   1.041       5.53 1.346e-06  101.055  -2.43e+03 -101.055   0.930  0.0329   38.0     1.00      2568  0.900
  13    0.0 9.5e-02   0.978       5.55 1.3558e-06  98.158  -2.43e+03  -98.158   0.925  0.0279   38.0     1.00      2782  0.900
  14    0.0 8.6e-02   1.050       5.49 1.3379e-06 102.371   -2.5e+03 -102.371   0.902  0.0396   38.0     1.00      2996  0.900
  15    0.0 7.7e-02   1.055       5.57 1.297e-06  100.070  -2.43e+03 -100.070   0.874  0.0203   38.0     1.00      3210  0.900
  16    0.0 7.0e-02   0.997       5.74 1.3587e-06  97.241  -2.29e+03  -97.241   0.855  0.0237   38.0     1.00      3424  0.900
  17    0.0 6.3e-02   1.004       5.52 1.2666e-06 113.230  -2.74e+03 -113.230   0.921  0.0257   38.0     1.00      3638  0.900
  18    0.0 5.6e-02   0.957       5.47 1.3439e-06 104.413  -2.57e+03 -104.413   0.883  0.0237   38.0     1.00      3852  0.900
  19    0.0 5.1e-02   1.067       5.67 1.3705e-06 103.704  -2.52e+03 -103.704   0.897  0.0471   38.0     1.00      4066  0.900
  20    0.0 4.6e-02   1.013       5.43 1.2895e-06 105.527   -2.5e+03 -105.527   0.888  0.0286   38.0     1.00      4280  0.900
  21    0.0 4.1e-02   1.003       5.49 1.2879e-06 109.535   -2.6e+03 -109.535   0.883  0.0266   38.0     1.00      4494  0.900
  22    0.0 3.7e-02   0.992       5.23 1.2565e-06 106.072  -2.61e+03 -106.072   0.841  0.0321   38.0     1.00      4708  0.900
  23    0.0 3.3e-02   1.014       5.42 1.3156e-06 102.546  -2.46e+03 -102.546   0.874  0.0346   38.0     1.00      4922  0.900
  24    0.0 3.0e-02   0.995       5.24 1.2372e-06 112.996  -2.67e+03 -112.996   0.832  0.0343   38.0     1.00      5136  0.900
  25    0.0 2.7e-02   1.035       5.40 1.3043e-06  93.456  -2.22e+03  -93.456   0.836  0.0363   38.0     1.00      5350  0.900
  26    0.0 2.4e-02   0.989       5.45 1.273e-06  106.082  -2.65e+03 -106.082   0.766  0.0433   38.0     1.00      5564  0.900
  27    0.0 2.3e-02   0.998       5.48 1.3245e-06 106.794  -2.63e+03 -106.794   0.804  0.0188   38.0     1.00      5778  0.950
  28    0.0 2.1e-02   0.965       5.31 1.2039e-06 109.619  -2.46e+03 -109.619   0.692  0.0312   38.0     1.00      5992  0.900
  29    0.0 2.0e-02   0.979       5.37 1.2144e-06 105.506  -2.45e+03 -105.506   0.785  0.0256   38.0     1.00      6206  0.950
  30    0.0 1.9e-02   1.068       5.42 1.25e-06   106.847   -2.5e+03 -106.847   0.720  0.0330   38.0     1.00      6420  0.950
  31    0.0 1.8e-02   0.942       5.26 1.1777e-06 107.065  -2.58e+03 -107.065   0.738  0.0302   38.0     1.00      6634  0.950
  32    0.0 1.7e-02   0.985       5.17 1.2379e-06 101.797  -2.55e+03 -101.797   0.734  0.0236   38.0     1.00      6848  0.950
  33    0.0 1.6e-02   0.964       5.26 1.2563e-06  97.521  -2.41e+03  -97.521   0.785  0.0301   38.0     1.00      7062  0.950
  34    0.0 1.5e-02   1.012       5.28 1.2733e-06  97.093  -2.37e+03  -97.093   0.738  0.0231   38.0     1.00      7276  0.950
  35    0.0 1.4e-02   0.989       5.29 1.2067e-06 107.442  -2.53e+03 -107.442   0.710  0.0171   38.0     1.00      7490  0.950
  36    0.0 1.4e-02   1.003       5.10 1.2007e-06 105.621  -2.56e+03 -105.621   0.664  0.0284   38.0     1.00      7704  0.950
  37    0.0 1.3e-02   1.011       5.07 1.2151e-06  97.463  -2.24e+03  -97.463   0.659  0.0370   38.0     1.00      7918  0.950
  38    0.0 1.2e-02   0.970       5.18 1.2142e-06 113.643  -2.84e+03 -113.643   0.706  0.0337   38.0     1.00      8132  0.950
  39    0.0 1.2e-02   0.993       4.85 1.1877e-06  99.946  -2.48e+03  -99.946   0.612  0.0210   38.0     1.00      8346  0.950
  40    0.0 1.1e-02   0.994       4.80 1.1491e-06  95.186  -2.26e+03  -95.186   0.551  0.0313   38.0     1.00      8560  0.950
  41    0.0 1.1e-02   1.032       5.04 1.1827e-06 110.337  -2.77e+03 -110.337   0.696  0.0280   38.0     1.00      8774  0.950
  42    0.0 1.0e-02   0.923       4.93 1.1772e-06  93.340  -2.27e+03  -93.340   0.598  0.0180   38.0     1.00      8988  0.950
  43    0.0 9.6e-03   0.998       4.96 1.1501e-06 103.279  -2.47e+03 -103.279   0.598  0.0180   38.0     1.00      9202  0.950
  44    0.0 9.1e-03   0.932       4.71 1.0083e-06 109.682  -2.59e+03 -109.682   0.500  0.0308   38.0     1.00      9416  0.950
  45    0.0 8.7e-03   1.008       4.58 1.0951e-06  86.757  -2.14e+03  -86.757   0.458  0.0188   38.0     1.00      9630  0.950
  46    0.0 8.2e-03   1.009       4.44 1.0767e-06  92.634   -2.3e+03  -92.634   0.500  0.0240   38.0     1.00      9844  0.950
  47    0.0 7.8e-03   1.033       4.50 1.0746e-06  92.855  -2.11e+03  -92.855   0.477  0.0193   38.0     1.00     10058  0.950
  48    0.0 7.4e-03   0.987       4.55 1.0791e-06  92.626  -2.16e+03  -92.626   0.481  0.0201   38.0     1.00     10272  0.950
  49    0.0 7.1e-03   1.010       4.70 1.1002e-06  93.603  -2.21e+03  -93.603   0.500  0.0203   38.0     1.00     10486  0.950
  50    0.0 6.7e-03   0.972       4.45 1.0552e-06  94.521  -2.26e+03  -94.521   0.402  0.0141   38.0     1.00     10700  0.950
  51    0.0 6.4e-03   0.981       4.28 9.7022e-07  87.366  -2.17e+03  -87.366   0.402  0.0187   36.6     1.27     10914  0.950
  52    0.0 6.1e-03   0.980       4.02 8.6551e-07  80.096  -1.96e+03  -80.096   0.322  0.0178   35.2     1.54     11128  0.950
  53    0.0 5.8e-03   1.003       3.92 7.6036e-07  72.451  -1.78e+03  -72.451   0.285  0.0139   31.0     2.32     11342  0.950
  54    0.0 5.5e-03   1.007       3.85 6.1581e-07  75.298   -1.9e+03  -75.298   0.252  0.0257   26.2     3.23     11556  0.950
  55    0.0 5.2e-03   1.034       4.04 5.4394e-07  76.593  -1.87e+03  -76.593   0.285  0.0253   21.3     4.16     11770  0.950
  56    0.0 4.9e-03   0.978       4.02 4.1337e-07  88.204  -2.06e+03  -88.204   0.350  0.0166   18.0     4.78     11984  0.950
  57    0.0 4.7e-03   0.974       3.86 4.1964e-07  85.396  -2.03e+03  -85.396   0.290  0.0228   16.4     5.09     12198  0.950
  58    0.0 4.5e-03   1.005       3.76 3.854e-07   76.599  -1.87e+03  -76.599   0.294  0.0114   13.9     5.56     12412  0.950
  59    0.0 4.2e-03   0.992       3.56 3.8609e-07  74.467  -1.83e+03  -74.467   0.220  0.0193   11.9     5.94     12626  0.950
  60    0.0 4.0e-03   0.995       3.42 3.8561e-07  66.582  -1.64e+03  -66.582   0.313  0.0153    9.3     6.43     12840  0.950
  61    0.0 3.8e-03   1.013       3.66 3.9717e-07  71.864  -1.81e+03  -71.864   0.402  0.0147    8.1     6.66     13054  0.950
  62    0.0 3.6e-03   1.000       3.68 3.7077e-07  73.933  -1.83e+03  -73.933   0.421  0.0154    7.8     6.72     13268  0.950
  63    0.0 3.4e-03   0.970       3.57 3.8195e-07  67.678  -1.65e+03  -67.678   0.364  0.0183    7.6     6.74     13482  0.950
  64    0.0 3.3e-03   0.983       3.47 4.274e-07   65.331  -1.64e+03  -65.331   0.294  0.0094    7.1     6.85     13696  0.950
  65    0.0 3.1e-03   0.969       3.40 3.475e-07   70.869  -1.72e+03  -70.869   0.407  0.0164    6.0     7.05     13910  0.950
  66    0.0 3.0e-03   0.963       3.22 3.6285e-07  62.329  -1.56e+03  -62.329   0.407  0.0223    5.8     7.09     14124  0.950
  67    0.0 2.8e-03   1.011       3.12 3.7671e-07  55.695  -1.41e+03  -55.695   0.322  0.0078    5.6     7.12     14338  0.950
  68    0.0 2.7e-03   0.972       3.09 3.1158e-07  65.285  -1.65e+03  -65.285   0.421  0.0102    5.0     7.25     14552  0.950
  69    0.0 2.5e-03   0.998       3.09 3.2044e-07  63.119  -1.56e+03  -63.119   0.332  0.0061    4.9     7.27     14766  0.950
  70    0.0 2.4e-03   0.986       3.05 2.99e-07    64.139   -1.6e+03  -64.139   0.355  0.0068    4.3     7.37     14980  0.950
  71    0.0 2.3e-03   0.998       3.11 3.2471e-07  57.432  -1.44e+03  -57.432   0.304  0.0058    4.0     7.44     15194  0.950
  72    0.0 2.2e-03   0.969       3.04 3.28e-07    59.378   -1.5e+03  -59.378   0.336  0.0116    3.4     7.54     15408  0.950
  73    0.0 2.1e-03   0.997       3.02 3.1631e-07  58.823  -1.47e+03  -58.823   0.294  0.0104    3.1     7.61     15622  0.950
  74    0.0 2.0e-03   0.993       3.02 2.9857e-07  60.920  -1.53e+03  -60.920   0.425  0.0072    2.6     7.69     15836  0.950
  75    0.0 1.9e-03   1.009       3.02 3.0382e-07  60.442  -1.51e+03  -60.442   0.393  0.0077    2.6     7.70     16050  0.950
  76    0.0 1.8e-03   0.982       2.95 2.9468e-07  60.096  -1.54e+03  -60.096   0.350  0.0093    2.5     7.72     16264  0.950
  77    0.0 1.7e-03   0.986       2.90 3.2894e-07  56.121  -1.45e+03  -56.121   0.313  0.0084    2.2     7.76     16478  0.950
  78    0.0 1.6e-03   1.010       2.88 3.0293e-07  58.632  -1.48e+03  -58.632   0.402  0.0045    2.0     7.82     16692  0.950
  79    0.0 1.5e-03   0.997       2.87 3.0103e-07  59.598  -1.51e+03  -59.598   0.449  0.0095    1.9     7.83     16906  0.950
  80    0.0 1.4e-03   0.997       2.82 3.018e-07   56.726  -1.45e+03  -56.726   0.322  0.0037    1.9     7.83     17120  0.950
  81    0.0 1.4e-03   0.995       2.79 3.1566e-07  55.184  -1.39e+03  -55.184   0.327  0.0043    1.7     7.87     17334  0.950
  82    0.0 1.3e-03   1.001       2.78 2.8024e-07  57.830  -1.45e+03  -57.830   0.350  0.0060    1.5     7.91     17548  0.950
  83    0.0 1.2e-03   0.996       2.80 2.8605e-07  55.277   -1.4e+03  -55.277   0.355  0.0047    1.4     7.93     17762  0.950
  84    0.0 1.2e-03   0.991       2.80 2.8941e-07  55.256  -1.39e+03  -55.256   0.285  0.0047    1.2     7.95     17976  0.950
  85    0.0 1.1e-03   0.985       2.78 2.6607e-07  58.661  -1.46e+03  -58.661   0.327  0.0074    1.1     7.99     18190  0.950
  86    0.0 1.1e-03   0.987       2.74 2.5854e-07  57.184  -1.42e+03  -57.184   0.257  0.0061    1.0     8.00     18404  0.950
  87    0.0 1.0e-03   0.989       2.70 2.8393e-07  56.018  -1.42e+03  -56.018   0.234  0.0048    1.0     8.00     18618  0.950
  88    0.0 9.6e-04   0.995       2.67 2.7587e-07  56.867  -1.45e+03  -56.867   0.243  0.0022    1.0     8.00     18832  0.950
  89    0.0 9.1e-04   0.981       2.63 3.0028e-07  55.167  -1.41e+03  -55.167   0.178  0.0083    1.0     8.00     19046  0.950
  90    0.0 8.6e-04   0.997       2.61 2.429e-07   57.570  -1.43e+03  -57.570   0.159  0.0026    1.0     8.00     19260  0.950
  91    0.0 8.2e-04   1.000       2.64 2.8531e-07  54.219  -1.39e+03  -54.219   0.173  0.0020    1.0     8.00     19474  0.950
  92    0.0 7.8e-04   1.004       2.66 2.8613e-07  53.384  -1.35e+03  -53.384   0.168  0.0028    1.0     8.00     19688  0.950
  93    0.0 7.4e-04   0.994       2.66 2.7204e-07  55.320  -1.39e+03  -55.320   0.187  0.0022    1.0     8.00     19902  0.950
  94    0.0 7.0e-04   1.005       2.68 2.7711e-07  52.277  -1.31e+03  -52.277   0.173  0.0025    1.0     8.00     20116  0.950
  95    0.0 6.7e-04   1.001       2.68 2.8495e-07  56.890  -1.43e+03  -56.890   0.234  0.0022    1.0     8.00     20330  0.950
  96    0.0 6.3e-04   0.991       2.65 3.0156e-07  56.878  -1.45e+03  -56.878   0.187  0.0084    1.0     8.00     20544  0.950
  97    0.0 6.0e-04   0.996       2.62 2.8981e-07  55.921  -1.43e+03  -55.921   0.150  0.0044    1.0     8.00     20758  0.950
  98    0.0 4.8e-04   0.999       2.61 2.6759e-07  53.580  -1.36e+03  -53.580   0.103  0.0019    1.0     8.00     20972  0.800
  99    0.0 3.9e-04   0.995       2.61 2.673e-07   54.363  -1.37e+03  -54.363   0.103  0.0044    1.0     8.00     21186  0.800
 100    0.0 3.1e-04   0.998       2.61 2.6919e-07  53.558  -1.36e+03  -53.558   0.047  0.0009    1.0     8.00     21400  0.800
 101    0.0 2.5e-04   0.997       2.60 2.6743e-07  53.568  -1.36e+03  -53.568   0.051  0.0013    1.0     8.00     21614  0.800
 102    0.0 2.0e-04   1.000       2.59 2.692e-07   53.360  -1.35e+03  -53.360   0.065  0.0002    1.0     8.00     21828  0.800
 103    0.0 1.6e-04   0.999       2.59 2.6904e-07  53.360  -1.35e+03  -53.360   0.056  0.0005    1.0     8.00     22042  0.800
 104    0.0 1.3e-04   0.999       2.60 2.7524e-07  53.568  -1.36e+03  -53.568   0.047  0.0005    1.0     8.00     22256  0.800
 105    0.0 1.0e-04   0.999       2.59 2.7381e-07  53.163  -1.36e+03  -53.163   0.042  0.0008    1.0     8.00     22470  0.800
 106    0.0 8.1e-05   1.000       2.59 2.7611e-07  53.568  -1.36e+03  -53.568   0.014  0.0002    1.0     8.00     22684  0.800
 107    0.0 6.5e-05   0.998       2.59 2.6725e-07  54.569  -1.39e+03  -54.569   0.033  0.0006    1.0     8.00     22898  0.800
 108    0.0 0.0e+00   0.998       2.59 2.7057e-07  54.058  -1.38e+03  -54.058   0.028  0.0010    1.0     8.00     23112  0.800
## Placement Quench took 0.00 seconds (max_rss 403.8 MiB)

BB estimate of min-dist (placement) wire length: 1716

Completed placement consistency check successfully.

Swaps called: 23168

Aborted Move Reasons:
  No moves aborted

Placement estimated critical path delay (least slack): 53.2725 ns, Fmax: 18.7714 MHz
Placement estimated setup Worst Negative Slack (sWNS): -53.2725 ns
Placement estimated setup Total Negative Slack (sTNS): -1359.77 ns

Placement estimated setup slack histogram:
[ -5.3e-08: -4.9e-08) 25 ( 89.3%) |************************************************
[ -4.9e-08: -4.4e-08)  1 (  3.6%) |**
[ -4.4e-08: -3.9e-08)  0 (  0.0%) |
[ -3.9e-08: -3.5e-08)  0 (  0.0%) |
[ -3.5e-08:   -3e-08)  0 (  0.0%) |
[   -3e-08: -2.6e-08)  1 (  3.6%) |**
[ -2.6e-08: -2.1e-08)  0 (  0.0%) |
[ -2.1e-08: -1.7e-08)  0 (  0.0%) |
[ -1.7e-08: -1.2e-08)  0 (  0.0%) |
[ -1.2e-08: -7.3e-09)  1 (  3.6%) |**

Placement estimated geomean non-virtual intra-domain period: 53.2725 ns (18.7714 MHz)
Placement estimated fanout-weighted geomean non-virtual intra-domain period: 53.2725 ns (18.7714 MHz)

Placement cost: 0.997288, bb_cost: 2.5884, td_cost: 2.7246e-07, 

Placement resource usage:
  PB-SYN_GND implemented as TL-SYN_GND: 1
  PB-BIDIR   implemented as TL-BIDIR  : 9
  PB-ASSP    implemented as TL-ASSP   : 1
  PB-LOGIC   implemented as TL-LOGIC  : 44
  PB-SYN_VCC implemented as TL-SYN_VCC: 1

Placement number of temperatures: 108
Placement total # of swap attempts: 23168
	Swaps accepted: 11440 (49.4 %)
	Swaps rejected: 10242 (44.2 %)
	Swaps aborted :  1486 ( 6.4 %)
Placement Quench timing analysis took 0.000193608 seconds (0.000150713 STA, 4.2895e-05 slack) (1 full updates: 1 setup, 0 hold, 0 combined).
Placement Total  timing analysis took 0.021796 seconds (0.0171729 STA, 0.00462309 slack) (110 full updates: 110 setup, 0 hold, 0 combined).
update_td_costs: connections 0 nets 0 sum_nets 0 total 0
Incr Slack updates 110 in 0.00160245 sec
Full Max Req/Worst Slack updates 89 in 0.000182417 sec
Incr Max Req/Worst Slack updates 21 in 4.534e-05 sec
Incr Criticality updates 1 in 1.6901e-05 sec
Full Criticality updates 109 in 0.00242558 sec
# Placement took 0.57 seconds (max_rss 403.8 MiB, delta_rss +49.2 MiB)

Flow timing analysis took 0.021796 seconds (0.0171729 STA, 0.00462309 slack) (110 full updates: 110 setup, 0 hold, 0 combined).
VPR succeeded
The entire flow of VPR took 17.99 seconds (max_rss 403.8 MiB)
