VPR FPGA Placement and Routing.
Version: 8.1.0-dev+dadca7ecf
Revision: v8.0.0-rc2-2894-gdadca7ecf
Compiled: 2020-10-14T15:08:54
Compiler: GNU 7.3.0 on Linux-4.15.0-1028-gcp x86_64
Build Info: Release IPO VTR_ASSERT_LEVEL=2

University of Toronto
verilogtorouting.org
vtr-users@googlegroups.com
This is free open source code under MIT license.

VPR was run with the following command-line:
vpr /home/veeracharyulu/qorc-sdk/fpga_toolchain_install/v1.3.1/quicklogic-arch-defs/share/arch/ql-eos-s3_wlcsp/arch.timing.xml seq.eblif --device ql-eos-s3 --max_router_iterations 500 --routing_failure_predictor off --router_high_fanout_threshold -1 --constant_net_method route --route_chan_width 100 --clock_modeling route --place_delay_model delta_override --router_lookahead map --check_route quick --strict_checks off --allow_dangling_combinational_nodes on --disable_errors check_unbuffered_edges:check_route --congested_routing_iteration_threshold 0.8 --incremental_reroute_delay_ripup off --base_cost_type delay_normalized_length_bounded --bb_factor 10 --initial_pres_fac 4.0 --check_rr_graph off --suppress_warnings ,sum_pin_class:check_unbuffered_edges:load_rr_indexed_data_T_values:check_rr_node:trans_per_R:check_route:set_rr_graph_tool_comment:warn_model_missing_timing --read_rr_graph /home/veeracharyulu/qorc-sdk/fpga_toolchain_install/v1.3.1/quicklogic-arch-defs/share/arch/ql-eos-s3_wlcsp/rr_graph_ql-eos-s3_wlcsp.rr_graph.real.bin --read_placement_delay_lookup /home/veeracharyulu/qorc-sdk/fpga_toolchain_install/v1.3.1/quicklogic-arch-defs/share/arch/ql-eos-s3_wlcsp/rr_graph_ql-eos-s3_wlcsp.place_delay.bin --sdc_file /home/veeracharyulu/qorc-sdk/vaman/trunk/fpga/seq/build/seq_dummy.sdc --route

Using up to 1 parallel worker(s)

Architecture file: /home/veeracharyulu/qorc-sdk/fpga_toolchain_install/v1.3.1/quicklogic-arch-defs/share/arch/ql-eos-s3_wlcsp/arch.timing.xml
Circuit name: seq

# Loading Architecture Description
# Loading Architecture Description took 0.31 seconds (max_rss 30.8 MiB, delta_rss +24.7 MiB)
# Building complex block graph
# Building complex block graph took 0.06 seconds (max_rss 39.6 MiB, delta_rss +8.7 MiB)
# Load circuit
# Load circuit took 0.01 seconds (max_rss 40.8 MiB, delta_rss +1.2 MiB)
# Clean circuit
Absorbed 827 LUT buffers
Inferred  106 additional primitive pins as constant generators since they have no combinationally connected inputs
Inferred   45 additional primitive pins as constant generators due to constant inputs
Inferred    0 additional primitive pins as constant generators since they have no combinationally connected inputs
Inferred    0 additional primitive pins as constant generators due to constant inputs
Inferred    0 additional primitive pins as constant generators since they have no combinationally connected inputs
Inferred    0 additional primitive pins as constant generators due to constant inputs
Swept input(s)      : 1
Swept output(s)     : 0 (0 dangling, 0 constant)
Swept net(s)        : 142
Swept block(s)      : 1
Constant Pins Marked: 151
# Clean circuit took 0.00 seconds (max_rss 41.7 MiB, delta_rss +0.9 MiB)
# Compress circuit
# Compress circuit took 0.00 seconds (max_rss 41.7 MiB, delta_rss +0.0 MiB)
# Verify circuit
# Verify circuit took 0.00 seconds (max_rss 41.7 MiB, delta_rss +0.0 MiB)
Circuit Statistics:
  Blocks: 124
    .output   :       9
    ASSP      :       1
    BIDIR_CELL:       9
    C_FRAG    :      13
    F_FRAG    :       1
    GND       :       1
    Q_FRAG    :      28
    T_FRAG    :      61
    VCC       :       1
  Nets  : 115
    Avg Fanout:     8.6
    Max Fanout:   466.0
    Min Fanout:     1.0
  Netlist Clocks: 1
# Build Timing Graph
  Timing Graph Nodes: 1107
  Timing Graph Edges: 1749
  Timing Graph Levels: 24
# Build Timing Graph took 0.00 seconds (max_rss 41.7 MiB, delta_rss +0.0 MiB)
Netlist contains 1 clocks
  Netlist Clock 'clk' Fanout: 28 pins (2.5%), 28 blocks (22.6%)
# Load Timing Constraints

SDC file '/home/veeracharyulu/qorc-sdk/vaman/trunk/fpga/seq/build/seq_dummy.sdc' contained no SDC commands
Setting default timing constraints:
   * constrain all primay inputs and primary outputs on netlist clock 'clk'
   * optimize netlist clock to run as fast as possible
Timing constraints created 1 clocks
  Constrained Clock 'clk' Source: 'u_qlal4s3b_cell_macro.Sys_Clk0[0]'

# Load Timing Constraints took 0.00 seconds (max_rss 41.7 MiB, delta_rss +0.0 MiB)
Timing analysis: ON
Circuit netlist file: seq.net
Circuit placement file: seq.place
Circuit routing file: seq.route
Circuit SDC file: /home/veeracharyulu/qorc-sdk/vaman/trunk/fpga/seq/build/seq_dummy.sdc

Packer: ENABLED
Placer: ENABLED
Router: ENABLED
Analysis: ENABLED

NetlistOpts.abosrb_buffer_luts            : true
NetlistOpts.sweep_dangling_primary_ios    : true
NetlistOpts.sweep_dangling_nets           : true
NetlistOpts.sweep_dangling_blocks         : true
NetlistOpts.sweep_constant_primary_outputs: false
NetlistOpts.netlist_verbosity             : 1
NetlistOpts.const_gen_inference           : COMB_SEQ

PackerOpts.allow_unrelated_clustering: auto
PackerOpts.alpha_clustering: 0.750000
PackerOpts.beta_clustering: 0.900000
PackerOpts.cluster_seed_type: BLEND2
PackerOpts.connection_driven: true
PackerOpts.global_clocks: true
PackerOpts.hill_climbing_flag: false
PackerOpts.inter_cluster_net_delay: 1.000000
PackerOpts.timing_driven: true
PackerOpts.target_external_pin_util: auto

PlacerOpts.place_freq: PLACE_ONCE
PlacerOpts.place_algorithm: CRITICALITY_TIMING_PLACE
PlacerOpts.pad_loc_type: FREE
PlacerOpts.constraints_file: No constraints file given
PlacerOpts.place_cost_exp: 1.000000
PlacerOpts.place_chan_width: 100
PlacerOpts.inner_loop_recompute_divider: 0
PlacerOpts.recompute_crit_iter: 1
PlacerOpts.timing_tradeoff: 0.500000
PlacerOpts.td_place_exp_first: 1.000000
PlacerOpts.td_place_exp_last: 8.000000
PlacerOpts.delay_offset: 0.000000
PlacerOpts.delay_ramp_delta_threshold: -1
PlacerOpts.delay_ramp_slope: 0.000000
PlacerOpts.tsu_rel_margin: 1.000000
PlacerOpts.tsu_abs_margin: 0.000000
PlacerOpts.post_place_timing_report_file: 
PlacerOpts.allowed_tiles_for_delay_model: 
PlacerOpts.delay_model_reducer: MIN
PlacerOpts.delay_model_type: DELTA_OVERRIDE
PlacerOpts.rlim_escape_fraction: 0.000000
PlacerOpts.move_stats_file: 
PlacerOpts.placement_saves_per_temperature: 0
PlacerOpts.effort_scaling: CIRCUIT
PlacerOpts.place_delta_delay_matrix_calculation_method: ASTAR_ROUTE
PlaceOpts.seed: 1
AnnealSched.type: AUTO_SCHED
AnnealSched.inner_num: 1.000000

RouterOpts.route_type: DETAILED
RouterOpts.router_algorithm: TIMING_DRIVEN
RouterOpts.base_cost_type: DELAY_NORMALIZED_LENGTH_BOUNDED
RouterOpts.fixed_channel_width: 100
RouterOpts.check_route: QUICK
RouterOpts.trim_empty_chan: false
RouterOpts.trim_obs_chan: false
RouterOpts.acc_fac: 1.000000
RouterOpts.bb_factor: 10
RouterOpts.bend_cost: 0.000000
RouterOpts.first_iter_pres_fac: 0.000000
RouterOpts.initial_pres_fac: 4.000000
RouterOpts.pres_fac_mult: 1.300000
RouterOpts.max_router_iterations: 500
RouterOpts.min_incremental_reroute_fanout: 16
RouterOpts.do_check_rr_graph: false
RouterOpts.verify_binary_search: false
RouterOpts.min_channel_width_hint: 0
RouterOpts.read_rr_edge_metadata: false
RouterOpts.exit_after_first_routing_iteration: false
RouterOpts.astar_fac: 1.200000
RouterOpts.criticality_exp: 1.000000
RouterOpts.max_criticality: 0.990000
RouterOpts.init_wirelength_abort_threshold: 0.850000
RouterOpts.save_routing_per_iteration: false
RouterOpts.congested_routing_iteration_threshold_frac: 0.800000
RouterOpts.high_fanout_threshold: -1
RouterOpts.router_debug_net: -2
RouterOpts.router_debug_sink_rr: -2
RouterOpts.router_debug_iteration: -2
RouterOpts.max_convergence_count: 1
RouterOpts.reconvergence_cpd_threshold: 0.990000
RouterOpts.update_lower_bound_delays: true
RouterOpts.first_iteration_timing_report_file: 
RouterOpts.incr_reroute_delay_ripup: OFF
RouterOpts.route_bb_update: DYNAMIC
RouterOpts.lookahead_type: MAP
RouterOpts.initial_timing: LOOKAHEAD
RouterOpts.router_heap: BINARY_HEAP
RouterOpts.routing_failure_predictor = OFF
RouterOpts.routing_budgets_algorithm = DISABLE

AnalysisOpts.gen_post_synthesis_netlist: false
AnalysisOpts.timing_report_npaths: 100
AnalysisOpts.timing_report_skew: false
AnalysisOpts.echo_dot_timing_graph_node: -1
AnalysisOpts.timing_report_detail: NETLIST

RoutingArch.directionality: BI_DIRECTIONAL
RoutingArch.switch_block_type: WILTON
RoutingArch.Fs: 3

# Load Packing
Begin loading packed FPGA netlist file.
Netlist generated from file 'seq.net'.
Detected 2 constant generators (to see names run with higher pack verbosity)
Finished loading packed FPGA netlist file (took 0.02265 seconds).
# Load Packing took 0.02 seconds (max_rss 43.1 MiB, delta_rss +1.4 MiB)
Warning 1: Netlist contains 0 global net to non-global architecture pin connections
Warning 2: Logic block #54 ($false) has only 1 output pin '$false.GND0_GND[0]'. It may be a constant generator.
Warning 3: Logic block #55 ($true) has only 1 output pin '$true.VCC0_VCC[0]'. It may be a constant generator.

Netlist num_nets: 81
Netlist num_blocks: 56
Netlist EMPTY blocks: 0.
Netlist PB-SYN_GND blocks: 1.
Netlist PB-BIDIR blocks: 9.
Netlist PB-ASSP blocks: 1.
Netlist PB-LOGIC blocks: 44.
Netlist PB-SDIOMUX blocks: 0.
Netlist PB-MULT blocks: 0.
Netlist PB-GMUX blocks: 0.
Netlist PB-CLOCK blocks: 0.
Netlist PB-RAM blocks: 0.
Netlist PB-SYN_VCC blocks: 1.
Netlist inputs pins: 0
Netlist output pins: 27


Pb types usage...
  PB-SYN_GND        : 1
   GND              : 1
  PB-BIDIR          : 9
   BIDIR            : 9
    OUTPUT          : 9
     bidir          : 9
     outpad         : 9
  PB-ASSP           : 1
   ASSP             : 1
  PB-LOGIC          : 44
   LOGIC            : 44
    FRAGS           : 44
     c_frag_modes   : 44
      SINGLE        : 13
       c_frag       : 13
      SPLIT         : 31
       b_frag       : 31
       t_frag       : 30
     f_frag         : 1
     q_frag_modes   : 28
      INT           : 25
       q_frag       : 25
      EXT           : 3
       q_frag       : 3
  PB-SYN_VCC        : 1
   VCC              : 1

# Create Device
## Build Device Grid
FPGA sized to 39 x 35: 1365 grid tiles (ql-eos-s3)

Resource usage...
	Netlist
		1	blocks of type: PB-SYN_GND
	Architecture
		1	blocks of type: TL-SYN_GND
	Netlist
		9	blocks of type: PB-BIDIR
	Architecture
		32	blocks of type: TL-BIDIR
	Netlist
		1	blocks of type: PB-ASSP
	Architecture
		1	blocks of type: TL-ASSP
	Netlist
		44	blocks of type: PB-LOGIC
	Architecture
		891	blocks of type: TL-LOGIC
	Netlist
		0	blocks of type: PB-SDIOMUX
	Architecture
		14	blocks of type: TL-SDIOMUX
	Netlist
		0	blocks of type: PB-MULT
	Architecture
		2	blocks of type: TL-MULT
	Netlist
		0	blocks of type: PB-GMUX
	Architecture
		5	blocks of type: TL-GMUX
	Netlist
		0	blocks of type: PB-CLOCK
	Architecture
		5	blocks of type: TL-CLOCK
	Netlist
		0	blocks of type: PB-RAM
	Architecture
		4	blocks of type: TL-RAM
	Netlist
		1	blocks of type: PB-SYN_VCC
	Architecture
		1	blocks of type: TL-SYN_VCC

Device Utilization: 0.04 (target 1.00)
	Physical Tile TL-LOGIC:
	Block Utilization: 0.05 Logical Block: PB-LOGIC
	Physical Tile TL-RAM:
	Block Utilization: 0.00 Logical Block: PB-RAM
	Physical Tile TL-MULT:
	Block Utilization: 0.00 Logical Block: PB-MULT
	Physical Tile TL-BIDIR:
	Block Utilization: 0.28 Logical Block: PB-BIDIR
	Physical Tile TL-CLOCK:
	Block Utilization: 0.00 Logical Block: PB-CLOCK
	Physical Tile TL-SDIOMUX:
	Block Utilization: 0.00 Logical Block: PB-SDIOMUX
	Physical Tile TL-GMUX:
	Block Utilization: 0.00 Logical Block: PB-GMUX
	Physical Tile TL-ASSP:
	Block Utilization: 1.00 Logical Block: PB-ASSP
	Physical Tile TL-SYN_VCC:
	Block Utilization: 1.00 Logical Block: PB-SYN_VCC
	Physical Tile TL-SYN_GND:
	Block Utilization: 1.00 Logical Block: PB-SYN_GND

## Build Device Grid took 0.00 seconds (max_rss 43.3 MiB, delta_rss +0.0 MiB)
## Loading routing resource graph


## Loading routing resource graph took 0.46 seconds (max_rss 351.3 MiB, delta_rss +308.0 MiB)
  RR Graph Nodes: 1396446
  RR Graph Edges: 2337988
# Create Device took 0.94 seconds (max_rss 354.5 MiB, delta_rss +311.2 MiB)

# Load Placement
Reading seq.place.

Successfully read seq.place.

# Load Placement took 0.00 seconds (max_rss 354.5 MiB, delta_rss +0.0 MiB)

# Computing router lookahead map
## Computing wire lookahead
Warning 4: Unable to find any sample location for segment CHANX type 'generic' (length 1)
Warning 5: Unable to find any sample location for segment CHANY type 'generic' (length 1)
Warning 6: Unable to find any sample location for segment CHANX type 'pad' (length 1)
Warning 7: Unable to find any sample location for segment CHANY type 'pad' (length 1)
## Computing wire lookahead took 16.17 seconds (max_rss 354.5 MiB, delta_rss +0.0 MiB)
## Computing src/opin lookahead
## Computing src/opin lookahead took 0.00 seconds (max_rss 354.5 MiB, delta_rss +0.0 MiB)
# Computing router lookahead map took 16.17 seconds (max_rss 354.5 MiB, delta_rss +0.0 MiB)
# Routing
  RR Graph Nodes: 1396446
  RR Graph Edges: 2337988
Confirming router algorithm: TIMING_DRIVEN.
## Initializing router criticalities
Initial Net Connection Criticality Histogram:
[        0:      0.1) 627 ( 67.6%) |***********************************************
[      0.1:      0.2)   0 (  0.0%) |
[      0.2:      0.3)   3 (  0.3%) |
[      0.3:      0.4)  70 (  7.5%) |*****
[      0.4:      0.5)  11 (  1.2%) |*
[      0.5:      0.6)  32 (  3.4%) |**
[      0.6:      0.7)  27 (  2.9%) |**
[      0.7:      0.8)  42 (  4.5%) |***
[      0.8:      0.9)  27 (  2.9%) |**
[      0.9:        1)  89 (  9.6%) |*******
## Initializing router criticalities took 0.00 seconds (max_rss 404.2 MiB, delta_rss +0.0 MiB)
---- ------ ------- ---- ------- ------- ------- ----------------- --------------- -------- ---------- ---------- ---------- ---------- --------
Iter   Time    pres  BBs    Heap  Re-Rtd  Re-Rtd Overused RR Nodes      Wirelength      CPD       sTNS       sWNS       hTNS       hWNS Est Succ
      (sec)     fac Updt    push    Nets   Conns                                       (ns)       (ns)       (ns)       (ns)       (ns)     Iter
---- ------ ------- ---- ------- ------- ------- ----------------- --------------- -------- ---------- ---------- ---------- ---------- --------
   1    5.7     0.0    0 2.8e+07      81     928    1129 ( 0.081%)   22121 ( 1.6%)   57.445     -1476.    -57.445      0.000      0.000      N/A
   2    4.3     4.0    0 1.9e+07      66     536     572 ( 0.041%)   22430 ( 1.6%)   57.526     -1479.    -57.526      0.000      0.000      N/A
   3    3.7     5.2    0 1.6e+07      51     373     403 ( 0.029%)   22556 ( 1.6%)   57.533     -1481.    -57.533      0.000      0.000      N/A
   4    2.5     6.8    0 1.1e+07      40     305     231 ( 0.017%)   22976 ( 1.6%)   57.561     -1483.    -57.561      0.000      0.000      N/A
   5    2.3     8.8    0 9881288      29     227     119 ( 0.009%)   23107 ( 1.6%)   57.571     -1483.    -57.571      0.000      0.000      N/A
   6    1.4    11.4    0 6111450      16     112      89 ( 0.006%)   23169 ( 1.6%)   57.671     -1486.    -57.671      0.000      0.000      N/A
   7    1.4    14.9    0 5891593      17      87      79 ( 0.006%)   23217 ( 1.6%)   57.547     -1485.    -57.547      0.000      0.000      N/A
   8    0.9    19.3    0 4367595      10      50      56 ( 0.004%)   23300 ( 1.6%)   57.547     -1485.    -57.547      0.000      0.000      N/A
   9    0.8    25.1    0 3829332      10      50      21 ( 0.002%)   23379 ( 1.7%)   57.916     -1495.    -57.916      0.000      0.000      N/A
  10    0.8    32.6    0 3222511       7      23      21 ( 0.002%)   23390 ( 1.7%)   57.916     -1495.    -57.916      0.000      0.000       18
  11    0.9    42.4    0 3858788       7      30      12 ( 0.001%)   23472 ( 1.7%)   57.916     -1496.    -57.916      0.000      0.000       17
  12    0.2    55.1    0  951664       5      16       9 ( 0.001%)   23460 ( 1.7%)   57.916     -1496.    -57.916      0.000      0.000       17
  13    0.3    71.7    0 1209095       5       7       6 ( 0.000%)   23475 ( 1.7%)   57.916     -1496.    -57.916      0.000      0.000       17
  14    0.2    93.2    0  721891       3       5       3 ( 0.000%)   23477 ( 1.7%)   57.916     -1496.    -57.916      0.000      0.000       17
  15    0.2   121.1    0  756912       2       4       3 ( 0.000%)   23477 ( 1.7%)   57.916     -1496.    -57.916      0.000      0.000       17
  16    0.2   157.5    0  803298       2       2       9 ( 0.001%)   23496 ( 1.7%)   57.916     -1496.    -57.916      0.000      0.000       17
  17    0.1   204.7    0  380211       2      13       3 ( 0.000%)   23512 ( 1.7%)   57.916     -1496.    -57.916      0.000      0.000       21
  18    0.0   266.2    0  140555       2       2       3 ( 0.000%)   23518 ( 1.7%)   57.916     -1496.    -57.916      0.000      0.000       21
  19    0.1   346.0    0  267450       3       5       3 ( 0.000%)   23513 ( 1.7%)   57.916     -1497.    -57.916      0.000      0.000       22
  20    0.1   449.8    0  327504       2       2       3 ( 0.000%)   23513 ( 1.7%)   57.916     -1496.    -57.916      0.000      0.000       24
  21    0.0   584.8    0  102528       1       3       0 ( 0.000%)   23565 ( 1.7%)   59.439     -1531.    -59.439      0.000      0.000       27
Restoring best routing
Critical path: 59.4387 ns
Successfully routed after 21 routing iterations.
Final Net Connection Criticality Histogram:
[        0:      0.1) 627 ( 67.6%) |***********************************************
[      0.1:      0.2)   0 (  0.0%) |
[      0.2:      0.3)   1 (  0.1%) |
[      0.3:      0.4)  57 (  6.1%) |****
[      0.4:      0.5)  24 (  2.6%) |**
[      0.5:      0.6)  21 (  2.3%) |**
[      0.6:      0.7)  37 (  4.0%) |***
[      0.7:      0.8)  48 (  5.2%) |****
[      0.8:      0.9)  17 (  1.8%) |*
[      0.9:        1)  96 ( 10.3%) |*******
Router Stats: total_nets_routed: 361 total_connections_routed: 2780 total_heap_pushes: 116779335 total_heap_pops: 103387906
# Routing took 26.68 seconds (max_rss 404.2 MiB, delta_rss +49.8 MiB)

Checking to ensure routing is legal...
Completed routing consistency check successfully.

Serial number (magic cookie) for the routing is: -1198117486
Circuit successfully routed with a channel width factor of 100.

Incr Slack updates 22 in 0.000335172 sec
Full Max Req/Worst Slack updates 5 in 1.5757e-05 sec
Incr Max Req/Worst Slack updates 17 in 9.978e-05 sec
Incr Criticality updates 10 in 0.000186443 sec
Full Criticality updates 12 in 0.000378072 sec

Average number of bends per net: 239.914  Maximum # of bends: 5546

Number of global nets: 0
Number of routed nets (nonglobal): 81
Wire length results (in units of 1 clb segments)...
	Total wirelength: 22553, average net length: 278.432
	Maximum net length: 7528

Wire length results in terms of physical segments...
	Total wiring segments used: 20008, average wire segments per net: 247.012
	Maximum segments used by a net: 5811
	Total local nets with reserved CLB opins: 0

Routing channel utilization histogram:
[        1:      inf)    0 (  0.0%) |
[      0.9:        1)   58 (  2.2%) |*
[      0.8:      0.9)    0 (  0.0%) |
[      0.7:      0.8)    6 (  0.2%) |
[      0.5:      0.6)    0 (  0.0%) |
[      0.4:      0.5)    0 (  0.0%) |
[      0.3:      0.4)    4 (  0.2%) |
[      0.2:      0.3)   60 (  2.3%) |*
[      0.1:      0.2)   50 (  1.9%) |*
[        0:      0.1) 2406 ( 93.1%) |**********************************************
Maximum routing channel utilization:         1 at (1,3)

X - Directed channels:   j max occ ave occ capacity
                      ---- ------- ------- --------
                         0       2   1.333        2
                         1     161  10.026      221
                         2       0   0.000        0
                         3      83  20.282      635
                         4      70   2.821      623
                         5      70   2.154      658
                         6      78   2.000      623
                         7      74   1.897      623
                         8      28   1.846      623
                         9       8   0.564      623
                        10      10   0.667      665
                        11      64   2.103      623
                        12      76   2.692      647
                        13      76   2.564      623
                        14      66   3.538      623
                        15     159  15.000      623
                        16     197  22.949      623
                        17     196  19.308      623
                        18     227  36.077      725
                        19     246  45.590      623
                        20     216  35.692      623
                        21     201  15.974      623
                        22     190  14.846      623
                        23     177   8.974      623
                        24     175  11.051      623
                        25      10   0.487      657
                        26       0   0.000      634
                        27       7   0.179      623
                        28       0   0.000      623
                        29       0   0.000      624
                        30       0   0.000      625
                        31       7   0.179      626
                        32      30   1.436      786
                        33       0   0.000      269
Y - Directed channels:   i max occ ave occ capacity
                      ---- ------- ------- --------
                         0       0   0.000        2
                         1      47   4.057      287
                         2       1   0.029        4
                         3     179  55.943      848
                         4      36   1.343      874
                         5      46   2.457      819
                         6      23   4.743      760
                         7      46   3.857      761
                         8       6   0.943      761
                         9      46   5.743      761
                        10      11   1.971      757
                        11      11   1.800      775
                        12      49   5.057      757
                        13      41   2.600      761
                        14      25   5.400      761
                        15     195  22.314      761
                        16     229  43.771      761
                        17     215  53.257      761
                        18     211  44.457      761
                        19     187  18.571      816
                        20     119   8.743      761
                        21     235  19.371      883
                        22     189  17.114      761
                        23     106   3.857      761
                        24      25   0.829      761
                        25       0   0.000      761
                        26      25   0.829      757
                        27       0   0.000      775
                        28      25   0.829      757
                        29       0   0.000      761
                        30       0   0.000      761
                        31       0   0.000      761
                        32       0   0.000      761
                        33       0   0.000      763
                        34       0   0.000      762
                        35       0   0.000      764
                        36       0   0.000     1024
                        37       0   0.000      164

Total tracks in x-direction: 19611, in y-direction: 27046

Logic area (in minimum width transistor areas, excludes I/Os and empty grid tiles)...
	Total logic block area (Warning, need to add pitch of routing to blocks with height > 3): 1.3515e+07
	Total used logic block area: 705000

Routing area (in minimum width transistor areas)...
	Assuming no buffer sharing (pessimistic). Total: 1.07847e+09, per logic tile: 790090.
	Assuming buffer sharing (slightly optimistic). Total: 8.38760e+08, per logic tile: 614476.


Segment usage by type (index):    name type utilization
                               ------- ---- -----------
                                  sbox    2      0.0129
                                   vcc    3      0.0936
                                   gnd    4       0.112
                                  hop1    5      0.0151
                                  hop2    6      0.0258
                                  hop3    7           0
                                  hop4    8       0.013
                                 clock    9           0
                               special   10      0.0828

Segment usage by length: length utilization
                         ------ -----------
                              1      0.0135
                              2      0.0258
                              3           0
                              4       0.013


Final hold Worst Negative Slack (hWNS): 0 ns
Final hold Total Negative Slack (hTNS): 0 ns

Final hold slack histogram:
[  4.5e-09:  7.4e-09)  1 (  3.6%) |**
[  7.4e-09:    1e-08) 23 ( 82.1%) |************************************************
[    1e-08:  1.3e-08)  3 ( 10.7%) |******
[  1.3e-08:  1.6e-08)  0 (  0.0%) |
[  1.6e-08:  1.9e-08)  0 (  0.0%) |
[  1.9e-08:  2.2e-08)  0 (  0.0%) |
[  2.2e-08:  2.5e-08)  0 (  0.0%) |
[  2.5e-08:  2.8e-08)  0 (  0.0%) |
[  2.8e-08:  3.1e-08)  0 (  0.0%) |
[  3.1e-08:  3.3e-08)  1 (  3.6%) |**

Final critical path delay (least slack): 59.3241 ns, Fmax: 16.8565 MHz
Final setup Worst Negative Slack (sWNS): -59.3241 ns
Final setup Total Negative Slack (sTNS): -1529.9 ns

Final setup slack histogram:
[ -5.9e-08: -5.5e-08) 25 ( 89.3%) |************************************************
[ -5.5e-08:   -5e-08)  1 (  3.6%) |**
[   -5e-08: -4.5e-08)  0 (  0.0%) |
[ -4.5e-08: -4.1e-08)  0 (  0.0%) |
[ -4.1e-08: -3.6e-08)  0 (  0.0%) |
[ -3.6e-08: -3.1e-08)  1 (  3.6%) |**
[ -3.1e-08: -2.6e-08)  0 (  0.0%) |
[ -2.6e-08: -2.2e-08)  0 (  0.0%) |
[ -2.2e-08: -1.7e-08)  0 (  0.0%) |
[ -1.7e-08: -1.2e-08)  1 (  3.6%) |**

Final geomean non-virtual intra-domain period: 59.3241 ns (16.8565 MHz)
Final fanout-weighted geomean non-virtual intra-domain period: 59.3241 ns (16.8565 MHz)

Incr Slack updates 1 in 2.0791e-05 sec
Full Max Req/Worst Slack updates 1 in 3.047e-06 sec
Incr Max Req/Worst Slack updates 0 in 0 sec
Incr Criticality updates 0 in 0 sec
Full Criticality updates 1 in 3.318e-05 sec
Flow timing analysis took 0.0115587 seconds (0.00980705 STA, 0.00175166 slack) (23 full updates: 0 setup, 0 hold, 23 combined).
VPR succeeded
The entire flow of VPR took 44.30 seconds (max_rss 404.2 MiB)
