VPR FPGA Placement and Routing.
Version: 8.1.0-dev+dadca7ecf
Revision: v8.0.0-rc2-2894-gdadca7ecf
Compiled: 2020-10-14T15:08:54
Compiler: GNU 7.3.0 on Linux-4.15.0-1028-gcp x86_64
Build Info: Release IPO VTR_ASSERT_LEVEL=2

University of Toronto
verilogtorouting.org
vtr-users@googlegroups.com
This is free open source code under MIT license.

VPR was run with the following command-line:
vpr /home/veeracharyulu/qorc-sdk/fpga_toolchain_install/v1.3.1/quicklogic-arch-defs/share/arch/ql-eos-s3_wlcsp/arch.timing.xml sd1.eblif --device ql-eos-s3 --max_router_iterations 500 --routing_failure_predictor off --router_high_fanout_threshold -1 --constant_net_method route --route_chan_width 100 --clock_modeling route --place_delay_model delta_override --router_lookahead map --check_route quick --strict_checks off --allow_dangling_combinational_nodes on --disable_errors check_unbuffered_edges:check_route --congested_routing_iteration_threshold 0.8 --incremental_reroute_delay_ripup off --base_cost_type delay_normalized_length_bounded --bb_factor 10 --initial_pres_fac 4.0 --check_rr_graph off --suppress_warnings ,sum_pin_class:check_unbuffered_edges:load_rr_indexed_data_T_values:check_rr_node:trans_per_R:check_route:set_rr_graph_tool_comment:warn_model_missing_timing --read_rr_graph /home/veeracharyulu/qorc-sdk/fpga_toolchain_install/v1.3.1/quicklogic-arch-defs/share/arch/ql-eos-s3_wlcsp/rr_graph_ql-eos-s3_wlcsp.rr_graph.real.bin --read_placement_delay_lookup /home/veeracharyulu/qorc-sdk/fpga_toolchain_install/v1.3.1/quicklogic-arch-defs/share/arch/ql-eos-s3_wlcsp/rr_graph_ql-eos-s3_wlcsp.place_delay.bin --sdc_file /home/veeracharyulu/qorc-sdk/vaman/trunk/fpga/sd1/build/sd1_dummy.sdc --route

Using up to 1 parallel worker(s)

Architecture file: /home/veeracharyulu/qorc-sdk/fpga_toolchain_install/v1.3.1/quicklogic-arch-defs/share/arch/ql-eos-s3_wlcsp/arch.timing.xml
Circuit name: sd1

# Loading Architecture Description
# Loading Architecture Description took 0.43 seconds (max_rss 31.1 MiB, delta_rss +24.9 MiB)
# Building complex block graph
# Building complex block graph took 0.08 seconds (max_rss 39.8 MiB, delta_rss +8.7 MiB)
# Load circuit
# Load circuit took 0.00 seconds (max_rss 40.2 MiB, delta_rss +0.4 MiB)
# Clean circuit
Absorbed 112 LUT buffers
Inferred    5 additional primitive pins as constant generators since they have no combinationally connected inputs
Inferred    6 additional primitive pins as constant generators due to constant inputs
Inferred    0 additional primitive pins as constant generators since they have no combinationally connected inputs
Inferred    0 additional primitive pins as constant generators due to constant inputs
Inferred    0 additional primitive pins as constant generators since they have no combinationally connected inputs
Inferred    0 additional primitive pins as constant generators due to constant inputs
Swept input(s)      : 0
Swept output(s)     : 0 (0 dangling, 0 constant)
Swept net(s)        : 1
Swept block(s)      : 1
Constant Pins Marked: 11
# Clean circuit took 0.00 seconds (max_rss 40.2 MiB, delta_rss +0.0 MiB)
# Compress circuit
# Compress circuit took 0.00 seconds (max_rss 40.2 MiB, delta_rss +0.0 MiB)
# Verify circuit
# Verify circuit took 0.00 seconds (max_rss 40.2 MiB, delta_rss +0.0 MiB)
Circuit Statistics:
  Blocks: 41
    .input    :       3
    .output   :       8
    BIDIR_CELL:       9
    CLOCK_CELL:       2
    C_FRAG    :       1
    F_FRAG    :       1
    GMUX_IP   :       2
    GND       :       1
    Q_FRAG    :       3
    T_FRAG    :      10
    VCC       :       1
  Nets  : 33
    Avg Fanout:     4.5
    Max Fanout:    45.0
    Min Fanout:     1.0
Warning 1: Assuming clocks may propagate through $auto$clkbufmap.cc:252:execute$1286.clock (CLOCK_CELL) from pin $auto$clkbufmap.cc:252:execute$1286.clock.I_PAD[0] to $auto$clkbufmap.cc:252:execute$1286.clock.O_CLK[0] (assuming a non-inverting buffer).
Warning 2: Assuming clocks may propagate through $auto$clkbufmap.cc:252:execute$1286.gmux (GMUX_IP) from pin $auto$clkbufmap.cc:252:execute$1286.gmux.IP[0] to $auto$clkbufmap.cc:252:execute$1286.gmux.IZ[0] (assuming a non-inverting buffer).
Warning 3: Assuming clocks may propagate through $auto$clkbufmap.cc:252:execute$1291.clock (CLOCK_CELL) from pin $auto$clkbufmap.cc:252:execute$1291.clock.I_PAD[0] to $auto$clkbufmap.cc:252:execute$1291.clock.O_CLK[0] (assuming a non-inverting buffer).
Warning 4: Assuming clocks may propagate through $auto$clkbufmap.cc:252:execute$1286.clock (CLOCK_CELL) from pin $auto$clkbufmap.cc:252:execute$1286.clock.I_PAD[0] to $auto$clkbufmap.cc:252:execute$1286.clock.O_CLK[0] (assuming a non-inverting buffer).
Warning 5: Assumed 4 netlist logic connections may be clock buffers. To override this behaviour explicitly create clocks at the appropriate netlist pins.
  Netlist Clocks: 2
# Build Timing Graph
Warning 6: Assuming clocks may propagate through $auto$clkbufmap.cc:252:execute$1286.clock (CLOCK_CELL) from pin $auto$clkbufmap.cc:252:execute$1286.clock.I_PAD[0] to $auto$clkbufmap.cc:252:execute$1286.clock.O_CLK[0] (assuming a non-inverting buffer).
Warning 7: Assuming clocks may propagate through $auto$clkbufmap.cc:252:execute$1286.gmux (GMUX_IP) from pin $auto$clkbufmap.cc:252:execute$1286.gmux.IP[0] to $auto$clkbufmap.cc:252:execute$1286.gmux.IZ[0] (assuming a non-inverting buffer).
Warning 8: Assuming clocks may propagate through $auto$clkbufmap.cc:252:execute$1291.clock (CLOCK_CELL) from pin $auto$clkbufmap.cc:252:execute$1291.clock.I_PAD[0] to $auto$clkbufmap.cc:252:execute$1291.clock.O_CLK[0] (assuming a non-inverting buffer).
Warning 9: Assuming clocks may propagate through $auto$clkbufmap.cc:252:execute$1286.clock (CLOCK_CELL) from pin $auto$clkbufmap.cc:252:execute$1286.clock.I_PAD[0] to $auto$clkbufmap.cc:252:execute$1286.clock.O_CLK[0] (assuming a non-inverting buffer).
Warning 10: Assumed 4 netlist logic connections may be clock buffers. To override this behaviour explicitly create clocks at the appropriate netlist pins.
Adding edge from '$auto$clkbufmap.cc:252:execute$1286.clock.I_PAD[0]' (tnode: 13) -> '$auto$clkbufmap.cc:252:execute$1286.clock.O_CLK[0]' (tnode: 14) to allow clocks to propagate
Adding edge from '$auto$clkbufmap.cc:252:execute$1286.gmux.IP[0]' (tnode: 16) -> '$auto$clkbufmap.cc:252:execute$1286.gmux.IZ[0]' (tnode: 17) to allow clocks to propagate
Adding edge from '$auto$clkbufmap.cc:252:execute$1291.clock.I_PAD[0]' (tnode: 18) -> '$auto$clkbufmap.cc:252:execute$1291.clock.O_CLK[0]' (tnode: 19) to allow clocks to propagate
Adding edge from '$auto$clkbufmap.cc:252:execute$1291.gmux.IP[0]' (tnode: 21) -> '$auto$clkbufmap.cc:252:execute$1291.gmux.IZ[0]' (tnode: 22) to allow clocks to propagate
  Timing Graph Nodes: 181
  Timing Graph Edges: 273
  Timing Graph Levels: 18
# Build Timing Graph took 0.00 seconds (max_rss 40.2 MiB, delta_rss +0.0 MiB)
Warning 11: Assuming clocks may propagate through $auto$clkbufmap.cc:252:execute$1286.clock (CLOCK_CELL) from pin $auto$clkbufmap.cc:252:execute$1286.clock.I_PAD[0] to $auto$clkbufmap.cc:252:execute$1286.clock.O_CLK[0] (assuming a non-inverting buffer).
Warning 12: Assuming clocks may propagate through $auto$clkbufmap.cc:252:execute$1286.gmux (GMUX_IP) from pin $auto$clkbufmap.cc:252:execute$1286.gmux.IP[0] to $auto$clkbufmap.cc:252:execute$1286.gmux.IZ[0] (assuming a non-inverting buffer).
Warning 13: Assuming clocks may propagate through $auto$clkbufmap.cc:252:execute$1291.clock (CLOCK_CELL) from pin $auto$clkbufmap.cc:252:execute$1291.clock.I_PAD[0] to $auto$clkbufmap.cc:252:execute$1291.clock.O_CLK[0] (assuming a non-inverting buffer).
Warning 14: Assuming clocks may propagate through $auto$clkbufmap.cc:252:execute$1286.clock (CLOCK_CELL) from pin $auto$clkbufmap.cc:252:execute$1286.clock.I_PAD[0] to $auto$clkbufmap.cc:252:execute$1286.clock.O_CLK[0] (assuming a non-inverting buffer).
Warning 15: Assumed 4 netlist logic connections may be clock buffers. To override this behaviour explicitly create clocks at the appropriate netlist pins.
Netlist contains 2 clocks
  Netlist Clock 'clock' Fanout: 1 pins (0.6%), 1 blocks (2.4%)
  Netlist Clock 'reset' Fanout: 1 pins (0.6%), 1 blocks (2.4%)
# Load Timing Constraints
Warning 16: Assuming clocks may propagate through $auto$clkbufmap.cc:252:execute$1286.clock (CLOCK_CELL) from pin $auto$clkbufmap.cc:252:execute$1286.clock.I_PAD[0] to $auto$clkbufmap.cc:252:execute$1286.clock.O_CLK[0] (assuming a non-inverting buffer).
Warning 17: Assuming clocks may propagate through $auto$clkbufmap.cc:252:execute$1286.gmux (GMUX_IP) from pin $auto$clkbufmap.cc:252:execute$1286.gmux.IP[0] to $auto$clkbufmap.cc:252:execute$1286.gmux.IZ[0] (assuming a non-inverting buffer).
Warning 18: Assuming clocks may propagate through $auto$clkbufmap.cc:252:execute$1291.clock (CLOCK_CELL) from pin $auto$clkbufmap.cc:252:execute$1291.clock.I_PAD[0] to $auto$clkbufmap.cc:252:execute$1291.clock.O_CLK[0] (assuming a non-inverting buffer).
Warning 19: Assuming clocks may propagate through $auto$clkbufmap.cc:252:execute$1286.clock (CLOCK_CELL) from pin $auto$clkbufmap.cc:252:execute$1286.clock.I_PAD[0] to $auto$clkbufmap.cc:252:execute$1286.clock.O_CLK[0] (assuming a non-inverting buffer).
Warning 20: Assumed 4 netlist logic connections may be clock buffers. To override this behaviour explicitly create clocks at the appropriate netlist pins.

SDC file '/home/veeracharyulu/qorc-sdk/vaman/trunk/fpga/sd1/build/sd1_dummy.sdc' contained no SDC commands
Warning 21: Assuming clocks may propagate through $auto$clkbufmap.cc:252:execute$1286.clock (CLOCK_CELL) from pin $auto$clkbufmap.cc:252:execute$1286.clock.I_PAD[0] to $auto$clkbufmap.cc:252:execute$1286.clock.O_CLK[0] (assuming a non-inverting buffer).
Warning 22: Assuming clocks may propagate through $auto$clkbufmap.cc:252:execute$1286.gmux (GMUX_IP) from pin $auto$clkbufmap.cc:252:execute$1286.gmux.IP[0] to $auto$clkbufmap.cc:252:execute$1286.gmux.IZ[0] (assuming a non-inverting buffer).
Warning 23: Assuming clocks may propagate through $auto$clkbufmap.cc:252:execute$1291.clock (CLOCK_CELL) from pin $auto$clkbufmap.cc:252:execute$1291.clock.I_PAD[0] to $auto$clkbufmap.cc:252:execute$1291.clock.O_CLK[0] (assuming a non-inverting buffer).
Warning 24: Assuming clocks may propagate through $auto$clkbufmap.cc:252:execute$1286.clock (CLOCK_CELL) from pin $auto$clkbufmap.cc:252:execute$1286.clock.I_PAD[0] to $auto$clkbufmap.cc:252:execute$1286.clock.O_CLK[0] (assuming a non-inverting buffer).
Warning 25: Assumed 4 netlist logic connections may be clock buffers. To override this behaviour explicitly create clocks at the appropriate netlist pins.
Setting default timing constraints:
   * constrain all primay inputs and primary outputs on a virtual external clock 'virtual_io_clock'
   * optimize all netlist and virtual clocks to run as fast as possible
   * ignore cross netlist clock domain timing paths
Timing constraints created 3 clocks
  Constrained Clock 'virtual_io_clock' (Virtual Clock)
  Constrained Clock 'clock' Source: 'clock.inpad[0]'
  Constrained Clock 'reset' Source: 'reset.inpad[0]'

# Load Timing Constraints took 0.00 seconds (max_rss 40.2 MiB, delta_rss +0.0 MiB)
Timing analysis: ON
Circuit netlist file: sd1.net
Circuit placement file: sd1.place
Circuit routing file: sd1.route
Circuit SDC file: /home/veeracharyulu/qorc-sdk/vaman/trunk/fpga/sd1/build/sd1_dummy.sdc

Packer: ENABLED
Placer: ENABLED
Router: ENABLED
Analysis: ENABLED

NetlistOpts.abosrb_buffer_luts            : true
NetlistOpts.sweep_dangling_primary_ios    : true
NetlistOpts.sweep_dangling_nets           : true
NetlistOpts.sweep_dangling_blocks         : true
NetlistOpts.sweep_constant_primary_outputs: false
NetlistOpts.netlist_verbosity             : 1
NetlistOpts.const_gen_inference           : COMB_SEQ

PackerOpts.allow_unrelated_clustering: auto
PackerOpts.alpha_clustering: 0.750000
PackerOpts.beta_clustering: 0.900000
PackerOpts.cluster_seed_type: BLEND2
PackerOpts.connection_driven: true
PackerOpts.global_clocks: true
PackerOpts.hill_climbing_flag: false
PackerOpts.inter_cluster_net_delay: 1.000000
PackerOpts.timing_driven: true
PackerOpts.target_external_pin_util: auto

PlacerOpts.place_freq: PLACE_ONCE
PlacerOpts.place_algorithm: CRITICALITY_TIMING_PLACE
PlacerOpts.pad_loc_type: FREE
PlacerOpts.constraints_file: No constraints file given
PlacerOpts.place_cost_exp: 1.000000
PlacerOpts.place_chan_width: 100
PlacerOpts.inner_loop_recompute_divider: 0
PlacerOpts.recompute_crit_iter: 1
PlacerOpts.timing_tradeoff: 0.500000
PlacerOpts.td_place_exp_first: 1.000000
PlacerOpts.td_place_exp_last: 8.000000
PlacerOpts.delay_offset: 0.000000
PlacerOpts.delay_ramp_delta_threshold: -1
PlacerOpts.delay_ramp_slope: 0.000000
PlacerOpts.tsu_rel_margin: 1.000000
PlacerOpts.tsu_abs_margin: 0.000000
PlacerOpts.post_place_timing_report_file: 
PlacerOpts.allowed_tiles_for_delay_model: 
PlacerOpts.delay_model_reducer: MIN
PlacerOpts.delay_model_type: DELTA_OVERRIDE
PlacerOpts.rlim_escape_fraction: 0.000000
PlacerOpts.move_stats_file: 
PlacerOpts.placement_saves_per_temperature: 0
PlacerOpts.effort_scaling: CIRCUIT
PlacerOpts.place_delta_delay_matrix_calculation_method: ASTAR_ROUTE
PlaceOpts.seed: 1
AnnealSched.type: AUTO_SCHED
AnnealSched.inner_num: 1.000000

RouterOpts.route_type: DETAILED
RouterOpts.router_algorithm: TIMING_DRIVEN
RouterOpts.base_cost_type: DELAY_NORMALIZED_LENGTH_BOUNDED
RouterOpts.fixed_channel_width: 100
RouterOpts.check_route: QUICK
RouterOpts.trim_empty_chan: false
RouterOpts.trim_obs_chan: false
RouterOpts.acc_fac: 1.000000
RouterOpts.bb_factor: 10
RouterOpts.bend_cost: 0.000000
RouterOpts.first_iter_pres_fac: 0.000000
RouterOpts.initial_pres_fac: 4.000000
RouterOpts.pres_fac_mult: 1.300000
RouterOpts.max_router_iterations: 500
RouterOpts.min_incremental_reroute_fanout: 16
RouterOpts.do_check_rr_graph: false
RouterOpts.verify_binary_search: false
RouterOpts.min_channel_width_hint: 0
RouterOpts.read_rr_edge_metadata: false
RouterOpts.exit_after_first_routing_iteration: false
RouterOpts.astar_fac: 1.200000
RouterOpts.criticality_exp: 1.000000
RouterOpts.max_criticality: 0.990000
RouterOpts.init_wirelength_abort_threshold: 0.850000
RouterOpts.save_routing_per_iteration: false
RouterOpts.congested_routing_iteration_threshold_frac: 0.800000
RouterOpts.high_fanout_threshold: -1
RouterOpts.router_debug_net: -2
RouterOpts.router_debug_sink_rr: -2
RouterOpts.router_debug_iteration: -2
RouterOpts.max_convergence_count: 1
RouterOpts.reconvergence_cpd_threshold: 0.990000
RouterOpts.update_lower_bound_delays: true
RouterOpts.first_iteration_timing_report_file: 
RouterOpts.incr_reroute_delay_ripup: OFF
RouterOpts.route_bb_update: DYNAMIC
RouterOpts.lookahead_type: MAP
RouterOpts.initial_timing: LOOKAHEAD
RouterOpts.router_heap: BINARY_HEAP
RouterOpts.routing_failure_predictor = OFF
RouterOpts.routing_budgets_algorithm = DISABLE

AnalysisOpts.gen_post_synthesis_netlist: false
AnalysisOpts.timing_report_npaths: 100
AnalysisOpts.timing_report_skew: false
AnalysisOpts.echo_dot_timing_graph_node: -1
AnalysisOpts.timing_report_detail: NETLIST

RoutingArch.directionality: BI_DIRECTIONAL
RoutingArch.switch_block_type: WILTON
RoutingArch.Fs: 3

# Load Packing
Begin loading packed FPGA netlist file.
Netlist generated from file 'sd1.net'.
Detected 2 constant generators (to see names run with higher pack verbosity)
Finished loading packed FPGA netlist file (took 0.01141 seconds).
# Load Packing took 0.01 seconds (max_rss 40.5 MiB, delta_rss +0.3 MiB)
Warning 26: Netlist contains 0 global net to non-global architecture pin connections
Warning 27: Logic block #19 ($false) has only 1 output pin '$false.GND0_GND[0]'. It may be a constant generator.
Warning 28: Logic block #20 ($true) has only 1 output pin '$true.VCC0_VCC[0]'. It may be a constant generator.

Netlist num_nets: 22
Netlist num_blocks: 21
Netlist EMPTY blocks: 0.
Netlist PB-SYN_GND blocks: 1.
Netlist PB-BIDIR blocks: 9.
Netlist PB-ASSP blocks: 0.
Netlist PB-LOGIC blocks: 6.
Netlist PB-SDIOMUX blocks: 0.
Netlist PB-MULT blocks: 0.
Netlist PB-GMUX blocks: 2.
Netlist PB-CLOCK blocks: 2.
Netlist PB-RAM blocks: 0.
Netlist PB-SYN_VCC blocks: 1.
Netlist inputs pins: 3
Netlist output pins: 26


Pb types usage...
  PB-SYN_GND        : 1
   GND              : 1
  PB-BIDIR          : 9
   BIDIR            : 9
    INPUT           : 1
     bidir          : 1
     inpad          : 1
    OUTPUT          : 8
     bidir          : 8
     outpad         : 8
  PB-LOGIC          : 6
   LOGIC            : 6
    FRAGS           : 6
     c_frag_modes   : 6
      SINGLE        : 1
       c_frag       : 1
      SPLIT         : 5
       b_frag       : 5
       t_frag       : 5
     f_frag         : 1
     q_frag_modes   : 3
      INT           : 1
       q_frag       : 1
      EXT           : 2
       q_frag       : 2
  PB-GMUX           : 2
   GMUX             : 2
    IP              : 2
     gmux           : 2
  PB-CLOCK          : 2
   CLOCK            : 2
    clock_buf       : 2
    inpad           : 2
  PB-SYN_VCC        : 1
   VCC              : 1

# Create Device
## Build Device Grid
FPGA sized to 39 x 35: 1365 grid tiles (ql-eos-s3)

Resource usage...
	Netlist
		1	blocks of type: PB-SYN_GND
	Architecture
		1	blocks of type: TL-SYN_GND
	Netlist
		9	blocks of type: PB-BIDIR
	Architecture
		32	blocks of type: TL-BIDIR
	Netlist
		0	blocks of type: PB-ASSP
	Architecture
		1	blocks of type: TL-ASSP
	Netlist
		6	blocks of type: PB-LOGIC
	Architecture
		891	blocks of type: TL-LOGIC
	Netlist
		0	blocks of type: PB-SDIOMUX
	Architecture
		14	blocks of type: TL-SDIOMUX
	Netlist
		0	blocks of type: PB-MULT
	Architecture
		2	blocks of type: TL-MULT
	Netlist
		2	blocks of type: PB-GMUX
	Architecture
		5	blocks of type: TL-GMUX
	Netlist
		2	blocks of type: PB-CLOCK
	Architecture
		5	blocks of type: TL-CLOCK
	Netlist
		0	blocks of type: PB-RAM
	Architecture
		4	blocks of type: TL-RAM
	Netlist
		1	blocks of type: PB-SYN_VCC
	Architecture
		1	blocks of type: TL-SYN_VCC

Device Utilization: 0.01 (target 1.00)
	Physical Tile TL-LOGIC:
	Block Utilization: 0.01 Logical Block: PB-LOGIC
	Physical Tile TL-RAM:
	Block Utilization: 0.00 Logical Block: PB-RAM
	Physical Tile TL-MULT:
	Block Utilization: 0.00 Logical Block: PB-MULT
	Physical Tile TL-BIDIR:
	Block Utilization: 0.28 Logical Block: PB-BIDIR
	Physical Tile TL-CLOCK:
	Block Utilization: 0.40 Logical Block: PB-CLOCK
	Physical Tile TL-SDIOMUX:
	Block Utilization: 0.00 Logical Block: PB-SDIOMUX
	Physical Tile TL-GMUX:
	Block Utilization: 0.40 Logical Block: PB-GMUX
	Physical Tile TL-ASSP:
	Block Utilization: 0.00 Logical Block: PB-ASSP
	Physical Tile TL-SYN_VCC:
	Block Utilization: 1.00 Logical Block: PB-SYN_VCC
	Physical Tile TL-SYN_GND:
	Block Utilization: 1.00 Logical Block: PB-SYN_GND

## Build Device Grid took 0.01 seconds (max_rss 40.7 MiB, delta_rss +0.0 MiB)
## Loading routing resource graph


## Loading routing resource graph took 0.60 seconds (max_rss 349.9 MiB, delta_rss +309.3 MiB)
  RR Graph Nodes: 1396446
  RR Graph Edges: 2337988
# Create Device took 1.21 seconds (max_rss 351.7 MiB, delta_rss +311.0 MiB)

# Load Placement
Reading sd1.place.

Successfully read sd1.place.

# Load Placement took 0.00 seconds (max_rss 351.7 MiB, delta_rss +0.0 MiB)

# Computing router lookahead map
## Computing wire lookahead
Warning 29: Unable to find any sample location for segment CHANX type 'generic' (length 1)
Warning 30: Unable to find any sample location for segment CHANY type 'generic' (length 1)
Warning 31: Unable to find any sample location for segment CHANX type 'pad' (length 1)
Warning 32: Unable to find any sample location for segment CHANY type 'pad' (length 1)
## Computing wire lookahead took 20.65 seconds (max_rss 351.7 MiB, delta_rss +0.0 MiB)
## Computing src/opin lookahead
## Computing src/opin lookahead took 0.00 seconds (max_rss 351.7 MiB, delta_rss +0.0 MiB)
# Computing router lookahead map took 20.65 seconds (max_rss 351.7 MiB, delta_rss +0.0 MiB)
# Routing
  RR Graph Nodes: 1396446
  RR Graph Edges: 2337988
Confirming router algorithm: TIMING_DRIVEN.
## Initializing router criticalities
Initial Net Connection Criticality Histogram:
[        0:      0.1) 80 ( 61.1%) |************************************************
[      0.1:      0.2)  0 (  0.0%) |
[      0.2:      0.3)  0 (  0.0%) |
[      0.3:      0.4)  0 (  0.0%) |
[      0.4:      0.5)  0 (  0.0%) |
[      0.5:      0.6)  0 (  0.0%) |
[      0.6:      0.7)  0 (  0.0%) |
[      0.7:      0.8)  5 (  3.8%) |***
[      0.8:      0.9)  8 (  6.1%) |*****
[      0.9:        1) 38 ( 29.0%) |***********************
## Initializing router criticalities took 0.00 seconds (max_rss 402.4 MiB, delta_rss +0.0 MiB)
---- ------ ------- ---- ------- ------- ------- ----------------- --------------- -------- ---------- ---------- ---------- ---------- --------
Iter   Time    pres  BBs    Heap  Re-Rtd  Re-Rtd Overused RR Nodes      Wirelength      CPD       sTNS       sWNS       hTNS       hWNS Est Succ
      (sec)     fac Updt    push    Nets   Conns                                       (ns)       (ns)       (ns)       (ns)       (ns)     Iter
---- ------ ------- ---- ------- ------- ------- ----------------- --------------- -------- ---------- ---------- ---------- ---------- --------
   1    0.2     0.0    0  977927      22     131     140 ( 0.010%)    3085 ( 0.2%)   40.883     -350.1    -40.883      0.000      0.000      N/A
   2    0.1     4.0    0  606242      15      70      58 ( 0.004%)    3143 ( 0.2%)   40.922     -350.4    -40.922      0.000      0.000      N/A
   3    0.1     5.2    0  502301      14      54      54 ( 0.004%)    3159 ( 0.2%)   40.922     -350.5    -40.922      0.000      0.000      N/A
   4    0.1     6.8    0  481688      13      49      42 ( 0.003%)    3141 ( 0.2%)   40.922     -350.4    -40.922      0.000      0.000      N/A
   5    0.1     8.8    0  641943      12      51      44 ( 0.003%)    3156 ( 0.2%)   40.922     -350.9    -40.922      0.000      0.000      N/A
   6    0.3    11.4    0 1089382      12      52      30 ( 0.002%)    3171 ( 0.2%)   40.922     -350.9    -40.922      0.000      0.000      N/A
   7    0.4    14.9    0 1733610      12      46      36 ( 0.003%)    3207 ( 0.2%)   40.922     -351.0    -40.922      0.000      0.000      N/A
   8    0.4    19.3    0 1546668      10      46       9 ( 0.001%)    3213 ( 0.2%)   40.983     -351.2    -40.983      0.000      0.000      N/A
   9    0.2    25.1    0  878175       6      17       9 ( 0.001%)    3221 ( 0.2%)   40.983     -351.2    -40.983      0.000      0.000      N/A
  10    0.2    32.6    0  985830       7      17       9 ( 0.001%)    3217 ( 0.2%)   40.967     -351.2    -40.967      0.000      0.000       14
  11    0.0    42.4    0  161038       5      10       6 ( 0.000%)    3219 ( 0.2%)   40.967     -351.2    -40.967      0.000      0.000       15
  12    0.0    55.1    0  179330       4       9      13 ( 0.001%)    3217 ( 0.2%)   40.967     -351.2    -40.967      0.000      0.000       16
  13    0.3    71.7    0 1037973       4       9      13 ( 0.001%)    3211 ( 0.2%)   40.967     -351.2    -40.967      0.000      0.000       23
  14    0.1    93.2    0  456069       2       4       3 ( 0.000%)    3258 ( 0.2%)   40.967     -350.9    -40.967      0.000      0.000       35
  15    0.1   121.1    0  377367       1       3       3 ( 0.000%)    3258 ( 0.2%)   40.967     -350.9    -40.967      0.000      0.000       38
  16    0.0   157.5    0    4506       1       1       0 ( 0.000%)    3265 ( 0.2%)   40.967     -350.9    -40.967      0.000      0.000       26
Restoring best routing
Critical path: 40.967 ns
Successfully routed after 16 routing iterations.
Final Net Connection Criticality Histogram:
[        0:      0.1) 80 ( 61.1%) |************************************************
[      0.1:      0.2)  0 (  0.0%) |
[      0.2:      0.3)  0 (  0.0%) |
[      0.3:      0.4)  0 (  0.0%) |
[      0.4:      0.5)  0 (  0.0%) |
[      0.5:      0.6)  0 (  0.0%) |
[      0.6:      0.7)  4 (  3.1%) |**
[      0.7:      0.8)  0 (  0.0%) |
[      0.8:      0.9) 15 ( 11.5%) |*********
[      0.9:        1) 32 ( 24.4%) |*******************
Router Stats: total_nets_routed: 140 total_connections_routed: 569 total_heap_pushes: 11660049 total_heap_pops: 10663044
# Routing took 3.46 seconds (max_rss 402.4 MiB, delta_rss +50.8 MiB)

Checking to ensure routing is legal...
Completed routing consistency check successfully.

Serial number (magic cookie) for the routing is: -66786116
Circuit successfully routed with a channel width factor of 100.

Incr Slack updates 17 in 0.000199021 sec
Full Max Req/Worst Slack updates 2 in 1.2148e-05 sec
Incr Max Req/Worst Slack updates 15 in 0.000117658 sec
Incr Criticality updates 12 in 0.000229298 sec
Full Criticality updates 5 in 0.000112263 sec

Average number of bends per net: 130.773  Maximum # of bends: 590

Number of global nets: 0
Number of routed nets (nonglobal): 22
Wire length results (in units of 1 clb segments)...
	Total wirelength: 3187, average net length: 144.864
	Maximum net length: 662

Wire length results in terms of physical segments...
	Total wiring segments used: 3047, average wire segments per net: 138.500
	Maximum segments used by a net: 662
	Total local nets with reserved CLB opins: 0

Routing channel utilization histogram:
[        1:      inf)    0 (  0.0%) |
[      0.9:        1)   54 (  2.1%) |*
[      0.8:      0.9)    0 (  0.0%) |
[      0.7:      0.8)    0 (  0.0%) |
[      0.5:      0.6)    0 (  0.0%) |
[      0.4:      0.5)    2 (  0.1%) |
[      0.3:      0.4)    0 (  0.0%) |
[      0.2:      0.3)    6 (  0.2%) |
[      0.1:      0.2)    6 (  0.2%) |
[        0:      0.1) 2516 ( 97.4%) |**********************************************
Maximum routing channel utilization:         1 at (4,0)

X - Directed channels:   j max occ ave occ capacity
                      ---- ------- ------- --------
                         0       2   1.410        2
                         1       0   0.000      221
                         2       0   0.000        0
                         3      47   7.436      635
                         4      25   0.846      623
                         5     238  10.410      658
                         6     212  10.513      623
                         7     197   8.718      623
                         8       0   0.000      623
                         9       0   0.000      623
                        10       8   1.333      665
                        11       0   0.000      623
                        12       2   0.103      647
                        13       0   0.000      623
                        14       0   0.000      623
                        15       0   0.000      623
                        16       0   0.000      623
                        17       0   0.000      623
                        18      16   0.410      725
                        19       0   0.000      623
                        20       0   0.000      623
                        21       0   0.000      623
                        22       0   0.000      623
                        23       0   0.000      623
                        24       0   0.000      623
                        25       0   0.000      657
                        26       0   0.000      634
                        27       0   0.000      623
                        28       0   0.000      623
                        29       0   0.000      624
                        30       0   0.000      625
                        31       0   0.000      626
                        32       0   0.000      786
                        33       0   0.000      269
Y - Directed channels:   i max occ ave occ capacity
                      ---- ------- ------- --------
                         0       0   0.000        2
                         1       0   0.000      287
                         2       1   0.029        4
                         3       1   0.029      848
                         4       0   0.000      874
                         5       0   0.000      819
                         6       0   0.000      760
                         7       0   0.000      761
                         8       0   0.000      761
                         9       0   0.000      761
                        10       0   0.000      757
                        11       0   0.000      775
                        12      25   0.829      757
                        13       0   0.000      761
                        14      25   0.829      761
                        15       0   0.000      761
                        16      25   0.829      761
                        17       0   0.000      761
                        18       0   0.000      761
                        19      17   1.429      816
                        20      25   0.829      761
                        21       0   0.000      883
                        22      30   1.800      761
                        23     232  17.229      761
                        24     189  16.914      761
                        25       0   0.000      761
                        26      29   0.943      757
                        27       6   0.171      775
                        28      36   1.771      757
                        29       9   0.257      761
                        30      30   1.286      761
                        31       0   0.000      761
                        32       0   0.000      761
                        33       0   0.000      763
                        34       0   0.000      762
                        35       0   0.000      764
                        36       0   0.000     1024
                        37       0   0.000      164

Total tracks in x-direction: 19611, in y-direction: 27046

Logic area (in minimum width transistor areas, excludes I/Os and empty grid tiles)...
	Total logic block area (Warning, need to add pitch of routing to blocks with height > 3): 1.3515e+07
	Total used logic block area: 150000

Routing area (in minimum width transistor areas)...
	Assuming no buffer sharing (pessimistic). Total: 1.07847e+09, per logic tile: 790090.
	Assuming buffer sharing (slightly optimistic). Total: 8.38760e+08, per logic tile: 614476.


Segment usage by type (index):    name type utilization
                               ------- ---- -----------
                                  sbox    2      0.0019
                                   vcc    3       0.026
                                   gnd    4      0.0319
                                  hop1    5      0.0025
                                  hop2    6     0.00148
                                  hop3    7      0.0128
                                  hop4    8    0.000633
                                 clock    9     0.00489
                               special   10           0

Segment usage by length: length utilization
                         ------ -----------
                              1     0.00206
                              2     0.00148
                              3      0.0128
                              4    0.000633


Final hold Worst Negative Slack (hWNS): 0 ns
Final hold Total Negative Slack (hTNS): 0 ns

Final hold slack histogram:
[    4e-09:  7.1e-09) 1 (  7.7%) |****************
[  7.1e-09:    1e-08) 0 (  0.0%) |
[    1e-08:  1.3e-08) 3 ( 23.1%) |*************************************************
[  1.3e-08:  1.6e-08) 1 (  7.7%) |****************
[  1.6e-08:  1.9e-08) 0 (  0.0%) |
[  1.9e-08:  2.2e-08) 1 (  7.7%) |****************
[  2.2e-08:  2.5e-08) 1 (  7.7%) |****************
[  2.5e-08:  2.8e-08) 2 ( 15.4%) |*********************************
[  2.8e-08:  3.1e-08) 1 (  7.7%) |****************
[  3.1e-08:  3.4e-08) 3 ( 23.1%) |*************************************************

Final intra-domain worst hold slacks per constraint:
  virtual_io_clock to virtual_io_clock worst hold slack: 33.2976 ns
  clock to clock worst hold slack: 4.03011 ns

Final inter-domain worst hold slacks per constraint:
  virtual_io_clock to clock worst hold slack: 11.8523 ns
  clock to virtual_io_clock worst hold slack: 23.7901 ns

Final critical path delay (least slack): 40.967 ns
Final setup Worst Negative Slack (sWNS): -40.967 ns
Final setup Total Negative Slack (sTNS): -350.891 ns

Final setup slack histogram:
[ -4.1e-08: -3.8e-08) 3 ( 23.1%) |*************************************************
[ -3.8e-08: -3.4e-08) 3 ( 23.1%) |*************************************************
[ -3.4e-08: -3.1e-08) 0 (  0.0%) |
[ -3.1e-08: -2.8e-08) 0 (  0.0%) |
[ -2.8e-08: -2.4e-08) 1 (  7.7%) |****************
[ -2.4e-08: -2.1e-08) 0 (  0.0%) |
[ -2.1e-08: -1.8e-08) 2 ( 15.4%) |*********************************
[ -1.8e-08: -1.4e-08) 2 ( 15.4%) |*********************************
[ -1.4e-08: -1.1e-08) 1 (  7.7%) |****************
[ -1.1e-08: -7.7e-09) 1 (  7.7%) |****************

Final intra-domain critical path delays (CPDs):
  clock to clock CPD: 16.8623 ns (59.3039 MHz)
  virtual_io_clock to virtual_io_clock CPD: 40.967 ns (24.4099 MHz)

Final inter-domain critical path delays (CPDs):
  virtual_io_clock to clock CPD: 20.9119 ns (47.8197 MHz)
  clock to virtual_io_clock CPD: 36.9174 ns (27.0875 MHz)

Final intra-domain worst setup slacks per constraint:
  clock to clock worst setup slack: -16.8623 ns
  virtual_io_clock to virtual_io_clock worst setup slack: -40.967 ns

Final inter-domain worst setup slacks per constraint:
  virtual_io_clock to clock worst setup slack: -20.9119 ns
  clock to virtual_io_clock worst setup slack: -36.9174 ns

Final geomean non-virtual intra-domain period: 16.8623 ns (59.3039 MHz)
Final fanout-weighted geomean non-virtual intra-domain period: 16.8623 ns (59.3039 MHz)

Incr Slack updates 1 in 1.1751e-05 sec
Full Max Req/Worst Slack updates 1 in 5.691e-06 sec
Incr Max Req/Worst Slack updates 0 in 0 sec
Incr Criticality updates 0 in 0 sec
Full Criticality updates 1 in 1.9858e-05 sec
Flow timing analysis took 0.005287 seconds (0.00426234 STA, 0.00102466 slack) (18 full updates: 0 setup, 0 hold, 18 combined).
VPR succeeded
The entire flow of VPR took 25.92 seconds (max_rss 402.4 MiB)
