#Timing report of worst 4 path(s)
# Unit scale: 1e-09 seconds
# Output precision: 3

#Path 1
Startpoint: z.inpad[0] (.input clocked by virtual_io_clock)
Endpoint  : out:a.outpad[0] (.output clocked by virtual_io_clock)
Path Type : setup

Point                                                             Incr      Path
--------------------------------------------------------------------------------
clock virtual_io_clock (rise edge)                               0.000     0.000
clock source latency                                             0.000     0.000
input external delay                                             0.000     0.000
z.inpad[0] (.input)                                              0.000     0.000
$iopadmap$one.z.I_PAD_$inp[0] (BIDIR_CELL)                       0.000     0.000
$iopadmap$one.z.I_DAT[0] (BIDIR_CELL)                           10.958    10.958
a_LUT1_O.f_frag.FS[0] (F_FRAG)                                   0.000    10.958
a_LUT1_O.f_frag.FZ[0] (F_FRAG)                                   0.612    11.570
$iopadmap$one.a.O_DAT[0] (BIDIR_CELL)                            0.000    11.570
$iopadmap$one.a.O_PAD_$out[0] (BIDIR_CELL)                       9.809    21.379
out:a.outpad[0] (.output)                                        0.000    21.379
data arrival time                                                         21.379

clock virtual_io_clock (rise edge)                               0.000     0.000
clock source latency                                             0.000     0.000
clock uncertainty                                                0.000     0.000
output external delay                                            0.000     0.000
data required time                                                         0.000
--------------------------------------------------------------------------------
data required time                                                         0.000
data arrival time                                                        -21.379
--------------------------------------------------------------------------------
slack (VIOLATED)                                                         -21.379


#Path 2
Startpoint: z.inpad[0] (.input clocked by virtual_io_clock)
Endpoint  : out:d.outpad[0] (.output clocked by virtual_io_clock)
Path Type : setup

Point                                                             Incr      Path
--------------------------------------------------------------------------------
clock virtual_io_clock (rise edge)                               0.000     0.000
clock source latency                                             0.000     0.000
input external delay                                             0.000     0.000
z.inpad[0] (.input)                                              0.000     0.000
$iopadmap$one.z.I_PAD_$inp[0] (BIDIR_CELL)                       0.000     0.000
$iopadmap$one.z.I_DAT[0] (BIDIR_CELL)                           10.958    10.958
a_LUT1_O.f_frag.FS[0] (F_FRAG)                                   0.000    10.958
a_LUT1_O.f_frag.FZ[0] (F_FRAG)                                   0.612    11.570
$iopadmap$one.d.O_DAT[0] (BIDIR_CELL)                            0.000    11.570
$iopadmap$one.d.O_PAD_$out[0] (BIDIR_CELL)                       9.809    21.379
out:d.outpad[0] (.output)                                        0.000    21.379
data arrival time                                                         21.379

clock virtual_io_clock (rise edge)                               0.000     0.000
clock source latency                                             0.000     0.000
clock uncertainty                                                0.000     0.000
output external delay                                            0.000     0.000
data required time                                                         0.000
--------------------------------------------------------------------------------
data required time                                                         0.000
data arrival time                                                        -21.379
--------------------------------------------------------------------------------
slack (VIOLATED)                                                         -21.379


#Path 3
Startpoint: z.inpad[0] (.input clocked by virtual_io_clock)
Endpoint  : out:e.outpad[0] (.output clocked by virtual_io_clock)
Path Type : setup

Point                                                             Incr      Path
--------------------------------------------------------------------------------
clock virtual_io_clock (rise edge)                               0.000     0.000
clock source latency                                             0.000     0.000
input external delay                                             0.000     0.000
z.inpad[0] (.input)                                              0.000     0.000
$iopadmap$one.z.I_PAD_$inp[0] (BIDIR_CELL)                       0.000     0.000
$iopadmap$one.z.I_DAT[0] (BIDIR_CELL)                           10.958    10.958
a_LUT1_O.f_frag.FS[0] (F_FRAG)                                   0.000    10.958
a_LUT1_O.f_frag.FZ[0] (F_FRAG)                                   0.612    11.570
$iopadmap$one.e.O_DAT[0] (BIDIR_CELL)                            0.000    11.570
$iopadmap$one.e.O_PAD_$out[0] (BIDIR_CELL)                       9.809    21.379
out:e.outpad[0] (.output)                                        0.000    21.379
data arrival time                                                         21.379

clock virtual_io_clock (rise edge)                               0.000     0.000
clock source latency                                             0.000     0.000
clock uncertainty                                                0.000     0.000
output external delay                                            0.000     0.000
data required time                                                         0.000
--------------------------------------------------------------------------------
data required time                                                         0.000
data arrival time                                                        -21.379
--------------------------------------------------------------------------------
slack (VIOLATED)                                                         -21.379


#Path 4
Startpoint: z.inpad[0] (.input clocked by virtual_io_clock)
Endpoint  : out:f.outpad[0] (.output clocked by virtual_io_clock)
Path Type : setup

Point                                                             Incr      Path
--------------------------------------------------------------------------------
clock virtual_io_clock (rise edge)                               0.000     0.000
clock source latency                                             0.000     0.000
input external delay                                             0.000     0.000
z.inpad[0] (.input)                                              0.000     0.000
$iopadmap$one.z.I_PAD_$inp[0] (BIDIR_CELL)                       0.000     0.000
$iopadmap$one.z.I_DAT[0] (BIDIR_CELL)                           10.958    10.958
a_LUT1_O.f_frag.FS[0] (F_FRAG)                                   0.000    10.958
a_LUT1_O.f_frag.FZ[0] (F_FRAG)                                   0.612    11.570
$iopadmap$one.f.O_DAT[0] (BIDIR_CELL)                            0.000    11.570
$iopadmap$one.f.O_PAD_$out[0] (BIDIR_CELL)                       9.809    21.379
out:f.outpad[0] (.output)                                        0.000    21.379
data arrival time                                                         21.379

clock virtual_io_clock (rise edge)                               0.000     0.000
clock source latency                                             0.000     0.000
clock uncertainty                                                0.000     0.000
output external delay                                            0.000     0.000
data required time                                                         0.000
--------------------------------------------------------------------------------
data required time                                                         0.000
data arrival time                                                        -21.379
--------------------------------------------------------------------------------
slack (VIOLATED)                                                         -21.379


#End of timing report
