VPR FPGA Placement and Routing.
Version: 8.1.0-dev+dadca7ecf
Revision: v8.0.0-rc2-2894-gdadca7ecf
Compiled: 2020-10-14T15:08:54
Compiler: GNU 7.3.0 on Linux-4.15.0-1028-gcp x86_64
Build Info: Release IPO VTR_ASSERT_LEVEL=2

University of Toronto
verilogtorouting.org
vtr-users@googlegroups.com
This is free open source code under MIT license.

VPR was run with the following command-line:
vpr /home/veeracharyulu/qorc-sdk/fpga_toolchain_install/v1.3.1/quicklogic-arch-defs/share/arch/ql-eos-s3_wlcsp/arch.timing.xml fsm_sd.eblif --device ql-eos-s3 --max_router_iterations 500 --routing_failure_predictor off --router_high_fanout_threshold -1 --constant_net_method route --route_chan_width 100 --clock_modeling route --place_delay_model delta_override --router_lookahead map --check_route quick --strict_checks off --allow_dangling_combinational_nodes on --disable_errors check_unbuffered_edges:check_route --congested_routing_iteration_threshold 0.8 --incremental_reroute_delay_ripup off --base_cost_type delay_normalized_length_bounded --bb_factor 10 --initial_pres_fac 4.0 --check_rr_graph off --suppress_warnings ,sum_pin_class:check_unbuffered_edges:load_rr_indexed_data_T_values:check_rr_node:trans_per_R:check_route:set_rr_graph_tool_comment:warn_model_missing_timing --read_rr_graph /home/veeracharyulu/qorc-sdk/fpga_toolchain_install/v1.3.1/quicklogic-arch-defs/share/arch/ql-eos-s3_wlcsp/rr_graph_ql-eos-s3_wlcsp.rr_graph.real.bin --read_placement_delay_lookup /home/veeracharyulu/qorc-sdk/fpga_toolchain_install/v1.3.1/quicklogic-arch-defs/share/arch/ql-eos-s3_wlcsp/rr_graph_ql-eos-s3_wlcsp.place_delay.bin --sdc_file /home/veeracharyulu/qorc-sdk/vaman/trunk/fpga/fsm_sd/build/fsm_sd_dummy.sdc --fix_clusters fsm_sd_constraints.place --place

Using up to 1 parallel worker(s)

Architecture file: /home/veeracharyulu/qorc-sdk/fpga_toolchain_install/v1.3.1/quicklogic-arch-defs/share/arch/ql-eos-s3_wlcsp/arch.timing.xml
Circuit name: fsm_sd

# Loading Architecture Description
# Loading Architecture Description took 0.30 seconds (max_rss 31.0 MiB, delta_rss +24.7 MiB)
# Building complex block graph
# Building complex block graph took 0.06 seconds (max_rss 39.7 MiB, delta_rss +8.8 MiB)
# Load circuit
# Load circuit took 0.01 seconds (max_rss 41.7 MiB, delta_rss +2.0 MiB)
# Clean circuit
Absorbed 1206 LUT buffers
Inferred  106 additional primitive pins as constant generators since they have no combinationally connected inputs
Inferred   38 additional primitive pins as constant generators due to constant inputs
Inferred    0 additional primitive pins as constant generators since they have no combinationally connected inputs
Inferred    0 additional primitive pins as constant generators due to constant inputs
Inferred    0 additional primitive pins as constant generators since they have no combinationally connected inputs
Inferred    0 additional primitive pins as constant generators due to constant inputs
Swept input(s)      : 0
Swept output(s)     : 0 (0 dangling, 0 constant)
Swept net(s)        : 141
Swept block(s)      : 1
Constant Pins Marked: 144
# Clean circuit took 0.01 seconds (max_rss 43.9 MiB, delta_rss +2.2 MiB)
# Compress circuit
# Compress circuit took 0.00 seconds (max_rss 43.9 MiB, delta_rss +0.0 MiB)
# Verify circuit
# Verify circuit took 0.00 seconds (max_rss 43.9 MiB, delta_rss +0.0 MiB)
Circuit Statistics:
  Blocks: 161
    .input    :       1
    .output   :       9
    ASSP      :       1
    BIDIR_CELL:      10
    C_FRAG    :      37
    F_FRAG    :       3
    GND       :       1
    Q_FRAG    :      42
    T_FRAG    :      56
    VCC       :       1
  Nets  : 152
    Avg Fanout:     9.1
    Max Fanout:   588.0
    Min Fanout:     1.0
  Netlist Clocks: 1
# Build Timing Graph
  Timing Graph Nodes: 1528
  Timing Graph Edges: 2488
  Timing Graph Levels: 20
# Build Timing Graph took 0.00 seconds (max_rss 43.9 MiB, delta_rss +0.0 MiB)
Netlist contains 1 clocks
  Netlist Clock 'clk' Fanout: 42 pins (2.7%), 42 blocks (26.1%)
# Load Timing Constraints

SDC file '/home/veeracharyulu/qorc-sdk/vaman/trunk/fpga/fsm_sd/build/fsm_sd_dummy.sdc' contained no SDC commands
Setting default timing constraints:
   * constrain all primay inputs and primary outputs on netlist clock 'clk'
   * optimize netlist clock to run as fast as possible
Timing constraints created 1 clocks
  Constrained Clock 'clk' Source: 'u_qlal4s3b_cell_macro.Sys_Clk0[0]'

# Load Timing Constraints took 0.00 seconds (max_rss 43.9 MiB, delta_rss +0.0 MiB)
Timing analysis: ON
Circuit netlist file: fsm_sd.net
Circuit placement file: fsm_sd.place
Circuit routing file: fsm_sd.route
Circuit SDC file: /home/veeracharyulu/qorc-sdk/vaman/trunk/fpga/fsm_sd/build/fsm_sd_dummy.sdc

Packer: ENABLED
Placer: ENABLED
Router: DISABLED
Analysis: DISABLED

NetlistOpts.abosrb_buffer_luts            : true
NetlistOpts.sweep_dangling_primary_ios    : true
NetlistOpts.sweep_dangling_nets           : true
NetlistOpts.sweep_dangling_blocks         : true
NetlistOpts.sweep_constant_primary_outputs: false
NetlistOpts.netlist_verbosity             : 1
NetlistOpts.const_gen_inference           : COMB_SEQ

PackerOpts.allow_unrelated_clustering: auto
PackerOpts.alpha_clustering: 0.750000
PackerOpts.beta_clustering: 0.900000
PackerOpts.cluster_seed_type: BLEND2
PackerOpts.connection_driven: true
PackerOpts.global_clocks: true
PackerOpts.hill_climbing_flag: false
PackerOpts.inter_cluster_net_delay: 1.000000
PackerOpts.timing_driven: true
PackerOpts.target_external_pin_util: auto

PlacerOpts.place_freq: PLACE_ONCE
PlacerOpts.place_algorithm: CRITICALITY_TIMING_PLACE
PlacerOpts.pad_loc_type: FREE
PlacerOpts.constraints_file: Using constraints file 'fsm_sd_constraints.place'
PlacerOpts.place_cost_exp: 1.000000
PlacerOpts.place_chan_width: 100
PlacerOpts.inner_loop_recompute_divider: 0
PlacerOpts.recompute_crit_iter: 1
PlacerOpts.timing_tradeoff: 0.500000
PlacerOpts.td_place_exp_first: 1.000000
PlacerOpts.td_place_exp_last: 8.000000
PlacerOpts.delay_offset: 0.000000
PlacerOpts.delay_ramp_delta_threshold: -1
PlacerOpts.delay_ramp_slope: 0.000000
PlacerOpts.tsu_rel_margin: 1.000000
PlacerOpts.tsu_abs_margin: 0.000000
PlacerOpts.post_place_timing_report_file: 
PlacerOpts.allowed_tiles_for_delay_model: 
PlacerOpts.delay_model_reducer: MIN
PlacerOpts.delay_model_type: DELTA_OVERRIDE
PlacerOpts.rlim_escape_fraction: 0.000000
PlacerOpts.move_stats_file: 
PlacerOpts.placement_saves_per_temperature: 0
PlacerOpts.effort_scaling: CIRCUIT
PlacerOpts.place_delta_delay_matrix_calculation_method: ASTAR_ROUTE
PlaceOpts.seed: 1
AnnealSched.type: AUTO_SCHED
AnnealSched.inner_num: 1.000000

RoutingArch.directionality: BI_DIRECTIONAL
RoutingArch.switch_block_type: WILTON
RoutingArch.Fs: 3

# Load Packing
Begin loading packed FPGA netlist file.
Netlist generated from file 'fsm_sd.net'.
Detected 2 constant generators (to see names run with higher pack verbosity)
Finished loading packed FPGA netlist file (took 0.028677 seconds).
# Load Packing took 0.03 seconds (max_rss 45.8 MiB, delta_rss +1.9 MiB)
Warning 1: Netlist contains 0 global net to non-global architecture pin connections
Warning 2: Logic block #76 ($false) has only 1 output pin '$false.GND0_GND[0]'. It may be a constant generator.
Warning 3: Logic block #77 ($true) has only 1 output pin '$true.VCC0_VCC[0]'. It may be a constant generator.

Netlist num_nets: 112
Netlist num_blocks: 78
Netlist EMPTY blocks: 0.
Netlist PB-SYN_GND blocks: 1.
Netlist PB-BIDIR blocks: 10.
Netlist PB-ASSP blocks: 1.
Netlist PB-LOGIC blocks: 65.
Netlist PB-SDIOMUX blocks: 0.
Netlist PB-MULT blocks: 0.
Netlist PB-GMUX blocks: 0.
Netlist PB-CLOCK blocks: 0.
Netlist PB-RAM blocks: 0.
Netlist PB-SYN_VCC blocks: 1.
Netlist inputs pins: 1
Netlist output pins: 29


Pb types usage...
  PB-SYN_GND        : 1
   GND              : 1
  PB-BIDIR          : 10
   BIDIR            : 10
    INPUT           : 1
     bidir          : 1
     inpad          : 1
    OUTPUT          : 9
     bidir          : 9
     outpad         : 9
  PB-ASSP           : 1
   ASSP             : 1
  PB-LOGIC          : 65
   LOGIC            : 65
    FRAGS           : 65
     c_frag_modes   : 65
      SINGLE        : 37
       c_frag       : 37
      SPLIT         : 28
       b_frag       : 28
       t_frag       : 28
     f_frag         : 3
     q_frag_modes   : 42
      INT           : 30
       q_frag       : 30
      EXT           : 12
       q_frag       : 12
  PB-SYN_VCC        : 1
   VCC              : 1

# Create Device
## Build Device Grid
FPGA sized to 39 x 35: 1365 grid tiles (ql-eos-s3)

Resource usage...
	Netlist
		1	blocks of type: PB-SYN_GND
	Architecture
		1	blocks of type: TL-SYN_GND
	Netlist
		10	blocks of type: PB-BIDIR
	Architecture
		32	blocks of type: TL-BIDIR
	Netlist
		1	blocks of type: PB-ASSP
	Architecture
		1	blocks of type: TL-ASSP
	Netlist
		65	blocks of type: PB-LOGIC
	Architecture
		891	blocks of type: TL-LOGIC
	Netlist
		0	blocks of type: PB-SDIOMUX
	Architecture
		14	blocks of type: TL-SDIOMUX
	Netlist
		0	blocks of type: PB-MULT
	Architecture
		2	blocks of type: TL-MULT
	Netlist
		0	blocks of type: PB-GMUX
	Architecture
		5	blocks of type: TL-GMUX
	Netlist
		0	blocks of type: PB-CLOCK
	Architecture
		5	blocks of type: TL-CLOCK
	Netlist
		0	blocks of type: PB-RAM
	Architecture
		4	blocks of type: TL-RAM
	Netlist
		1	blocks of type: PB-SYN_VCC
	Architecture
		1	blocks of type: TL-SYN_VCC

Device Utilization: 0.06 (target 1.00)
	Physical Tile TL-LOGIC:
	Block Utilization: 0.07 Logical Block: PB-LOGIC
	Physical Tile TL-RAM:
	Block Utilization: 0.00 Logical Block: PB-RAM
	Physical Tile TL-MULT:
	Block Utilization: 0.00 Logical Block: PB-MULT
	Physical Tile TL-BIDIR:
	Block Utilization: 0.31 Logical Block: PB-BIDIR
	Physical Tile TL-CLOCK:
	Block Utilization: 0.00 Logical Block: PB-CLOCK
	Physical Tile TL-SDIOMUX:
	Block Utilization: 0.00 Logical Block: PB-SDIOMUX
	Physical Tile TL-GMUX:
	Block Utilization: 0.00 Logical Block: PB-GMUX
	Physical Tile TL-ASSP:
	Block Utilization: 1.00 Logical Block: PB-ASSP
	Physical Tile TL-SYN_VCC:
	Block Utilization: 1.00 Logical Block: PB-SYN_VCC
	Physical Tile TL-SYN_GND:
	Block Utilization: 1.00 Logical Block: PB-SYN_GND

## Build Device Grid took 0.00 seconds (max_rss 46.2 MiB, delta_rss +0.0 MiB)
## Loading routing resource graph


## Loading routing resource graph took 0.44 seconds (max_rss 353.8 MiB, delta_rss +307.5 MiB)
  RR Graph Nodes: 1396446
  RR Graph Edges: 2337988
# Create Device took 0.90 seconds (max_rss 355.9 MiB, delta_rss +309.7 MiB)

# Computing router lookahead map
## Computing wire lookahead
Warning 4: Unable to find any sample location for segment CHANX type 'generic' (length 1)
Warning 5: Unable to find any sample location for segment CHANY type 'generic' (length 1)
Warning 6: Unable to find any sample location for segment CHANX type 'pad' (length 1)
Warning 7: Unable to find any sample location for segment CHANY type 'pad' (length 1)
## Computing wire lookahead took 15.39 seconds (max_rss 355.9 MiB, delta_rss +0.0 MiB)
## Computing src/opin lookahead
## Computing src/opin lookahead took 0.00 seconds (max_rss 355.9 MiB, delta_rss +0.0 MiB)
# Computing router lookahead map took 15.39 seconds (max_rss 355.9 MiB, delta_rss +0.0 MiB)
# Placement
## Computing placement delta delay look-up
  RR Graph Nodes: 1396446
  RR Graph Edges: 2337988
## Computing placement delta delay look-up took 0.48 seconds (max_rss 404.8 MiB, delta_rss +48.9 MiB)
Warning 8: CHANX place cost fac is 0 at 2 2
Warning 9: CHANX place cost fac is 0 at 34 34
Warning 10: CHANY place cost fac is 0 at 38 38
## Initial Placement
Reading fsm_sd_constraints.place.

Successfully read fsm_sd_constraints.place.

## Initial Placement took 0.00 seconds (max_rss 404.8 MiB, delta_rss +0.0 MiB)

There are 1308 point to point connections in this circuit.


BB estimate of min-dist (placement) wire length: 5740

Completed placement consistency check successfully.
Initial placement cost: 1 bb_cost: 8.51424 td_cost: 2.53429e-06
Initial placement estimated Critical Path Delay (CPD): 86.3814 ns
Initial placement estimated setup Total Negative Slack (sTNS): -3776.03 ns
Initial placement estimated setup Worst Negative Slack (sWNS): -86.3814 ns

Initial placement estimated setup slack histogram:
[ -8.6e-08:   -8e-08) 11 ( 18.6%) |*************************
[   -8e-08: -7.3e-08) 21 ( 35.6%) |************************************************
[ -7.3e-08: -6.7e-08)  7 ( 11.9%) |****************
[ -6.7e-08:   -6e-08)  1 (  1.7%) |**
[   -6e-08: -5.4e-08)  0 (  0.0%) |
[ -5.4e-08: -4.7e-08)  4 (  6.8%) |*********
[ -4.7e-08: -4.1e-08)  2 (  3.4%) |*****
[ -4.1e-08: -3.4e-08)  3 (  5.1%) |*******
[ -3.4e-08: -2.8e-08)  6 ( 10.2%) |**************
[ -2.8e-08: -2.1e-08)  4 (  6.8%) |*********
Placement contains 0 placement macros involving 0 blocks (average macro size -nan)

Moves per temperature: 333
Warning 11: Starting t: 76 of 78 configurations accepted.

---- ------ ------- ------- ---------- ---------- ------- ---------- -------- ------- ------- ------ -------- --------- ------
Tnum   Time       T Av Cost Av BB Cost Av TD Cost     CPD       sTNS     sWNS Ac Rate Std Dev  R lim Crit Exp Tot Moves  Alpha
      (sec)                                          (ns)       (ns)     (ns)                                                 
---- ------ ------- ------- ---------- ---------- ------- ---------- -------- ------- ------- ------ -------- --------- ------
   1    0.0 3.5e-01   0.958       8.45 2.2982e-06 105.976  -4.42e+03 -105.976   0.958  0.0221   38.0     1.00       333  0.200
   2    0.0 3.2e-01   0.978       8.35 2.4198e-06  91.302  -3.95e+03  -91.302   0.973  0.0168   38.0     1.00       666  0.900
   3    0.0 1.6e-01   1.001       8.48 2.4093e-06 100.105  -4.21e+03 -100.105   0.952  0.0141   38.0     1.00       999  0.500
   4    0.0 1.4e-01   0.974       8.58 2.401e-06   99.663  -4.03e+03  -99.663   0.946  0.0216   38.0     1.00      1332  0.900
   5    0.0 1.3e-01   1.004       8.41 2.2425e-06 106.151  -4.42e+03 -106.151   0.922  0.0157   38.0     1.00      1665  0.900
   6    0.0 1.2e-01   0.975       8.26 2.4519e-06  92.727  -3.89e+03  -92.727   0.931  0.0219   38.0     1.00      1998  0.900
   7    0.0 1.0e-01   0.979       8.36 2.275e-06  101.443  -4.35e+03 -101.443   0.946  0.0225   38.0     1.00      2331  0.900
   8    0.0 9.4e-02   1.001       8.15 2.3305e-06  97.838  -4.14e+03  -97.838   0.943  0.0301   38.0     1.00      2664  0.900
   9    0.0 8.4e-02   0.974       8.35 2.373e-06   98.901  -4.04e+03  -98.901   0.946  0.0373   38.0     1.00      2997  0.900
  10    0.0 7.6e-02   1.040       8.52 2.3698e-06  91.934  -3.77e+03  -91.934   0.886  0.0225   38.0     1.00      3330  0.900
  11    0.0 6.8e-02   0.995       8.18 2.3854e-06  89.961  -4.02e+03  -89.961   0.898  0.0289   38.0     1.00      3663  0.900
  12    0.0 6.2e-02   0.956       8.30 2.3503e-06 100.010  -4.21e+03 -100.010   0.931  0.0324   38.0     1.00      3996  0.900
  13    0.0 5.5e-02   1.067       8.24 2.4122e-06  89.435  -3.69e+03  -89.435   0.928  0.0330   38.0     1.00      4329  0.900
  14    0.0 5.0e-02   0.980       7.99 2.2612e-06 101.869  -4.19e+03 -101.869   0.922  0.0255   38.0     1.00      4662  0.900
  15    0.0 4.5e-02   0.966       7.92 2.222e-06   95.259   -4.1e+03  -95.259   0.880  0.0266   38.0     1.00      4995  0.900
  16    0.0 4.0e-02   1.012       8.24 2.4356e-06  84.499  -3.68e+03  -84.499   0.904  0.0234   38.0     1.00      5328  0.900
  17    0.0 3.6e-02   1.011       8.24 2.2309e-06  99.911  -4.15e+03  -99.911   0.919  0.0163   38.0     1.00      5661  0.900
  18    0.0 3.3e-02   1.056       8.30 2.5012e-06  84.401  -3.54e+03  -84.401   0.901  0.0508   38.0     1.00      5994  0.900
  19    0.0 2.9e-02   0.958       8.36 2.4716e-06  93.705  -4.07e+03  -93.705   0.898  0.0228   38.0     1.00      6327  0.900
  20    0.0 2.6e-02   1.045       8.22 2.2557e-06  97.287  -3.95e+03  -97.287   0.880  0.0191   38.0     1.00      6660  0.900
  21    0.0 2.4e-02   0.984       8.31 2.3728e-06  92.237  -3.87e+03  -92.237   0.850  0.0244   38.0     1.00      6993  0.900
  22    0.0 2.1e-02   0.953       7.87 2.2691e-06  97.237  -4.22e+03  -97.237   0.865  0.0245   38.0     1.00      7326  0.900
  23    0.0 1.9e-02   1.015       8.23 2.2688e-06 105.246  -4.24e+03 -105.246   0.868  0.0170   38.0     1.00      7659  0.900
  24    0.0 1.7e-02   0.987       8.08 2.1377e-06 108.543  -4.33e+03 -108.543   0.802  0.0215   38.0     1.00      7992  0.900
  25    0.0 1.6e-02   0.973       7.98 2.1604e-06  98.686  -4.05e+03  -98.686   0.820  0.0198   38.0     1.00      8325  0.900
  26    0.0 1.4e-02   0.929       7.85 2.134e-06   98.192   -4.2e+03  -98.192   0.727  0.0601   38.0     1.00      8658  0.900
  27    0.0 1.3e-02   1.064       7.58 2.2735e-06  78.073  -3.44e+03  -78.073   0.802  0.0357   38.0     1.00      8991  0.950
  28    0.0 1.2e-02   0.963       7.80 2.2202e-06  94.720  -4.06e+03  -94.720   0.760  0.0184   38.0     1.00      9324  0.900
  29    0.0 1.1e-02   1.027       7.83 2.2054e-06  96.560  -4.03e+03  -96.560   0.706  0.0321   38.0     1.00      9657  0.950
  30    0.0 1.1e-02   0.963       7.52 2.2137e-06  88.673  -3.75e+03  -88.673   0.709  0.0227   38.0     1.00      9990  0.950
  31    0.0 1.0e-02   1.033       7.55 2.0015e-06  97.120  -4.02e+03  -97.120   0.715  0.0309   38.0     1.00     10323  0.950
  32    0.0 9.8e-03   0.990       7.49 2.1097e-06  86.742  -3.68e+03  -86.742   0.667  0.0167   38.0     1.00     10656  0.950
  33    0.0 9.3e-03   1.039       7.66 2.2078e-06  79.633   -3.4e+03  -79.633   0.700  0.0329   38.0     1.00     10989  0.950
  34    0.0 8.9e-03   0.999       7.65 1.9512e-06 104.578  -4.39e+03 -104.578   0.676  0.0207   38.0     1.00     11322  0.950
  35    0.0 8.4e-03   0.952       7.20 2.0754e-06  83.924  -3.57e+03  -83.924   0.595  0.0158   38.0     1.00     11655  0.950
  36    0.0 8.0e-03   1.012       7.25 2.0774e-06  80.421  -3.37e+03  -80.421   0.610  0.0154   38.0     1.00     11988  0.950
  37    0.0 7.6e-03   1.044       7.35 2.0647e-06  84.347  -3.54e+03  -84.347   0.625  0.0229   38.0     1.00     12321  0.950
  38    0.0 7.2e-03   0.972       7.11 1.9308e-06  91.984  -3.91e+03  -91.984   0.568  0.0182   38.0     1.00     12654  0.950
  39    0.0 6.8e-03   0.961       6.92 1.9708e-06  87.296  -3.64e+03  -87.296   0.523  0.0260   38.0     1.00     12987  0.950
  40    0.0 6.5e-03   0.960       6.81 1.9005e-06  90.435  -3.64e+03  -90.435   0.532  0.0239   38.0     1.00     13320  0.950
  41    0.0 6.2e-03   1.001       6.76 1.8334e-06  86.021  -3.63e+03  -86.021   0.529  0.0126   38.0     1.00     13653  0.950
  42    0.0 5.9e-03   0.989       6.87 1.9046e-06  87.531  -3.54e+03  -87.531   0.462  0.0152   38.0     1.00     13986  0.950
  43    0.0 5.6e-03   0.984       6.75 1.9166e-06  85.703  -3.67e+03  -85.703   0.532  0.0152   38.0     1.00     14319  0.950
  44    0.0 5.3e-03   0.973       6.40 1.8374e-06  80.283  -3.46e+03  -80.283   0.435  0.0192   38.0     1.00     14652  0.950
  45    0.0 5.0e-03   0.962       6.45 1.9501e-06  71.195  -3.13e+03  -71.195   0.429  0.0252   37.8     1.03     14985  0.950
  46    0.0 4.8e-03   0.985       6.18 1.724e-06   76.184  -3.26e+03  -76.184   0.417  0.0302   37.4     1.11     15318  0.950
  47    0.0 4.5e-03   0.986       6.35 1.6436e-06  77.329  -3.32e+03  -77.329   0.399  0.0091   36.6     1.27     15651  0.950
  48    0.0 4.3e-03   0.981       6.18 1.3632e-06  85.693  -3.61e+03  -85.693   0.357  0.0203   35.1     1.55     15984  0.950
  49    0.0 4.1e-03   1.016       6.37 1.2014e-06  76.371  -3.27e+03  -76.371   0.393  0.0205   32.2     2.10     16317  0.950
  50    0.0 3.9e-03   1.012       6.23 1.1435e-06  67.815     -3e+03  -67.815   0.354  0.0168   30.7     2.38     16650  0.950
  51    0.0 3.7e-03   1.023       6.29 1.0238e-06  71.431  -3.16e+03  -71.431   0.315  0.0123   28.1     2.88     16983  0.950
  52    0.0 3.5e-03   0.971       6.24 8.825e-07   73.258  -3.26e+03  -73.258   0.333  0.0116   24.6     3.54     17316  0.950
  53    0.0 3.3e-03   0.965       5.84 7.636e-07   74.037  -3.11e+03  -74.037   0.309  0.0138   21.9     4.04     17649  0.950
  54    0.0 3.2e-03   0.967       5.88 6.4835e-07  74.069  -3.26e+03  -74.069   0.315  0.0281   19.1     4.58     17982  0.950
  55    0.0 3.0e-03   1.000       5.92 5.6513e-07  69.986     -3e+03  -69.986   0.300  0.0084   16.7     5.03     18315  0.950
  56    0.0 2.9e-03   0.941       5.55 6.1642e-07  59.374  -2.69e+03  -59.374   0.288  0.0287   14.4     5.47     18648  0.950
  57    0.0 2.7e-03   0.990       5.31 4.448e-07   61.911  -2.73e+03  -61.911   0.261  0.0079   12.2     5.88     18981  0.950
  58    0.0 2.6e-03   0.991       5.16 4.2482e-07  59.717  -2.67e+03  -59.717   0.276  0.0156   10.0     6.30     19314  0.950
  59    0.0 2.5e-03   1.022       5.13 4.9651e-07  55.022  -2.51e+03  -55.022   0.303  0.0145    8.4     6.61     19647  0.950
  60    0.0 2.3e-03   0.990       4.98 4.6018e-07  61.570  -2.79e+03  -61.570   0.321  0.0087    7.2     6.82     19980  0.950
  61    0.0 2.2e-03   0.985       4.84 4.047e-07   61.317   -2.7e+03  -61.317   0.351  0.0116    6.4     6.98     20313  0.950
  62    0.0 2.1e-03   0.985       4.89 4.6297e-07  54.774   -2.5e+03  -54.774   0.348  0.0081    5.8     7.09     20646  0.950
  63    0.0 2.0e-03   0.991       4.87 3.891e-07   61.251   -2.7e+03  -61.251   0.324  0.0126    5.3     7.19     20979  0.950
  64    0.0 1.9e-03   0.988       4.73 3.8214e-07  56.195  -2.48e+03  -56.195   0.351  0.0107    4.7     7.31     21312  0.950
  65    0.0 1.8e-03   0.990       4.63 4.5478e-07  51.653  -2.35e+03  -51.653   0.381  0.0077    4.2     7.39     21645  0.950
  66    0.0 1.7e-03   0.992       4.58 4.3531e-07  51.561  -2.37e+03  -51.561   0.435  0.0066    4.0     7.43     21978  0.950
  67    0.0 1.6e-03   0.997       4.52 4.0808e-07  54.182  -2.43e+03  -54.182   0.438  0.0046    4.0     7.44     22311  0.950
  68    0.0 1.5e-03   0.974       4.41 4.0717e-07  54.322  -2.43e+03  -54.322   0.327  0.0145    4.0     7.44     22644  0.950
  69    0.0 1.5e-03   0.991       4.38 3.9849e-07  51.488  -2.35e+03  -51.488   0.354  0.0105    3.5     7.52     22977  0.950
  70    0.0 1.4e-03   0.994       4.33 3.696e-07   54.255  -2.45e+03  -54.255   0.279  0.0069    3.2     7.58     23310  0.950
  71    0.0 1.3e-03   0.987       4.28 3.8664e-07  48.645  -2.25e+03  -48.645   0.336  0.0047    2.7     7.68     23643  0.950
  72    0.0 1.3e-03   0.986       4.19 3.6715e-07  54.055  -2.41e+03  -54.055   0.306  0.0074    2.4     7.73     23976  0.950
  73    0.0 1.2e-03   1.006       4.18 3.6686e-07  51.982  -2.35e+03  -51.982   0.354  0.0053    2.1     7.79     24309  0.950
  74    0.0 1.1e-03   0.985       4.18 3.8841e-07  50.121  -2.26e+03  -50.121   0.435  0.0089    1.9     7.83     24642  0.950
  75    0.0 1.1e-03   0.994       4.05 3.8616e-07  48.223  -2.22e+03  -48.223   0.402  0.0037    1.9     7.83     24975  0.950
  76    0.0 1.0e-03   0.994       4.06 3.8056e-07  48.690  -2.22e+03  -48.690   0.387  0.0039    1.8     7.84     25308  0.950
  77    0.0 9.8e-04   0.998       4.06 3.7618e-07  47.878  -2.19e+03  -47.878   0.393  0.0074    1.7     7.86     25641  0.950
  78    0.0 9.3e-04   0.996       4.01 4.0363e-07  47.534  -2.25e+03  -47.534   0.348  0.0054    1.7     7.87     25974  0.950
  79    0.0 8.8e-04   0.988       3.97 3.4694e-07  50.726  -2.31e+03  -50.726   0.327  0.0034    1.5     7.90     26307  0.950
  80    0.0 8.4e-04   0.993       3.97 3.5982e-07  47.437  -2.18e+03  -47.437   0.270  0.0038    1.3     7.94     26640  0.950
  81    0.0 7.9e-04   0.995       3.97 3.3207e-07  47.851  -2.21e+03  -47.851   0.273  0.0029    1.1     7.98     26973  0.950
  82    0.0 7.5e-04   0.997       3.98 3.6642e-07  46.460  -2.15e+03  -46.460   0.288  0.0037    1.0     8.00     27306  0.950
  83    0.0 7.2e-04   0.994       3.89 3.2563e-07  49.478  -2.24e+03  -49.478   0.279  0.0032    1.0     8.00     27639  0.950
  84    0.0 6.8e-04   0.993       3.87 3.5901e-07  47.955  -2.21e+03  -47.955   0.252  0.0049    1.0     8.00     27972  0.950
  85    0.0 6.5e-04   0.994       3.82 3.8251e-07  46.740  -2.21e+03  -46.740   0.255  0.0019    1.0     8.00     28305  0.950
  86    0.0 6.1e-04   0.997       3.80 3.9328e-07  46.415   -2.2e+03  -46.415   0.267  0.0024    1.0     8.00     28638  0.950
  87    0.0 5.8e-04   1.001       3.77 3.9938e-07  45.340  -2.16e+03  -45.340   0.192  0.0021    1.0     8.00     28971  0.950
  88    0.0 5.5e-04   1.001       3.77 3.9561e-07  45.803  -2.17e+03  -45.803   0.210  0.0020    1.0     8.00     29304  0.950
  89    0.0 5.3e-04   0.996       3.78 3.6744e-07  47.742  -2.22e+03  -47.742   0.165  0.0029    1.0     8.00     29637  0.950
  90    0.0 5.0e-04   0.998       3.75 3.9388e-07  47.010  -2.22e+03  -47.010   0.165  0.0015    1.0     8.00     29970  0.950
  91    0.0 4.8e-04   0.998       3.78 3.5849e-07  47.575   -2.2e+03  -47.575   0.204  0.0021    1.0     8.00     30303  0.950
  92    0.0 4.5e-04   0.995       3.76 3.6337e-07  45.980  -2.14e+03  -45.980   0.126  0.0036    1.0     8.00     30636  0.950
  93    0.0 3.6e-04   0.998       3.73 3.7767e-07  45.704  -2.16e+03  -45.704   0.153  0.0022    1.0     8.00     30969  0.800
  94    0.0 3.4e-04   0.996       3.72 3.4586e-07  47.188  -2.18e+03  -47.188   0.132  0.0030    1.0     8.00     31302  0.950
  95    0.0 2.7e-04   0.997       3.70 3.5434e-07  47.081  -2.19e+03  -47.081   0.090  0.0021    1.0     8.00     31635  0.800
  96    0.0 2.2e-04   1.000       3.69 3.5558e-07  46.452  -2.19e+03  -46.452   0.054  0.0007    1.0     8.00     31968  0.800
  97    0.0 1.8e-04   0.998       3.69 3.5558e-07  46.452  -2.18e+03  -46.452   0.060  0.0009    1.0     8.00     32301  0.800
  98    0.0 1.4e-04   0.999       3.67 3.5367e-07  46.452  -2.18e+03  -46.452   0.030  0.0005    1.0     8.00     32634  0.800
  99    0.0 1.1e-04   0.998       3.67 3.5198e-07  46.452  -2.18e+03  -46.452   0.060  0.0010    1.0     8.00     32967  0.800
 100    0.0 9.0e-05   1.000       3.66 3.5062e-07  46.452  -2.18e+03  -46.452   0.030  0.0001    1.0     8.00     33300  0.800
 101    0.0 7.2e-05   0.999       3.65 3.5043e-07  46.452  -2.18e+03  -46.452   0.030  0.0006    1.0     8.00     33633  0.800
 102    0.0 5.8e-05   1.000       3.65 3.5055e-07  46.452  -2.18e+03  -46.452   0.003  0.0000    1.0     8.00     33966  0.800
 103    0.0 4.6e-05   1.000       3.65 3.5051e-07  46.452  -2.18e+03  -46.452   0.012  0.0002    1.0     8.00     34299  0.800
 104    0.0 0.0e+00   1.000       3.65 3.5101e-07  46.452  -2.18e+03  -46.452   0.009  0.0000    1.0     8.00     34632  0.800
## Placement Quench took 0.00 seconds (max_rss 404.8 MiB)

BB estimate of min-dist (placement) wire length: 2435

Completed placement consistency check successfully.

Swaps called: 34710

Aborted Move Reasons:
  No moves aborted

Placement estimated critical path delay (least slack): 46.4516 ns, Fmax: 21.5278 MHz
Placement estimated setup Worst Negative Slack (sWNS): -46.4516 ns
Placement estimated setup Total Negative Slack (sTNS): -2177.22 ns

Placement estimated setup slack histogram:
[ -4.6e-08: -4.3e-08) 20 ( 33.9%) |************************************************
[ -4.3e-08: -3.9e-08) 19 ( 32.2%) |**********************************************
[ -3.9e-08: -3.5e-08)  1 (  1.7%) |**
[ -3.5e-08: -3.2e-08)  0 (  0.0%) |
[ -3.2e-08: -2.8e-08)  7 ( 11.9%) |*****************
[ -2.8e-08: -2.4e-08)  1 (  1.7%) |**
[ -2.4e-08:   -2e-08)  5 (  8.5%) |************
[   -2e-08: -1.7e-08)  2 (  3.4%) |*****
[ -1.7e-08: -1.3e-08)  1 (  1.7%) |**
[ -1.3e-08: -9.1e-09)  3 (  5.1%) |*******

Placement estimated geomean non-virtual intra-domain period: 46.4516 ns (21.5278 MHz)
Placement estimated fanout-weighted geomean non-virtual intra-domain period: 46.4516 ns (21.5278 MHz)

Placement cost: 0.999941, bb_cost: 3.64748, td_cost: 3.51238e-07, 

Placement resource usage:
  PB-SYN_GND implemented as TL-SYN_GND: 1
  PB-BIDIR   implemented as TL-BIDIR  : 10
  PB-ASSP    implemented as TL-ASSP   : 1
  PB-LOGIC   implemented as TL-LOGIC  : 65
  PB-SYN_VCC implemented as TL-SYN_VCC: 1

Placement number of temperatures: 104
Placement total # of swap attempts: 34710
	Swaps accepted: 16861 (48.6 %)
	Swaps rejected: 16344 (47.1 %)
	Swaps aborted :  1505 ( 4.3 %)
Placement Quench timing analysis took 0.000241308 seconds (0.000198666 STA, 4.2642e-05 slack) (1 full updates: 1 setup, 0 hold, 0 combined).
Placement Total  timing analysis took 0.0283779 seconds (0.022342 STA, 0.00603591 slack) (106 full updates: 106 setup, 0 hold, 0 combined).
update_td_costs: connections 0 nets 0 sum_nets 0 total 0
Incr Slack updates 106 in 0.00205815 sec
Full Max Req/Worst Slack updates 84 in 0.000225929 sec
Incr Max Req/Worst Slack updates 22 in 6.0994e-05 sec
Incr Criticality updates 9 in 0.000205242 sec
Full Criticality updates 97 in 0.00306486 sec
# Placement took 0.59 seconds (max_rss 404.8 MiB, delta_rss +48.9 MiB)

Flow timing analysis took 0.0283779 seconds (0.022342 STA, 0.00603591 slack) (106 full updates: 106 setup, 0 hold, 0 combined).
VPR succeeded
The entire flow of VPR took 17.31 seconds (max_rss 404.8 MiB)
