VPR FPGA Placement and Routing.
Version: 8.1.0-dev+dadca7ecf
Revision: v8.0.0-rc2-2894-gdadca7ecf
Compiled: 2020-10-14T15:08:54
Compiler: GNU 7.3.0 on Linux-4.15.0-1028-gcp x86_64
Build Info: Release IPO VTR_ASSERT_LEVEL=2

University of Toronto
verilogtorouting.org
vtr-users@googlegroups.com
This is free open source code under MIT license.

VPR was run with the following command-line:
vpr /home/veeracharyulu/qorc-sdk/fpga_toolchain_install/v1.3.1/quicklogic-arch-defs/share/arch/ql-eos-s3_wlcsp/arch.timing.xml helloworldfpga.eblif --device ql-eos-s3 --max_router_iterations 500 --routing_failure_predictor off --router_high_fanout_threshold -1 --constant_net_method route --route_chan_width 100 --clock_modeling route --place_delay_model delta_override --router_lookahead map --check_route quick --strict_checks off --allow_dangling_combinational_nodes on --disable_errors check_unbuffered_edges:check_route --congested_routing_iteration_threshold 0.8 --incremental_reroute_delay_ripup off --base_cost_type delay_normalized_length_bounded --bb_factor 10 --initial_pres_fac 4.0 --check_rr_graph off --suppress_warnings ,sum_pin_class:check_unbuffered_edges:load_rr_indexed_data_T_values:check_rr_node:trans_per_R:check_route:set_rr_graph_tool_comment:warn_model_missing_timing --read_rr_graph /home/veeracharyulu/qorc-sdk/fpga_toolchain_install/v1.3.1/quicklogic-arch-defs/share/arch/ql-eos-s3_wlcsp/rr_graph_ql-eos-s3_wlcsp.rr_graph.real.bin --read_placement_delay_lookup /home/veeracharyulu/qorc-sdk/fpga_toolchain_install/v1.3.1/quicklogic-arch-defs/share/arch/ql-eos-s3_wlcsp/rr_graph_ql-eos-s3_wlcsp.place_delay.bin --sdc_file /home/veeracharyulu/qorc-sdk/vaman/trunk/fpga/setup/codes/blink/build/helloworldfpga_dummy.sdc --route

Using up to 1 parallel worker(s)

Architecture file: /home/veeracharyulu/qorc-sdk/fpga_toolchain_install/v1.3.1/quicklogic-arch-defs/share/arch/ql-eos-s3_wlcsp/arch.timing.xml
Circuit name: helloworldfpga

# Loading Architecture Description
# Loading Architecture Description took 0.44 seconds (max_rss 31.1 MiB, delta_rss +24.9 MiB)
# Building complex block graph
# Building complex block graph took 0.08 seconds (max_rss 39.8 MiB, delta_rss +8.7 MiB)
# Load circuit
# Load circuit took 0.01 seconds (max_rss 40.9 MiB, delta_rss +1.1 MiB)
# Clean circuit
Absorbed 827 LUT buffers
Inferred  106 additional primitive pins as constant generators since they have no combinationally connected inputs
Inferred   37 additional primitive pins as constant generators due to constant inputs
Inferred    0 additional primitive pins as constant generators since they have no combinationally connected inputs
Inferred    0 additional primitive pins as constant generators due to constant inputs
Inferred    0 additional primitive pins as constant generators since they have no combinationally connected inputs
Inferred    0 additional primitive pins as constant generators due to constant inputs
Swept input(s)      : 0
Swept output(s)     : 0 (0 dangling, 0 constant)
Swept net(s)        : 141
Swept block(s)      : 1
Constant Pins Marked: 143
# Clean circuit took 0.01 seconds (max_rss 41.8 MiB, delta_rss +0.9 MiB)
# Compress circuit
# Compress circuit took 0.00 seconds (max_rss 41.8 MiB, delta_rss +0.0 MiB)
# Verify circuit
# Verify circuit took 0.00 seconds (max_rss 41.8 MiB, delta_rss +0.0 MiB)
Circuit Statistics:
  Blocks: 112
    .output   :       3
    ASSP      :       1
    BIDIR_CELL:       3
    C_FRAG    :      13
    F_FRAG    :       1
    GND       :       1
    Q_FRAG    :      28
    T_FRAG    :      61
    VCC       :       1
  Nets  : 109
    Avg Fanout:     8.9
    Max Fanout:   453.0
    Min Fanout:     1.0
  Netlist Clocks: 1
# Build Timing Graph
  Timing Graph Nodes: 1077
  Timing Graph Edges: 1713
  Timing Graph Levels: 24
# Build Timing Graph took 0.00 seconds (max_rss 41.8 MiB, delta_rss +0.0 MiB)
Netlist contains 1 clocks
  Netlist Clock 'clk' Fanout: 28 pins (2.6%), 28 blocks (25.0%)
# Load Timing Constraints

SDC file '/home/veeracharyulu/qorc-sdk/vaman/trunk/fpga/setup/codes/blink/build/helloworldfpga_dummy.sdc' contained no SDC commands
Setting default timing constraints:
   * constrain all primay inputs and primary outputs on netlist clock 'clk'
   * optimize netlist clock to run as fast as possible
Timing constraints created 1 clocks
  Constrained Clock 'clk' Source: 'u_qlal4s3b_cell_macro.Sys_Clk0[0]'

# Load Timing Constraints took 0.00 seconds (max_rss 41.8 MiB, delta_rss +0.0 MiB)
Timing analysis: ON
Circuit netlist file: helloworldfpga.net
Circuit placement file: helloworldfpga.place
Circuit routing file: helloworldfpga.route
Circuit SDC file: /home/veeracharyulu/qorc-sdk/vaman/trunk/fpga/setup/codes/blink/build/helloworldfpga_dummy.sdc

Packer: ENABLED
Placer: ENABLED
Router: ENABLED
Analysis: ENABLED

NetlistOpts.abosrb_buffer_luts            : true
NetlistOpts.sweep_dangling_primary_ios    : true
NetlistOpts.sweep_dangling_nets           : true
NetlistOpts.sweep_dangling_blocks         : true
NetlistOpts.sweep_constant_primary_outputs: false
NetlistOpts.netlist_verbosity             : 1
NetlistOpts.const_gen_inference           : COMB_SEQ

PackerOpts.allow_unrelated_clustering: auto
PackerOpts.alpha_clustering: 0.750000
PackerOpts.beta_clustering: 0.900000
PackerOpts.cluster_seed_type: BLEND2
PackerOpts.connection_driven: true
PackerOpts.global_clocks: true
PackerOpts.hill_climbing_flag: false
PackerOpts.inter_cluster_net_delay: 1.000000
PackerOpts.timing_driven: true
PackerOpts.target_external_pin_util: auto

PlacerOpts.place_freq: PLACE_ONCE
PlacerOpts.place_algorithm: CRITICALITY_TIMING_PLACE
PlacerOpts.pad_loc_type: FREE
PlacerOpts.constraints_file: No constraints file given
PlacerOpts.place_cost_exp: 1.000000
PlacerOpts.place_chan_width: 100
PlacerOpts.inner_loop_recompute_divider: 0
PlacerOpts.recompute_crit_iter: 1
PlacerOpts.timing_tradeoff: 0.500000
PlacerOpts.td_place_exp_first: 1.000000
PlacerOpts.td_place_exp_last: 8.000000
PlacerOpts.delay_offset: 0.000000
PlacerOpts.delay_ramp_delta_threshold: -1
PlacerOpts.delay_ramp_slope: 0.000000
PlacerOpts.tsu_rel_margin: 1.000000
PlacerOpts.tsu_abs_margin: 0.000000
PlacerOpts.post_place_timing_report_file: 
PlacerOpts.allowed_tiles_for_delay_model: 
PlacerOpts.delay_model_reducer: MIN
PlacerOpts.delay_model_type: DELTA_OVERRIDE
PlacerOpts.rlim_escape_fraction: 0.000000
PlacerOpts.move_stats_file: 
PlacerOpts.placement_saves_per_temperature: 0
PlacerOpts.effort_scaling: CIRCUIT
PlacerOpts.place_delta_delay_matrix_calculation_method: ASTAR_ROUTE
PlaceOpts.seed: 1
AnnealSched.type: AUTO_SCHED
AnnealSched.inner_num: 1.000000

RouterOpts.route_type: DETAILED
RouterOpts.router_algorithm: TIMING_DRIVEN
RouterOpts.base_cost_type: DELAY_NORMALIZED_LENGTH_BOUNDED
RouterOpts.fixed_channel_width: 100
RouterOpts.check_route: QUICK
RouterOpts.trim_empty_chan: false
RouterOpts.trim_obs_chan: false
RouterOpts.acc_fac: 1.000000
RouterOpts.bb_factor: 10
RouterOpts.bend_cost: 0.000000
RouterOpts.first_iter_pres_fac: 0.000000
RouterOpts.initial_pres_fac: 4.000000
RouterOpts.pres_fac_mult: 1.300000
RouterOpts.max_router_iterations: 500
RouterOpts.min_incremental_reroute_fanout: 16
RouterOpts.do_check_rr_graph: false
RouterOpts.verify_binary_search: false
RouterOpts.min_channel_width_hint: 0
RouterOpts.read_rr_edge_metadata: false
RouterOpts.exit_after_first_routing_iteration: false
RouterOpts.astar_fac: 1.200000
RouterOpts.criticality_exp: 1.000000
RouterOpts.max_criticality: 0.990000
RouterOpts.init_wirelength_abort_threshold: 0.850000
RouterOpts.save_routing_per_iteration: false
RouterOpts.congested_routing_iteration_threshold_frac: 0.800000
RouterOpts.high_fanout_threshold: -1
RouterOpts.router_debug_net: -2
RouterOpts.router_debug_sink_rr: -2
RouterOpts.router_debug_iteration: -2
RouterOpts.max_convergence_count: 1
RouterOpts.reconvergence_cpd_threshold: 0.990000
RouterOpts.update_lower_bound_delays: true
RouterOpts.first_iteration_timing_report_file: 
RouterOpts.incr_reroute_delay_ripup: OFF
RouterOpts.route_bb_update: DYNAMIC
RouterOpts.lookahead_type: MAP
RouterOpts.initial_timing: LOOKAHEAD
RouterOpts.router_heap: BINARY_HEAP
RouterOpts.routing_failure_predictor = OFF
RouterOpts.routing_budgets_algorithm = DISABLE

AnalysisOpts.gen_post_synthesis_netlist: false
AnalysisOpts.timing_report_npaths: 100
AnalysisOpts.timing_report_skew: false
AnalysisOpts.echo_dot_timing_graph_node: -1
AnalysisOpts.timing_report_detail: NETLIST

RoutingArch.directionality: BI_DIRECTIONAL
RoutingArch.switch_block_type: WILTON
RoutingArch.Fs: 3

# Load Packing
Begin loading packed FPGA netlist file.
Netlist generated from file 'helloworldfpga.net'.
Detected 2 constant generators (to see names run with higher pack verbosity)
Finished loading packed FPGA netlist file (took 0.029924 seconds).
# Load Packing took 0.03 seconds (max_rss 43.1 MiB, delta_rss +1.3 MiB)
Warning 1: Netlist contains 0 global net to non-global architecture pin connections
Warning 2: Logic block #48 ($false) has only 1 output pin '$false.GND0_GND[0]'. It may be a constant generator.
Warning 3: Logic block #49 ($true) has only 1 output pin '$true.VCC0_VCC[0]'. It may be a constant generator.

Netlist num_nets: 81
Netlist num_blocks: 50
Netlist EMPTY blocks: 0.
Netlist PB-SYN_GND blocks: 1.
Netlist PB-BIDIR blocks: 3.
Netlist PB-ASSP blocks: 1.
Netlist PB-LOGIC blocks: 44.
Netlist PB-SDIOMUX blocks: 0.
Netlist PB-MULT blocks: 0.
Netlist PB-GMUX blocks: 0.
Netlist PB-CLOCK blocks: 0.
Netlist PB-RAM blocks: 0.
Netlist PB-SYN_VCC blocks: 1.
Netlist inputs pins: 0
Netlist output pins: 9


Pb types usage...
  PB-SYN_GND        : 1
   GND              : 1
  PB-BIDIR          : 3
   BIDIR            : 3
    OUTPUT          : 3
     bidir          : 3
     outpad         : 3
  PB-ASSP           : 1
   ASSP             : 1
  PB-LOGIC          : 44
   LOGIC            : 44
    FRAGS           : 44
     c_frag_modes   : 44
      SINGLE        : 13
       c_frag       : 13
      SPLIT         : 31
       b_frag       : 31
       t_frag       : 30
     f_frag         : 1
     q_frag_modes   : 28
      INT           : 25
       q_frag       : 25
      EXT           : 3
       q_frag       : 3
  PB-SYN_VCC        : 1
   VCC              : 1

# Create Device
## Build Device Grid
FPGA sized to 39 x 35: 1365 grid tiles (ql-eos-s3)

Resource usage...
	Netlist
		1	blocks of type: PB-SYN_GND
	Architecture
		1	blocks of type: TL-SYN_GND
	Netlist
		3	blocks of type: PB-BIDIR
	Architecture
		32	blocks of type: TL-BIDIR
	Netlist
		1	blocks of type: PB-ASSP
	Architecture
		1	blocks of type: TL-ASSP
	Netlist
		44	blocks of type: PB-LOGIC
	Architecture
		891	blocks of type: TL-LOGIC
	Netlist
		0	blocks of type: PB-SDIOMUX
	Architecture
		14	blocks of type: TL-SDIOMUX
	Netlist
		0	blocks of type: PB-MULT
	Architecture
		2	blocks of type: TL-MULT
	Netlist
		0	blocks of type: PB-GMUX
	Architecture
		5	blocks of type: TL-GMUX
	Netlist
		0	blocks of type: PB-CLOCK
	Architecture
		5	blocks of type: TL-CLOCK
	Netlist
		0	blocks of type: PB-RAM
	Architecture
		4	blocks of type: TL-RAM
	Netlist
		1	blocks of type: PB-SYN_VCC
	Architecture
		1	blocks of type: TL-SYN_VCC

Device Utilization: 0.04 (target 1.00)
	Physical Tile TL-LOGIC:
	Block Utilization: 0.05 Logical Block: PB-LOGIC
	Physical Tile TL-RAM:
	Block Utilization: 0.00 Logical Block: PB-RAM
	Physical Tile TL-MULT:
	Block Utilization: 0.00 Logical Block: PB-MULT
	Physical Tile TL-BIDIR:
	Block Utilization: 0.09 Logical Block: PB-BIDIR
	Physical Tile TL-CLOCK:
	Block Utilization: 0.00 Logical Block: PB-CLOCK
	Physical Tile TL-SDIOMUX:
	Block Utilization: 0.00 Logical Block: PB-SDIOMUX
	Physical Tile TL-GMUX:
	Block Utilization: 0.00 Logical Block: PB-GMUX
	Physical Tile TL-ASSP:
	Block Utilization: 1.00 Logical Block: PB-ASSP
	Physical Tile TL-SYN_VCC:
	Block Utilization: 1.00 Logical Block: PB-SYN_VCC
	Physical Tile TL-SYN_GND:
	Block Utilization: 1.00 Logical Block: PB-SYN_GND

## Build Device Grid took 0.01 seconds (max_rss 43.3 MiB, delta_rss +0.0 MiB)
## Loading routing resource graph


## Loading routing resource graph took 0.60 seconds (max_rss 351.1 MiB, delta_rss +307.8 MiB)
  RR Graph Nodes: 1396446
  RR Graph Edges: 2337988
# Create Device took 1.20 seconds (max_rss 354.4 MiB, delta_rss +311.1 MiB)

# Load Placement
Reading helloworldfpga.place.

Successfully read helloworldfpga.place.

# Load Placement took 0.00 seconds (max_rss 354.4 MiB, delta_rss +0.0 MiB)

# Computing router lookahead map
## Computing wire lookahead
Warning 4: Unable to find any sample location for segment CHANX type 'generic' (length 1)
Warning 5: Unable to find any sample location for segment CHANY type 'generic' (length 1)
Warning 6: Unable to find any sample location for segment CHANX type 'pad' (length 1)
Warning 7: Unable to find any sample location for segment CHANY type 'pad' (length 1)
## Computing wire lookahead took 20.66 seconds (max_rss 354.4 MiB, delta_rss +0.0 MiB)
## Computing src/opin lookahead
## Computing src/opin lookahead took 0.00 seconds (max_rss 354.4 MiB, delta_rss +0.0 MiB)
# Computing router lookahead map took 20.66 seconds (max_rss 354.4 MiB, delta_rss +0.0 MiB)
# Routing
  RR Graph Nodes: 1396446
  RR Graph Edges: 2337988
Confirming router algorithm: TIMING_DRIVEN.
## Initializing router criticalities
Initial Net Connection Criticality Histogram:
[        0:      0.1) 607 ( 66.7%) |***********************************************
[      0.1:      0.2)   0 (  0.0%) |
[      0.2:      0.3)   3 (  0.3%) |
[      0.3:      0.4)  59 (  6.5%) |*****
[      0.4:      0.5)  23 (  2.5%) |**
[      0.5:      0.6)  15 (  1.6%) |*
[      0.6:      0.7)  35 (  3.8%) |***
[      0.7:      0.8)  50 (  5.5%) |****
[      0.8:      0.9)  23 (  2.5%) |**
[      0.9:        1)  95 ( 10.4%) |*******
## Initializing router criticalities took 0.00 seconds (max_rss 403.9 MiB, delta_rss +0.0 MiB)
---- ------ ------- ---- ------- ------- ------- ----------------- --------------- -------- ---------- ---------- ---------- ---------- --------
Iter   Time    pres  BBs    Heap  Re-Rtd  Re-Rtd Overused RR Nodes      Wirelength      CPD       sTNS       sWNS       hTNS       hWNS Est Succ
      (sec)     fac Updt    push    Nets   Conns                                       (ns)       (ns)       (ns)       (ns)       (ns)     Iter
---- ------ ------- ---- ------- ------- ------- ----------------- --------------- -------- ---------- ---------- ---------- ---------- --------
   1    7.9     0.0    0 2.9e+07      81     910    1152 ( 0.082%)   21845 ( 1.5%)   59.923     -1527.    -59.923      0.000      0.000      N/A
   2    6.5     4.0    0 2.2e+07      64     532     596 ( 0.043%)   22605 ( 1.6%)   60.061     -1530.    -60.061      0.000      0.000      N/A
   3    5.3     5.2    0 1.8e+07      47     384     332 ( 0.024%)   22667 ( 1.6%)   60.061     -1532.    -60.061      0.000      0.000      N/A
   4    3.5     6.8    0 1.2e+07      41     286     209 ( 0.015%)   22915 ( 1.6%)   60.061     -1535.    -60.061      0.000      0.000      N/A
   5    3.3     8.8    0 1.1e+07      32     226     143 ( 0.010%)   22964 ( 1.6%)   59.894     -1538.    -59.894      0.000      0.000      N/A
   6    2.0    11.4    0 7099927      26     179      84 ( 0.006%)   23005 ( 1.6%)   59.936     -1538.    -59.936      0.000      0.000      N/A
   7    1.7    14.9    0 5703676      13      87      62 ( 0.004%)   23098 ( 1.6%)   59.936     -1538.    -59.936      0.000      0.000      N/A
   8    1.4    19.3    0 4547451      12      67      33 ( 0.002%)   23303 ( 1.6%)   59.936     -1538.    -59.936      0.000      0.000      N/A
   9    1.0    25.1    0 3271137       7      24      18 ( 0.001%)   23338 ( 1.7%)   59.936     -1538.    -59.936      0.000      0.000      N/A
  10    0.7    32.6    0 2300778       5      15      15 ( 0.001%)   23380 ( 1.7%)   59.936     -1538.    -59.936      0.000      0.000       15
  11    0.2    42.4    0  702490       5      11       3 ( 0.000%)   23467 ( 1.7%)   59.936     -1539.    -59.936      0.000      0.000       16
  12    0.2    55.1    0  570494       2       4       3 ( 0.000%)   23461 ( 1.7%)   59.936     -1539.    -59.936      0.000      0.000       14
  13    0.5    71.7    0 1331283       4       7       0 ( 0.000%)   23477 ( 1.7%)   59.936     -1540.    -59.936      0.000      0.000       13
Restoring best routing
Critical path: 59.9362 ns
Successfully routed after 13 routing iterations.
Final Net Connection Criticality Histogram:
[        0:      0.1) 607 ( 66.7%) |***********************************************
[      0.1:      0.2)   0 (  0.0%) |
[      0.2:      0.3)   1 (  0.1%) |
[      0.3:      0.4)  51 (  5.6%) |****
[      0.4:      0.5)  25 (  2.7%) |**
[      0.5:      0.6)  18 (  2.0%) |*
[      0.6:      0.7)  49 (  5.4%) |****
[      0.7:      0.8)  36 (  4.0%) |***
[      0.8:      0.9)  31 (  3.4%) |**
[      0.9:        1)  92 ( 10.1%) |*******
Router Stats: total_nets_routed: 339 total_connections_routed: 2732 total_heap_pushes: 117744339 total_heap_pops: 104825646
# Routing took 34.75 seconds (max_rss 403.9 MiB, delta_rss +49.5 MiB)

Checking to ensure routing is legal...
Completed routing consistency check successfully.

Serial number (magic cookie) for the routing is: -1086868433
Circuit successfully routed with a channel width factor of 100.

Incr Slack updates 14 in 0.000346237 sec
Full Max Req/Worst Slack updates 2 in 9.032e-06 sec
Incr Max Req/Worst Slack updates 12 in 9.5654e-05 sec
Incr Criticality updates 8 in 0.000255848 sec
Full Criticality updates 6 in 0.000278943 sec

Average number of bends per net: 240.654  Maximum # of bends: 5358

Number of global nets: 0
Number of routed nets (nonglobal): 81
Wire length results (in units of 1 clb segments)...
	Total wirelength: 22588, average net length: 278.864
	Maximum net length: 7295

Wire length results in terms of physical segments...
	Total wiring segments used: 19993, average wire segments per net: 246.827
	Maximum segments used by a net: 5578
	Total local nets with reserved CLB opins: 0

Routing channel utilization histogram:
[        1:      inf)    0 (  0.0%) |
[      0.9:        1)   62 (  2.4%) |*
[      0.8:      0.9)    0 (  0.0%) |
[      0.7:      0.8)    6 (  0.2%) |
[      0.5:      0.6)    0 (  0.0%) |
[      0.4:      0.5)    0 (  0.0%) |
[      0.3:      0.4)    4 (  0.2%) |
[      0.2:      0.3)   60 (  2.3%) |*
[      0.1:      0.2)   52 (  2.0%) |*
[        0:      0.1) 2400 ( 92.9%) |**********************************************
Maximum routing channel utilization:         1 at (1,3)

X - Directed channels:   j max occ ave occ capacity
                      ---- ------- ------- --------
                         0       2   1.436        2
                         1     161  10.026      221
                         2       0   0.000        0
                         3      83  15.795      635
                         4      66   2.103      623
                         5      70   2.154      658
                         6      77   1.974      623
                         7      74   1.897      623
                         8      28   1.333      623
                         9      12   1.410      623
                        10      19   3.410      665
                        11     181  23.205      623
                        12     199  25.231      647
                        13     214  21.744      623
                        14     210  19.821      623
                        15     220  32.179      623
                        16     276  36.154      623
                        17     187  24.128      623
                        18     226  25.897      725
                        19     192  23.128      623
                        20     154   7.128      623
                        21       0   0.000      623
                        22       0   0.000      623
                        23       0   0.000      623
                        24       7   0.359      623
                        25      13   1.026      657
                        26       0   0.000      634
                        27      11   0.744      623
                        28       7   0.179      623
                        29       0   0.000      624
                        30       0   0.000      625
                        31       9   0.615      626
                        32      30   2.308      786
                        33       0   0.000      269
Y - Directed channels:   i max occ ave occ capacity
                      ---- ------- ------- --------
                         0       0   0.000        2
                         1      47   4.057      287
                         2       1   0.029        4
                         3     177  55.600      848
                         4      36   1.686      874
                         5      46   2.629      819
                         6      28   4.857      760
                         7      46   4.114      761
                         8       6   1.143      761
                         9      46   4.457      761
                        10      15   2.057      757
                        11      11   1.686      775
                        12      31   3.000      757
                        13      41   2.771      761
                        14       6   1.371      761
                        15       6   1.543      761
                        16       6   1.371      761
                        17       6   1.543      761
                        18      25   2.400      761
                        19     181  17.943      816
                        20     193  43.514      761
                        21     266  55.743      883
                        22     205  47.057      761
                        23     184  39.371      761
                        24     161  22.114      761
                        25      13   1.457      761
                        26       0   0.000      757
                        27       0   0.000      775
                        28       0   0.000      757
                        29      11   0.971      761
                        30      30   2.886      761
                        31       0   0.000      761
                        32       0   0.000      761
                        33       0   0.000      763
                        34       0   0.000      762
                        35       0   0.000      764
                        36       0   0.000     1024
                        37       0   0.000      164

Total tracks in x-direction: 19611, in y-direction: 27046

Logic area (in minimum width transistor areas, excludes I/Os and empty grid tiles)...
	Total logic block area (Warning, need to add pitch of routing to blocks with height > 3): 1.3515e+07
	Total used logic block area: 705000

Routing area (in minimum width transistor areas)...
	Assuming no buffer sharing (pessimistic). Total: 1.07847e+09, per logic tile: 790090.
	Assuming buffer sharing (slightly optimistic). Total: 8.38760e+08, per logic tile: 614476.


Segment usage by type (index):    name type utilization
                               ------- ---- -----------
                                  sbox    2      0.0129
                                   vcc    3       0.082
                                   gnd    4      0.0945
                                  hop1    5      0.0152
                                  hop2    6      0.0296
                                  hop3    7           0
                                  hop4    8      0.0114
                                 clock    9           0
                               special   10      0.0828

Segment usage by length: length utilization
                         ------ -----------
                              1      0.0134
                              2      0.0296
                              3           0
                              4      0.0114


Final hold Worst Negative Slack (hWNS): 0 ns
Final hold Total Negative Slack (hTNS): 0 ns

Final hold slack histogram:
[  4.5e-09:  7.5e-09)  1 (  3.3%) |**
[  7.5e-09:    1e-08) 23 ( 76.7%) |************************************************
[    1e-08:  1.3e-08)  2 (  6.7%) |****
[  1.3e-08:  1.6e-08)  1 (  3.3%) |**
[  1.6e-08:  1.9e-08)  0 (  0.0%) |
[  1.9e-08:  2.2e-08)  0 (  0.0%) |
[  2.2e-08:  2.5e-08)  0 (  0.0%) |
[  2.5e-08:  2.8e-08)  0 (  0.0%) |
[  2.8e-08:  3.1e-08)  0 (  0.0%) |
[  3.1e-08:  3.4e-08)  3 ( 10.0%) |******

Final critical path delay (least slack): 59.8572 ns, Fmax: 16.7064 MHz
Final setup Worst Negative Slack (sWNS): -59.8572 ns
Final setup Total Negative Slack (sTNS): -1538.29 ns

Final setup slack histogram:
[   -6e-08: -5.5e-08) 10 ( 33.3%) |******************************
[ -5.5e-08:   -5e-08) 16 ( 53.3%) |************************************************
[   -5e-08: -4.6e-08)  0 (  0.0%) |
[ -4.6e-08: -4.1e-08)  0 (  0.0%) |
[ -4.1e-08: -3.6e-08)  0 (  0.0%) |
[ -3.6e-08: -3.2e-08)  3 ( 10.0%) |*********
[ -3.2e-08: -2.7e-08)  0 (  0.0%) |
[ -2.7e-08: -2.2e-08)  0 (  0.0%) |
[ -2.2e-08: -1.7e-08)  0 (  0.0%) |
[ -1.7e-08: -1.3e-08)  1 (  3.3%) |***

Final geomean non-virtual intra-domain period: 59.8572 ns (16.7064 MHz)
Final fanout-weighted geomean non-virtual intra-domain period: 59.8572 ns (16.7064 MHz)

Incr Slack updates 1 in 2.7389e-05 sec
Full Max Req/Worst Slack updates 1 in 3.861e-06 sec
Incr Max Req/Worst Slack updates 0 in 0 sec
Incr Criticality updates 0 in 0 sec
Full Criticality updates 1 in 4.295e-05 sec
Flow timing analysis took 0.0120147 seconds (0.0103058 STA, 0.00170887 slack) (15 full updates: 0 setup, 0 hold, 15 combined).
VPR succeeded
The entire flow of VPR took 57.32 seconds (max_rss 403.9 MiB)
