VPR FPGA Placement and Routing.
Version: 8.1.0-dev+dadca7ecf
Revision: v8.0.0-rc2-2894-gdadca7ecf
Compiled: 2020-10-14T15:08:54
Compiler: GNU 7.3.0 on Linux-4.15.0-1028-gcp x86_64
Build Info: Release IPO VTR_ASSERT_LEVEL=2

University of Toronto
verilogtorouting.org
vtr-users@googlegroups.com
This is free open source code under MIT license.

VPR was run with the following command-line:
vpr /home/veeracharyulu/qorc-sdk/fpga_toolchain_install/v1.3.1/quicklogic-arch-defs/share/arch/ql-eos-s3_wlcsp/arch.timing.xml three.eblif --device ql-eos-s3 --max_router_iterations 500 --routing_failure_predictor off --router_high_fanout_threshold -1 --constant_net_method route --route_chan_width 100 --clock_modeling route --place_delay_model delta_override --router_lookahead map --check_route quick --strict_checks off --allow_dangling_combinational_nodes on --disable_errors check_unbuffered_edges:check_route --congested_routing_iteration_threshold 0.8 --incremental_reroute_delay_ripup off --base_cost_type delay_normalized_length_bounded --bb_factor 10 --initial_pres_fac 4.0 --check_rr_graph off --suppress_warnings ,sum_pin_class:check_unbuffered_edges:load_rr_indexed_data_T_values:check_rr_node:trans_per_R:check_route:set_rr_graph_tool_comment:warn_model_missing_timing --read_rr_graph /home/veeracharyulu/qorc-sdk/fpga_toolchain_install/v1.3.1/quicklogic-arch-defs/share/arch/ql-eos-s3_wlcsp/rr_graph_ql-eos-s3_wlcsp.rr_graph.real.bin --read_placement_delay_lookup /home/veeracharyulu/qorc-sdk/fpga_toolchain_install/v1.3.1/quicklogic-arch-defs/share/arch/ql-eos-s3_wlcsp/rr_graph_ql-eos-s3_wlcsp.place_delay.bin --sdc_file /home/veeracharyulu/qorc-sdk/vaman/trunk/fpga/three/build/three_dummy.sdc --fix_clusters three_constraints.place --place

Using up to 1 parallel worker(s)

Architecture file: /home/veeracharyulu/qorc-sdk/fpga_toolchain_install/v1.3.1/quicklogic-arch-defs/share/arch/ql-eos-s3_wlcsp/arch.timing.xml
Circuit name: three

# Loading Architecture Description
# Loading Architecture Description took 0.31 seconds (max_rss 31.3 MiB, delta_rss +25.1 MiB)
# Building complex block graph
# Building complex block graph took 0.06 seconds (max_rss 40.0 MiB, delta_rss +8.7 MiB)
# Load circuit
# Load circuit took 0.01 seconds (max_rss 41.1 MiB, delta_rss +1.1 MiB)
# Clean circuit
Absorbed 827 LUT buffers
Inferred  106 additional primitive pins as constant generators since they have no combinationally connected inputs
Inferred   44 additional primitive pins as constant generators due to constant inputs
Inferred    0 additional primitive pins as constant generators since they have no combinationally connected inputs
Inferred    0 additional primitive pins as constant generators due to constant inputs
Inferred    0 additional primitive pins as constant generators since they have no combinationally connected inputs
Inferred    0 additional primitive pins as constant generators due to constant inputs
Swept input(s)      : 1
Swept output(s)     : 0 (0 dangling, 0 constant)
Swept net(s)        : 142
Swept block(s)      : 1
Constant Pins Marked: 150
# Clean circuit took 0.00 seconds (max_rss 42.0 MiB, delta_rss +0.9 MiB)
# Compress circuit
# Compress circuit took 0.00 seconds (max_rss 42.0 MiB, delta_rss +0.0 MiB)
# Verify circuit
# Verify circuit took 0.00 seconds (max_rss 42.0 MiB, delta_rss +0.0 MiB)
Circuit Statistics:
  Blocks: 122
    .output   :       8
    ASSP      :       1
    BIDIR_CELL:       8
    C_FRAG    :      13
    F_FRAG    :       1
    GND       :       1
    Q_FRAG    :      28
    T_FRAG    :      61
    VCC       :       1
  Nets  : 114
    Avg Fanout:     8.7
    Max Fanout:   464.0
    Min Fanout:     1.0
  Netlist Clocks: 1
# Build Timing Graph
  Timing Graph Nodes: 1102
  Timing Graph Edges: 1743
  Timing Graph Levels: 24
# Build Timing Graph took 0.00 seconds (max_rss 42.0 MiB, delta_rss +0.0 MiB)
Netlist contains 1 clocks
  Netlist Clock 'clk' Fanout: 28 pins (2.5%), 28 blocks (23.0%)
# Load Timing Constraints

SDC file '/home/veeracharyulu/qorc-sdk/vaman/trunk/fpga/three/build/three_dummy.sdc' contained no SDC commands
Setting default timing constraints:
   * constrain all primay inputs and primary outputs on netlist clock 'clk'
   * optimize netlist clock to run as fast as possible
Timing constraints created 1 clocks
  Constrained Clock 'clk' Source: 'u_qlal4s3b_cell_macro.Sys_Clk0[0]'

# Load Timing Constraints took 0.00 seconds (max_rss 42.0 MiB, delta_rss +0.0 MiB)
Timing analysis: ON
Circuit netlist file: three.net
Circuit placement file: three.place
Circuit routing file: three.route
Circuit SDC file: /home/veeracharyulu/qorc-sdk/vaman/trunk/fpga/three/build/three_dummy.sdc

Packer: ENABLED
Placer: ENABLED
Router: DISABLED
Analysis: DISABLED

NetlistOpts.abosrb_buffer_luts            : true
NetlistOpts.sweep_dangling_primary_ios    : true
NetlistOpts.sweep_dangling_nets           : true
NetlistOpts.sweep_dangling_blocks         : true
NetlistOpts.sweep_constant_primary_outputs: false
NetlistOpts.netlist_verbosity             : 1
NetlistOpts.const_gen_inference           : COMB_SEQ

PackerOpts.allow_unrelated_clustering: auto
PackerOpts.alpha_clustering: 0.750000
PackerOpts.beta_clustering: 0.900000
PackerOpts.cluster_seed_type: BLEND2
PackerOpts.connection_driven: true
PackerOpts.global_clocks: true
PackerOpts.hill_climbing_flag: false
PackerOpts.inter_cluster_net_delay: 1.000000
PackerOpts.timing_driven: true
PackerOpts.target_external_pin_util: auto

PlacerOpts.place_freq: PLACE_ONCE
PlacerOpts.place_algorithm: CRITICALITY_TIMING_PLACE
PlacerOpts.pad_loc_type: FREE
PlacerOpts.constraints_file: Using constraints file 'three_constraints.place'
PlacerOpts.place_cost_exp: 1.000000
PlacerOpts.place_chan_width: 100
PlacerOpts.inner_loop_recompute_divider: 0
PlacerOpts.recompute_crit_iter: 1
PlacerOpts.timing_tradeoff: 0.500000
PlacerOpts.td_place_exp_first: 1.000000
PlacerOpts.td_place_exp_last: 8.000000
PlacerOpts.delay_offset: 0.000000
PlacerOpts.delay_ramp_delta_threshold: -1
PlacerOpts.delay_ramp_slope: 0.000000
PlacerOpts.tsu_rel_margin: 1.000000
PlacerOpts.tsu_abs_margin: 0.000000
PlacerOpts.post_place_timing_report_file: 
PlacerOpts.allowed_tiles_for_delay_model: 
PlacerOpts.delay_model_reducer: MIN
PlacerOpts.delay_model_type: DELTA_OVERRIDE
PlacerOpts.rlim_escape_fraction: 0.000000
PlacerOpts.move_stats_file: 
PlacerOpts.placement_saves_per_temperature: 0
PlacerOpts.effort_scaling: CIRCUIT
PlacerOpts.place_delta_delay_matrix_calculation_method: ASTAR_ROUTE
PlaceOpts.seed: 1
AnnealSched.type: AUTO_SCHED
AnnealSched.inner_num: 1.000000

RoutingArch.directionality: BI_DIRECTIONAL
RoutingArch.switch_block_type: WILTON
RoutingArch.Fs: 3

# Load Packing
Begin loading packed FPGA netlist file.
Netlist generated from file 'three.net'.
Detected 2 constant generators (to see names run with higher pack verbosity)
Finished loading packed FPGA netlist file (took 0.022093 seconds).
# Load Packing took 0.02 seconds (max_rss 43.3 MiB, delta_rss +1.3 MiB)
Warning 1: Netlist contains 0 global net to non-global architecture pin connections
Warning 2: Logic block #53 ($false) has only 1 output pin '$false.GND0_GND[0]'. It may be a constant generator.
Warning 3: Logic block #54 ($true) has only 1 output pin '$true.VCC0_VCC[0]'. It may be a constant generator.

Netlist num_nets: 81
Netlist num_blocks: 55
Netlist EMPTY blocks: 0.
Netlist PB-SYN_GND blocks: 1.
Netlist PB-BIDIR blocks: 8.
Netlist PB-ASSP blocks: 1.
Netlist PB-LOGIC blocks: 44.
Netlist PB-SDIOMUX blocks: 0.
Netlist PB-MULT blocks: 0.
Netlist PB-GMUX blocks: 0.
Netlist PB-CLOCK blocks: 0.
Netlist PB-RAM blocks: 0.
Netlist PB-SYN_VCC blocks: 1.
Netlist inputs pins: 0
Netlist output pins: 24


Pb types usage...
  PB-SYN_GND        : 1
   GND              : 1
  PB-BIDIR          : 8
   BIDIR            : 8
    OUTPUT          : 8
     bidir          : 8
     outpad         : 8
  PB-ASSP           : 1
   ASSP             : 1
  PB-LOGIC          : 44
   LOGIC            : 44
    FRAGS           : 44
     c_frag_modes   : 44
      SINGLE        : 13
       c_frag       : 13
      SPLIT         : 31
       b_frag       : 31
       t_frag       : 30
     f_frag         : 1
     q_frag_modes   : 28
      INT           : 25
       q_frag       : 25
      EXT           : 3
       q_frag       : 3
  PB-SYN_VCC        : 1
   VCC              : 1

# Create Device
## Build Device Grid
FPGA sized to 39 x 35: 1365 grid tiles (ql-eos-s3)

Resource usage...
	Netlist
		1	blocks of type: PB-SYN_GND
	Architecture
		1	blocks of type: TL-SYN_GND
	Netlist
		8	blocks of type: PB-BIDIR
	Architecture
		32	blocks of type: TL-BIDIR
	Netlist
		1	blocks of type: PB-ASSP
	Architecture
		1	blocks of type: TL-ASSP
	Netlist
		44	blocks of type: PB-LOGIC
	Architecture
		891	blocks of type: TL-LOGIC
	Netlist
		0	blocks of type: PB-SDIOMUX
	Architecture
		14	blocks of type: TL-SDIOMUX
	Netlist
		0	blocks of type: PB-MULT
	Architecture
		2	blocks of type: TL-MULT
	Netlist
		0	blocks of type: PB-GMUX
	Architecture
		5	blocks of type: TL-GMUX
	Netlist
		0	blocks of type: PB-CLOCK
	Architecture
		5	blocks of type: TL-CLOCK
	Netlist
		0	blocks of type: PB-RAM
	Architecture
		4	blocks of type: TL-RAM
	Netlist
		1	blocks of type: PB-SYN_VCC
	Architecture
		1	blocks of type: TL-SYN_VCC

Device Utilization: 0.04 (target 1.00)
	Physical Tile TL-LOGIC:
	Block Utilization: 0.05 Logical Block: PB-LOGIC
	Physical Tile TL-RAM:
	Block Utilization: 0.00 Logical Block: PB-RAM
	Physical Tile TL-MULT:
	Block Utilization: 0.00 Logical Block: PB-MULT
	Physical Tile TL-BIDIR:
	Block Utilization: 0.25 Logical Block: PB-BIDIR
	Physical Tile TL-CLOCK:
	Block Utilization: 0.00 Logical Block: PB-CLOCK
	Physical Tile TL-SDIOMUX:
	Block Utilization: 0.00 Logical Block: PB-SDIOMUX
	Physical Tile TL-GMUX:
	Block Utilization: 0.00 Logical Block: PB-GMUX
	Physical Tile TL-ASSP:
	Block Utilization: 1.00 Logical Block: PB-ASSP
	Physical Tile TL-SYN_VCC:
	Block Utilization: 1.00 Logical Block: PB-SYN_VCC
	Physical Tile TL-SYN_GND:
	Block Utilization: 1.00 Logical Block: PB-SYN_GND

## Build Device Grid took 0.00 seconds (max_rss 43.5 MiB, delta_rss +0.0 MiB)
## Loading routing resource graph


## Loading routing resource graph took 0.46 seconds (max_rss 351.4 MiB, delta_rss +307.9 MiB)
  RR Graph Nodes: 1396446
  RR Graph Edges: 2337988
# Create Device took 0.93 seconds (max_rss 354.7 MiB, delta_rss +311.2 MiB)

# Computing router lookahead map
## Computing wire lookahead
Warning 4: Unable to find any sample location for segment CHANX type 'generic' (length 1)
Warning 5: Unable to find any sample location for segment CHANY type 'generic' (length 1)
Warning 6: Unable to find any sample location for segment CHANX type 'pad' (length 1)
Warning 7: Unable to find any sample location for segment CHANY type 'pad' (length 1)
## Computing wire lookahead took 16.54 seconds (max_rss 354.7 MiB, delta_rss +0.0 MiB)
## Computing src/opin lookahead
## Computing src/opin lookahead took 0.00 seconds (max_rss 354.7 MiB, delta_rss +0.0 MiB)
# Computing router lookahead map took 16.54 seconds (max_rss 354.7 MiB, delta_rss +0.0 MiB)
# Placement
## Computing placement delta delay look-up
  RR Graph Nodes: 1396446
  RR Graph Edges: 2337988
## Computing placement delta delay look-up took 0.50 seconds (max_rss 403.9 MiB, delta_rss +49.2 MiB)
Warning 8: CHANX place cost fac is 0 at 2 2
Warning 9: CHANX place cost fac is 0 at 34 34
Warning 10: CHANY place cost fac is 0 at 38 38
## Initial Placement
Reading three_constraints.place.

Successfully read three_constraints.place.

## Initial Placement took 0.00 seconds (max_rss 403.9 MiB, delta_rss +0.0 MiB)

There are 925 point to point connections in this circuit.


BB estimate of min-dist (placement) wire length: 3617

Completed placement consistency check successfully.
Initial placement cost: 1 bb_cost: 5.41179 td_cost: 1.384e-06
Initial placement estimated Critical Path Delay (CPD): 96.928 ns
Initial placement estimated setup Total Negative Slack (sTNS): -2444.71 ns
Initial placement estimated setup Worst Negative Slack (sWNS): -96.928 ns

Initial placement estimated setup slack histogram:
[ -9.7e-08:   -9e-08) 20 ( 71.4%) |************************************************
[   -9e-08: -8.2e-08)  6 ( 21.4%) |**************
[ -8.2e-08: -7.5e-08)  0 (  0.0%) |
[ -7.5e-08: -6.8e-08)  0 (  0.0%) |
[ -6.8e-08:   -6e-08)  0 (  0.0%) |
[   -6e-08: -5.3e-08)  0 (  0.0%) |
[ -5.3e-08: -4.6e-08)  0 (  0.0%) |
[ -4.6e-08: -3.8e-08)  0 (  0.0%) |
[ -3.8e-08: -3.1e-08)  1 (  3.6%) |**
[ -3.1e-08: -2.4e-08)  1 (  3.6%) |**
Placement contains 0 placement macros involving 0 blocks (average macro size -nan)

Moves per temperature: 209
Warning 11: Starting t: 52 of 55 configurations accepted.

---- ------ ------- ------- ---------- ---------- ------- ---------- -------- ------- ------- ------ -------- --------- ------
Tnum   Time       T Av Cost Av BB Cost Av TD Cost     CPD       sTNS     sWNS Ac Rate Std Dev  R lim Crit Exp Tot Moves  Alpha
      (sec)                                          (ns)       (ns)     (ns)                                                 
---- ------ ------- ------- ---------- ---------- ------- ---------- -------- ------- ------- ------ -------- --------- ------
   1    0.0 2.6e-01   1.003       5.58 1.3331e-06 104.470  -2.31e+03 -104.470   0.923  0.0304   38.0     1.00       209  0.200
   2    0.0 2.3e-01   0.993       5.50 1.2632e-06 119.595  -2.87e+03 -119.595   0.919  0.0268   38.0     1.00       418  0.900
   3    0.0 2.1e-01   0.999       5.67 1.3387e-06 116.504   -2.7e+03 -116.504   0.933  0.0289   38.0     1.00       627  0.900
   4    0.0 1.9e-01   0.983       5.51 1.2933e-06 112.489  -2.54e+03 -112.489   0.895  0.0310   38.0     1.00       836  0.900
   5    0.0 1.7e-01   1.011       5.61 1.2929e-06 106.930  -2.44e+03 -106.930   0.880  0.0228   38.0     1.00      1045  0.900
   6    0.0 1.5e-01   1.035       5.56 1.3457e-06 102.486  -2.38e+03 -102.486   0.914  0.0283   38.0     1.00      1254  0.900
   7    0.0 1.4e-01   1.022       5.67 1.3759e-06 107.180  -2.65e+03 -107.180   0.914  0.0199   38.0     1.00      1463  0.900
   8    0.0 1.2e-01   0.990       5.48 1.3318e-06 112.664   -2.7e+03 -112.664   0.919  0.0263   38.0     1.00      1672  0.900
   9    0.0 1.1e-01   1.032       5.45 1.3311e-06 101.176  -2.41e+03 -101.176   0.900  0.0338   38.0     1.00      1881  0.900
  10    0.0 1.0e-01   0.965       5.64 1.3292e-06 122.294  -2.91e+03 -122.294   0.928  0.0233   38.0     1.00      2090  0.900
  11    0.0 9.0e-02   0.992       5.48 1.3345e-06  99.379  -2.45e+03  -99.379   0.914  0.0363   38.0     1.00      2299  0.900
  12    0.0 8.1e-02   0.935       5.33 1.2321e-06 115.445  -2.69e+03 -115.445   0.895  0.0361   38.0     1.00      2508  0.900
  13    0.0 7.3e-02   1.030       5.59 1.3554e-06 101.464  -2.48e+03 -101.464   0.909  0.0259   38.0     1.00      2717  0.900
  14    0.0 6.6e-02   0.978       5.56 1.267e-06  130.233  -3.15e+03 -130.233   0.871  0.0305   38.0     1.00      2926  0.900
  15    0.0 5.9e-02   1.031       5.51 1.3528e-06 102.983  -2.56e+03 -102.983   0.876  0.0220   38.0     1.00      3135  0.900
  16    0.0 5.3e-02   0.995       5.44 1.2938e-06 109.983  -2.62e+03 -109.983   0.837  0.0310   38.0     1.00      3344  0.900
  17    0.0 4.8e-02   1.075       5.83 1.3526e-06 110.765   -2.8e+03 -110.765   0.895  0.0293   38.0     1.00      3553  0.900
  18    0.0 4.3e-02   0.894       5.48 1.2531e-06 120.263  -2.94e+03 -120.263   0.890  0.0364   38.0     1.00      3762  0.900
  19    0.0 3.9e-02   0.988       5.56 1.3321e-06 103.337  -2.47e+03 -103.337   0.856  0.0307   38.0     1.00      3971  0.900
  20    0.0 3.5e-02   0.932       5.37 1.255e-06  112.742  -2.74e+03 -112.742   0.842  0.0458   38.0     1.00      4180  0.900
  21    0.0 3.1e-02   1.139       5.31 1.2778e-06 103.460  -2.55e+03 -103.460   0.818  0.0621   38.0     1.00      4389  0.900
  22    0.0 2.8e-02   0.995       5.47 1.3163e-06 111.870  -2.53e+03 -111.870   0.818  0.0258   38.0     1.00      4598  0.900
  23    0.0 2.5e-02   0.998       5.27 1.2349e-06 107.320  -2.54e+03 -107.320   0.780  0.0225   38.0     1.00      4807  0.900
  24    0.0 2.4e-02   1.041       5.16 1.285e-06   90.480  -2.22e+03  -90.480   0.818  0.0373   38.0     1.00      5016  0.950
  25    0.0 2.2e-02   0.965       5.32 1.2887e-06 107.856  -2.41e+03 -107.856   0.766  0.0269   38.0     1.00      5225  0.900
  26    0.0 2.1e-02   0.992       5.38 1.2803e-06  98.444  -2.41e+03  -98.444   0.775  0.0292   38.0     1.00      5434  0.950
  27    0.0 2.0e-02   0.915       5.38 1.1759e-06 120.893  -3.01e+03 -120.893   0.794  0.0239   38.0     1.00      5643  0.950
  28    0.0 1.9e-02   0.993       5.26 1.2363e-06  99.222  -2.47e+03  -99.222   0.756  0.0324   38.0     1.00      5852  0.950
  29    0.0 1.8e-02   0.940       5.23 1.1619e-06 113.732  -2.77e+03 -113.732   0.718  0.0235   38.0     1.00      6061  0.950
  30    0.0 1.7e-02   0.954       5.08 1.2342e-06 102.952  -2.48e+03 -102.952   0.699  0.0286   38.0     1.00      6270  0.950
  31    0.0 1.6e-02   0.962       5.16 1.239e-06   97.721  -2.35e+03  -97.721   0.766  0.0218   38.0     1.00      6479  0.950
  32    0.0 1.5e-02   1.009       5.34 1.2454e-06  97.764  -2.45e+03  -97.764   0.751  0.0277   38.0     1.00      6688  0.950
  33    0.0 1.4e-02   0.954       5.04 1.2313e-06  91.240  -2.27e+03  -91.240   0.665  0.0321   38.0     1.00      6897  0.950
  34    0.0 1.4e-02   1.013       4.96 1.1456e-06  92.727  -2.21e+03  -92.727   0.641  0.0273   38.0     1.00      7106  0.950
  35    0.0 1.3e-02   0.991       4.85 1.1989e-06  92.150  -2.17e+03  -92.150   0.679  0.0124   38.0     1.00      7315  0.950
  36    0.0 1.2e-02   1.008       5.03 1.2023e-06 100.625  -2.51e+03 -100.625   0.660  0.0268   38.0     1.00      7524  0.950
  37    0.0 1.2e-02   0.988       5.05 1.2028e-06  93.212  -2.29e+03  -93.212   0.632  0.0193   38.0     1.00      7733  0.950
  38    0.0 1.1e-02   1.001       4.99 1.1655e-06 109.867  -2.61e+03 -109.867   0.660  0.0180   38.0     1.00      7942  0.950
  39    0.0 1.1e-02   1.009       5.14 1.1746e-06 113.084  -2.63e+03 -113.084   0.622  0.0221   38.0     1.00      8151  0.950
  40    0.0 1.0e-02   0.934       5.15 1.1719e-06 107.765  -2.47e+03 -107.765   0.679  0.0401   38.0     1.00      8360  0.950
  41    0.0 9.6e-03   1.011       4.99 1.1867e-06 100.898  -2.42e+03 -100.898   0.522  0.0172   38.0     1.00      8569  0.950
  42    0.0 9.1e-03   0.972       4.93 1.1654e-06 102.020  -2.46e+03 -102.020   0.612  0.0212   38.0     1.00      8778  0.950
  43    0.0 8.6e-03   0.964       4.89 1.1229e-06 103.449   -2.5e+03 -103.449   0.579  0.0231   38.0     1.00      8987  0.950
  44    0.0 8.2e-03   0.975       4.55 1.0738e-06  95.608  -2.32e+03  -95.608   0.455  0.0189   38.0     1.00      9196  0.950
  45    0.0 7.8e-03   0.980       4.57 1.1028e-06  87.369   -2.1e+03  -87.369   0.469  0.0112   38.0     1.00      9405  0.950
  46    0.0 7.4e-03   0.948       4.35 1.0499e-06  83.920     -2e+03  -83.920   0.402  0.0212   38.0     1.00      9614  0.950
  47    0.0 7.0e-03   1.014       4.24 9.5426e-07  86.235  -2.14e+03  -86.235   0.383  0.0143   36.6     1.27      9823  0.950
  48    0.0 6.7e-03   1.044       4.44 8.4956e-07  94.016  -2.29e+03  -94.016   0.450  0.0265   34.5     1.67     10032  0.950
  49    0.0 6.3e-03   1.000       4.38 9.6396e-07  89.683  -2.21e+03  -89.683   0.411  0.0246   34.8     1.61     10241  0.950
  50    0.0 6.0e-03   0.960       3.92 8.5477e-07  84.906  -2.04e+03  -84.906   0.292  0.0294   33.8     1.79     10450  0.950
  51    0.0 5.7e-03   0.981       3.81 6.6234e-07  86.134  -2.14e+03  -86.134   0.325  0.0151   28.8     2.74     10659  0.950
  52    0.0 5.4e-03   1.028       4.00 5.8377e-07  84.074  -2.01e+03  -84.074   0.316  0.0181   25.5     3.37     10868  0.950
  53    0.0 5.2e-03   0.982       3.99 5.5656e-07  80.781  -1.94e+03  -80.781   0.306  0.0203   22.3     3.96     11077  0.950
  54    0.0 4.9e-03   0.977       3.83 5.3834e-07  74.348  -1.81e+03  -74.348   0.287  0.0143   19.3     4.53     11286  0.950
  55    0.0 4.7e-03   1.011       3.98 4.3105e-07  88.709  -2.14e+03  -88.709   0.311  0.0190   16.4     5.09     11495  0.950
  56    0.0 4.4e-03   0.962       3.78 4.1869e-07  81.831  -1.99e+03  -81.831   0.349  0.0311   14.3     5.49     11704  0.950
  57    0.0 4.2e-03   0.969       3.49 3.8547e-07  74.408  -1.84e+03  -74.408   0.278  0.0164   13.0     5.73     11913  0.950
  58    0.0 4.0e-03   0.984       3.47 3.99e-07    73.290  -1.82e+03  -73.290   0.225  0.0163   10.9     6.13     12122  0.950
  59    0.0 3.8e-03   0.970       3.24 3.6618e-07  71.455   -1.8e+03  -71.455   0.316  0.0170    8.5     6.58     12331  0.950
  60    0.0 3.6e-03   0.993       3.26 3.8729e-07  67.773  -1.73e+03  -67.773   0.301  0.0076    7.5     6.78     12540  0.950
  61    0.0 3.4e-03   0.971       3.19 3.5335e-07  66.344  -1.67e+03  -66.344   0.354  0.0172    6.4     6.97     12749  0.950
  62    0.0 3.3e-03   1.002       3.20 3.6488e-07  68.192  -1.73e+03  -68.192   0.368  0.0097    5.9     7.08     12958  0.950
  63    0.0 3.1e-03   0.983       3.24 3.5764e-07  64.552  -1.63e+03  -64.552   0.373  0.0243    5.5     7.16     13167  0.950
  64    0.0 2.9e-03   0.992       3.17 3.3734e-07  65.397  -1.66e+03  -65.397   0.340  0.0116    5.1     7.23     13376  0.950
  65    0.0 2.8e-03   0.988       3.15 3.2817e-07  64.564  -1.63e+03  -64.564   0.340  0.0102    4.6     7.32     13585  0.950
  66    0.0 2.7e-03   0.985       3.14 3.1513e-07  64.634  -1.63e+03  -64.634   0.278  0.0095    4.1     7.41     13794  0.950
  67    0.0 2.5e-03   0.998       3.07 3.3068e-07  60.512  -1.52e+03  -60.512   0.478  0.0061    3.5     7.54     14003  0.950
  68    0.0 2.4e-03   0.968       3.00 2.9157e-07  65.383  -1.57e+03  -65.383   0.469  0.0168    3.6     7.51     14212  0.950
  69    0.0 2.3e-03   1.009       2.95 3.3064e-07  59.538  -1.48e+03  -59.538   0.388  0.0106    3.7     7.49     14421  0.950
  70    0.0 2.2e-03   0.969       2.84 3.002e-07   58.852  -1.45e+03  -58.852   0.397  0.0218    3.5     7.53     14630  0.950
  71    0.0 2.1e-03   0.990       2.77 2.9249e-07  59.439  -1.48e+03  -59.439   0.359  0.0091    3.3     7.56     14839  0.950
  72    0.0 2.0e-03   0.988       2.76 3.0786e-07  54.464  -1.39e+03  -54.464   0.225  0.0061    3.1     7.61     15048  0.950
  73    0.0 1.9e-03   1.000       2.80 3.1114e-07  55.522  -1.41e+03  -55.522   0.364  0.0067    2.4     7.73     15257  0.950
  74    0.0 1.8e-03   0.991       2.74 2.9697e-07  54.803   -1.4e+03  -54.803   0.426  0.0045    2.2     7.77     15466  0.950
  75    0.0 1.7e-03   0.995       2.74 2.7787e-07  57.757  -1.45e+03  -57.757   0.349  0.0052    2.2     7.77     15675  0.950
  76    0.0 1.6e-03   0.981       2.76 2.8313e-07  56.606   -1.4e+03  -56.606   0.397  0.0096    2.0     7.81     15884  0.950
  77    0.0 1.5e-03   0.986       2.71 2.8395e-07  58.212  -1.46e+03  -58.212   0.464  0.0072    1.9     7.83     16093  0.950
  78    0.0 1.4e-03   0.991       2.68 2.9912e-07  56.012  -1.39e+03  -56.012   0.469  0.0089    2.0     7.82     16302  0.950
  79    0.0 1.4e-03   0.989       2.68 2.9457e-07  55.866  -1.39e+03  -55.866   0.273  0.0052    2.0     7.81     16511  0.950
  80    0.0 1.3e-03   1.005       2.75 2.7831e-07  55.521   -1.4e+03  -55.521   0.388  0.0036    1.7     7.87     16720  0.950
  81    0.0 1.2e-03   0.992       2.76 2.7533e-07  56.924  -1.42e+03  -56.924   0.349  0.0099    1.6     7.89     16929  0.950
  82    0.0 1.2e-03   0.999       2.71 2.7623e-07  54.038  -1.35e+03  -54.038   0.321  0.0028    1.4     7.92     17138  0.950
  83    0.0 1.1e-03   0.994       2.69 2.8754e-07  56.369  -1.41e+03  -56.369   0.282  0.0032    1.3     7.95     17347  0.950
  84    0.0 1.1e-03   0.993       2.68 2.8484e-07  54.991  -1.39e+03  -54.991   0.201  0.0039    1.1     7.99     17556  0.950
  85    0.0 1.0e-03   0.999       2.66 3.0099e-07  54.388  -1.38e+03  -54.388   0.263  0.0025    1.0     8.00     17765  0.950
  86    0.0 9.5e-04   0.985       2.62 2.5924e-07  54.060  -1.35e+03  -54.060   0.316  0.0058    1.0     8.00     17974  0.950
  87    0.0 9.0e-04   0.993       2.59 2.8052e-07  51.035  -1.29e+03  -51.035   0.254  0.0025    1.0     8.00     18183  0.950
  88    0.0 8.6e-04   1.001       2.60 2.6801e-07  53.506  -1.35e+03  -53.506   0.220  0.0027    1.0     8.00     18392  0.950
  89    0.0 8.2e-04   0.992       2.55 2.9154e-07  50.400  -1.26e+03  -50.400   0.258  0.0066    1.0     8.00     18601  0.950
  90    0.0 7.8e-04   0.997       2.55 2.6664e-07  53.814  -1.36e+03  -53.814   0.187  0.0037    1.0     8.00     18810  0.950
  91    0.0 7.4e-04   0.995       2.54 2.758e-07   50.647  -1.28e+03  -50.647   0.177  0.0018    1.0     8.00     19019  0.950
  92    0.0 7.0e-04   1.000       2.54 2.7378e-07  51.899  -1.31e+03  -51.899   0.158  0.0018    1.0     8.00     19228  0.950
  93    0.0 6.6e-04   1.001       2.54 2.6889e-07  52.269  -1.33e+03  -52.269   0.153  0.0019    1.0     8.00     19437  0.950
  94    0.0 6.3e-04   0.994       2.52 2.665e-07   52.397  -1.33e+03  -52.397   0.148  0.0024    1.0     8.00     19646  0.950
  95    0.0 5.1e-04   0.995       2.51 2.8531e-07  48.182  -1.22e+03  -48.182   0.129  0.0018    1.0     8.00     19855  0.800
  96    0.0 4.0e-04   0.993       2.48 2.8724e-07  49.882  -1.27e+03  -49.882   0.105  0.0028    1.0     8.00     20064  0.800
  97    0.0 3.2e-04   0.996       2.47 2.6132e-07  51.496   -1.3e+03  -51.496   0.120  0.0024    1.0     8.00     20273  0.800
  98    0.0 2.6e-04   0.996       2.46 2.7761e-07  49.186  -1.25e+03  -49.186   0.081  0.0020    1.0     8.00     20482  0.800
  99    0.0 2.1e-04   0.999       2.47 2.7088e-07  50.186  -1.27e+03  -50.186   0.048  0.0008    1.0     8.00     20691  0.800
 100    0.0 1.7e-04   0.998       2.47 2.8192e-07  49.249  -1.25e+03  -49.249   0.043  0.0018    1.0     8.00     20900  0.800
 101    0.0 1.3e-04   0.999       2.47 2.7809e-07  49.669  -1.26e+03  -49.669   0.033  0.0005    1.0     8.00     21109  0.800
 102    0.0 1.1e-04   0.998       2.47 2.7657e-07  49.669  -1.26e+03  -49.669   0.033  0.0012    1.0     8.00     21318  0.800
 103    0.0 8.5e-05   0.999       2.47 2.782e-07   50.784  -1.29e+03  -50.784   0.024  0.0005    1.0     8.00     21527  0.800
 104    0.0 6.8e-05   1.000       2.47 2.7935e-07  50.519  -1.28e+03  -50.519   0.024  0.0004    1.0     8.00     21736  0.800
 105    0.0 0.0e+00   0.999       2.47 2.8473e-07  48.802  -1.23e+03  -48.802   0.029  0.0004    1.0     8.00     21945  0.800
## Placement Quench took 0.00 seconds (max_rss 403.9 MiB)

BB estimate of min-dist (placement) wire length: 1635

Completed placement consistency check successfully.

Swaps called: 22000

Aborted Move Reasons:
  No moves aborted

Placement estimated critical path delay (least slack): 50.5192 ns, Fmax: 19.7944 MHz
Placement estimated setup Worst Negative Slack (sWNS): -50.5192 ns
Placement estimated setup Total Negative Slack (sTNS): -1278.54 ns

Placement estimated setup slack histogram:
[ -5.1e-08: -4.6e-08) 25 ( 89.3%) |************************************************
[ -4.6e-08: -4.2e-08)  1 (  3.6%) |**
[ -4.2e-08: -3.8e-08)  0 (  0.0%) |
[ -3.8e-08: -3.3e-08)  0 (  0.0%) |
[ -3.3e-08: -2.9e-08)  1 (  3.6%) |**
[ -2.9e-08: -2.5e-08)  0 (  0.0%) |
[ -2.5e-08:   -2e-08)  0 (  0.0%) |
[   -2e-08: -1.6e-08)  0 (  0.0%) |
[ -1.6e-08: -1.2e-08)  0 (  0.0%) |
[ -1.2e-08: -7.3e-09)  1 (  3.6%) |**

Placement estimated geomean non-virtual intra-domain period: 50.5192 ns (19.7944 MHz)
Placement estimated fanout-weighted geomean non-virtual intra-domain period: 50.5192 ns (19.7944 MHz)

Placement cost: 0.998708, bb_cost: 2.46985, td_cost: 2.80017e-07, 

Placement resource usage:
  PB-SYN_GND implemented as TL-SYN_GND: 1
  PB-BIDIR   implemented as TL-BIDIR  : 8
  PB-ASSP    implemented as TL-ASSP   : 1
  PB-LOGIC   implemented as TL-LOGIC  : 44
  PB-SYN_VCC implemented as TL-SYN_VCC: 1

Placement number of temperatures: 105
Placement total # of swap attempts: 22000
	Swaps accepted: 10805 (49.1 %)
	Swaps rejected:  9820 (44.6 %)
	Swaps aborted :  1375 ( 6.2 %)
Placement Quench timing analysis took 0.000200656 seconds (0.000158108 STA, 4.2548e-05 slack) (1 full updates: 1 setup, 0 hold, 0 combined).
Placement Total  timing analysis took 0.0220056 seconds (0.0172888 STA, 0.0047168 slack) (107 full updates: 107 setup, 0 hold, 0 combined).
update_td_costs: connections 0 nets 0 sum_nets 0 total 0
Incr Slack updates 107 in 0.0016457 sec
Full Max Req/Worst Slack updates 87 in 0.000178815 sec
Incr Max Req/Worst Slack updates 20 in 4.1297e-05 sec
Incr Criticality updates 1 in 1.7252e-05 sec
Full Criticality updates 106 in 0.00247157 sec
# Placement took 0.57 seconds (max_rss 403.9 MiB, delta_rss +49.2 MiB)

Flow timing analysis took 0.0220056 seconds (0.0172888 STA, 0.0047168 slack) (107 full updates: 107 setup, 0 hold, 0 combined).
VPR succeeded
The entire flow of VPR took 18.48 seconds (max_rss 403.9 MiB)
