VPR FPGA Placement and Routing.
Version: 8.1.0-dev+dadca7ecf
Revision: v8.0.0-rc2-2894-gdadca7ecf
Compiled: 2020-10-14T15:08:54
Compiler: GNU 7.3.0 on Linux-4.15.0-1028-gcp x86_64
Build Info: Release IPO VTR_ASSERT_LEVEL=2

University of Toronto
verilogtorouting.org
vtr-users@googlegroups.com
This is free open source code under MIT license.

VPR was run with the following command-line:
vpr /home/veeracharyulu/qorc-sdk/fpga_toolchain_install/v1.3.1/quicklogic-arch-defs/share/arch/ql-eos-s3_wlcsp/arch.timing.xml three.eblif --device ql-eos-s3 --max_router_iterations 500 --routing_failure_predictor off --router_high_fanout_threshold -1 --constant_net_method route --route_chan_width 100 --clock_modeling route --place_delay_model delta_override --router_lookahead map --check_route quick --strict_checks off --allow_dangling_combinational_nodes on --disable_errors check_unbuffered_edges:check_route --congested_routing_iteration_threshold 0.8 --incremental_reroute_delay_ripup off --base_cost_type delay_normalized_length_bounded --bb_factor 10 --initial_pres_fac 4.0 --check_rr_graph off --suppress_warnings ,sum_pin_class:check_unbuffered_edges:load_rr_indexed_data_T_values:check_rr_node:trans_per_R:check_route:set_rr_graph_tool_comment:warn_model_missing_timing --read_rr_graph /home/veeracharyulu/qorc-sdk/fpga_toolchain_install/v1.3.1/quicklogic-arch-defs/share/arch/ql-eos-s3_wlcsp/rr_graph_ql-eos-s3_wlcsp.rr_graph.real.bin --read_placement_delay_lookup /home/veeracharyulu/qorc-sdk/fpga_toolchain_install/v1.3.1/quicklogic-arch-defs/share/arch/ql-eos-s3_wlcsp/rr_graph_ql-eos-s3_wlcsp.place_delay.bin --sdc_file /home/veeracharyulu/qorc-sdk/vaman/trunk/fpga/three/build/three_dummy.sdc --route

Using up to 1 parallel worker(s)

Architecture file: /home/veeracharyulu/qorc-sdk/fpga_toolchain_install/v1.3.1/quicklogic-arch-defs/share/arch/ql-eos-s3_wlcsp/arch.timing.xml
Circuit name: three

# Loading Architecture Description
# Loading Architecture Description took 0.31 seconds (max_rss 31.2 MiB, delta_rss +25.0 MiB)
# Building complex block graph
# Building complex block graph took 0.06 seconds (max_rss 39.9 MiB, delta_rss +8.7 MiB)
# Load circuit
# Load circuit took 0.01 seconds (max_rss 41.0 MiB, delta_rss +1.1 MiB)
# Clean circuit
Absorbed 827 LUT buffers
Inferred  106 additional primitive pins as constant generators since they have no combinationally connected inputs
Inferred   44 additional primitive pins as constant generators due to constant inputs
Inferred    0 additional primitive pins as constant generators since they have no combinationally connected inputs
Inferred    0 additional primitive pins as constant generators due to constant inputs
Inferred    0 additional primitive pins as constant generators since they have no combinationally connected inputs
Inferred    0 additional primitive pins as constant generators due to constant inputs
Swept input(s)      : 1
Swept output(s)     : 0 (0 dangling, 0 constant)
Swept net(s)        : 142
Swept block(s)      : 1
Constant Pins Marked: 150
# Clean circuit took 0.00 seconds (max_rss 41.9 MiB, delta_rss +0.9 MiB)
# Compress circuit
# Compress circuit took 0.00 seconds (max_rss 41.9 MiB, delta_rss +0.0 MiB)
# Verify circuit
# Verify circuit took 0.00 seconds (max_rss 41.9 MiB, delta_rss +0.0 MiB)
Circuit Statistics:
  Blocks: 122
    .output   :       8
    ASSP      :       1
    BIDIR_CELL:       8
    C_FRAG    :      13
    F_FRAG    :       1
    GND       :       1
    Q_FRAG    :      28
    T_FRAG    :      61
    VCC       :       1
  Nets  : 114
    Avg Fanout:     8.7
    Max Fanout:   464.0
    Min Fanout:     1.0
  Netlist Clocks: 1
# Build Timing Graph
  Timing Graph Nodes: 1102
  Timing Graph Edges: 1743
  Timing Graph Levels: 24
# Build Timing Graph took 0.00 seconds (max_rss 41.9 MiB, delta_rss +0.0 MiB)
Netlist contains 1 clocks
  Netlist Clock 'clk' Fanout: 28 pins (2.5%), 28 blocks (23.0%)
# Load Timing Constraints

SDC file '/home/veeracharyulu/qorc-sdk/vaman/trunk/fpga/three/build/three_dummy.sdc' contained no SDC commands
Setting default timing constraints:
   * constrain all primay inputs and primary outputs on netlist clock 'clk'
   * optimize netlist clock to run as fast as possible
Timing constraints created 1 clocks
  Constrained Clock 'clk' Source: 'u_qlal4s3b_cell_macro.Sys_Clk0[0]'

# Load Timing Constraints took 0.00 seconds (max_rss 41.9 MiB, delta_rss +0.0 MiB)
Timing analysis: ON
Circuit netlist file: three.net
Circuit placement file: three.place
Circuit routing file: three.route
Circuit SDC file: /home/veeracharyulu/qorc-sdk/vaman/trunk/fpga/three/build/three_dummy.sdc

Packer: ENABLED
Placer: ENABLED
Router: ENABLED
Analysis: ENABLED

NetlistOpts.abosrb_buffer_luts            : true
NetlistOpts.sweep_dangling_primary_ios    : true
NetlistOpts.sweep_dangling_nets           : true
NetlistOpts.sweep_dangling_blocks         : true
NetlistOpts.sweep_constant_primary_outputs: false
NetlistOpts.netlist_verbosity             : 1
NetlistOpts.const_gen_inference           : COMB_SEQ

PackerOpts.allow_unrelated_clustering: auto
PackerOpts.alpha_clustering: 0.750000
PackerOpts.beta_clustering: 0.900000
PackerOpts.cluster_seed_type: BLEND2
PackerOpts.connection_driven: true
PackerOpts.global_clocks: true
PackerOpts.hill_climbing_flag: false
PackerOpts.inter_cluster_net_delay: 1.000000
PackerOpts.timing_driven: true
PackerOpts.target_external_pin_util: auto

PlacerOpts.place_freq: PLACE_ONCE
PlacerOpts.place_algorithm: CRITICALITY_TIMING_PLACE
PlacerOpts.pad_loc_type: FREE
PlacerOpts.constraints_file: No constraints file given
PlacerOpts.place_cost_exp: 1.000000
PlacerOpts.place_chan_width: 100
PlacerOpts.inner_loop_recompute_divider: 0
PlacerOpts.recompute_crit_iter: 1
PlacerOpts.timing_tradeoff: 0.500000
PlacerOpts.td_place_exp_first: 1.000000
PlacerOpts.td_place_exp_last: 8.000000
PlacerOpts.delay_offset: 0.000000
PlacerOpts.delay_ramp_delta_threshold: -1
PlacerOpts.delay_ramp_slope: 0.000000
PlacerOpts.tsu_rel_margin: 1.000000
PlacerOpts.tsu_abs_margin: 0.000000
PlacerOpts.post_place_timing_report_file: 
PlacerOpts.allowed_tiles_for_delay_model: 
PlacerOpts.delay_model_reducer: MIN
PlacerOpts.delay_model_type: DELTA_OVERRIDE
PlacerOpts.rlim_escape_fraction: 0.000000
PlacerOpts.move_stats_file: 
PlacerOpts.placement_saves_per_temperature: 0
PlacerOpts.effort_scaling: CIRCUIT
PlacerOpts.place_delta_delay_matrix_calculation_method: ASTAR_ROUTE
PlaceOpts.seed: 1
AnnealSched.type: AUTO_SCHED
AnnealSched.inner_num: 1.000000

RouterOpts.route_type: DETAILED
RouterOpts.router_algorithm: TIMING_DRIVEN
RouterOpts.base_cost_type: DELAY_NORMALIZED_LENGTH_BOUNDED
RouterOpts.fixed_channel_width: 100
RouterOpts.check_route: QUICK
RouterOpts.trim_empty_chan: false
RouterOpts.trim_obs_chan: false
RouterOpts.acc_fac: 1.000000
RouterOpts.bb_factor: 10
RouterOpts.bend_cost: 0.000000
RouterOpts.first_iter_pres_fac: 0.000000
RouterOpts.initial_pres_fac: 4.000000
RouterOpts.pres_fac_mult: 1.300000
RouterOpts.max_router_iterations: 500
RouterOpts.min_incremental_reroute_fanout: 16
RouterOpts.do_check_rr_graph: false
RouterOpts.verify_binary_search: false
RouterOpts.min_channel_width_hint: 0
RouterOpts.read_rr_edge_metadata: false
RouterOpts.exit_after_first_routing_iteration: false
RouterOpts.astar_fac: 1.200000
RouterOpts.criticality_exp: 1.000000
RouterOpts.max_criticality: 0.990000
RouterOpts.init_wirelength_abort_threshold: 0.850000
RouterOpts.save_routing_per_iteration: false
RouterOpts.congested_routing_iteration_threshold_frac: 0.800000
RouterOpts.high_fanout_threshold: -1
RouterOpts.router_debug_net: -2
RouterOpts.router_debug_sink_rr: -2
RouterOpts.router_debug_iteration: -2
RouterOpts.max_convergence_count: 1
RouterOpts.reconvergence_cpd_threshold: 0.990000
RouterOpts.update_lower_bound_delays: true
RouterOpts.first_iteration_timing_report_file: 
RouterOpts.incr_reroute_delay_ripup: OFF
RouterOpts.route_bb_update: DYNAMIC
RouterOpts.lookahead_type: MAP
RouterOpts.initial_timing: LOOKAHEAD
RouterOpts.router_heap: BINARY_HEAP
RouterOpts.routing_failure_predictor = OFF
RouterOpts.routing_budgets_algorithm = DISABLE

AnalysisOpts.gen_post_synthesis_netlist: false
AnalysisOpts.timing_report_npaths: 100
AnalysisOpts.timing_report_skew: false
AnalysisOpts.echo_dot_timing_graph_node: -1
AnalysisOpts.timing_report_detail: NETLIST

RoutingArch.directionality: BI_DIRECTIONAL
RoutingArch.switch_block_type: WILTON
RoutingArch.Fs: 3

# Load Packing
Begin loading packed FPGA netlist file.
Netlist generated from file 'three.net'.
Detected 2 constant generators (to see names run with higher pack verbosity)
Finished loading packed FPGA netlist file (took 0.022066 seconds).
# Load Packing took 0.02 seconds (max_rss 43.3 MiB, delta_rss +1.3 MiB)
Warning 1: Netlist contains 0 global net to non-global architecture pin connections
Warning 2: Logic block #53 ($false) has only 1 output pin '$false.GND0_GND[0]'. It may be a constant generator.
Warning 3: Logic block #54 ($true) has only 1 output pin '$true.VCC0_VCC[0]'. It may be a constant generator.

Netlist num_nets: 81
Netlist num_blocks: 55
Netlist EMPTY blocks: 0.
Netlist PB-SYN_GND blocks: 1.
Netlist PB-BIDIR blocks: 8.
Netlist PB-ASSP blocks: 1.
Netlist PB-LOGIC blocks: 44.
Netlist PB-SDIOMUX blocks: 0.
Netlist PB-MULT blocks: 0.
Netlist PB-GMUX blocks: 0.
Netlist PB-CLOCK blocks: 0.
Netlist PB-RAM blocks: 0.
Netlist PB-SYN_VCC blocks: 1.
Netlist inputs pins: 0
Netlist output pins: 24


Pb types usage...
  PB-SYN_GND        : 1
   GND              : 1
  PB-BIDIR          : 8
   BIDIR            : 8
    OUTPUT          : 8
     bidir          : 8
     outpad         : 8
  PB-ASSP           : 1
   ASSP             : 1
  PB-LOGIC          : 44
   LOGIC            : 44
    FRAGS           : 44
     c_frag_modes   : 44
      SINGLE        : 13
       c_frag       : 13
      SPLIT         : 31
       b_frag       : 31
       t_frag       : 30
     f_frag         : 1
     q_frag_modes   : 28
      INT           : 25
       q_frag       : 25
      EXT           : 3
       q_frag       : 3
  PB-SYN_VCC        : 1
   VCC              : 1

# Create Device
## Build Device Grid
FPGA sized to 39 x 35: 1365 grid tiles (ql-eos-s3)

Resource usage...
	Netlist
		1	blocks of type: PB-SYN_GND
	Architecture
		1	blocks of type: TL-SYN_GND
	Netlist
		8	blocks of type: PB-BIDIR
	Architecture
		32	blocks of type: TL-BIDIR
	Netlist
		1	blocks of type: PB-ASSP
	Architecture
		1	blocks of type: TL-ASSP
	Netlist
		44	blocks of type: PB-LOGIC
	Architecture
		891	blocks of type: TL-LOGIC
	Netlist
		0	blocks of type: PB-SDIOMUX
	Architecture
		14	blocks of type: TL-SDIOMUX
	Netlist
		0	blocks of type: PB-MULT
	Architecture
		2	blocks of type: TL-MULT
	Netlist
		0	blocks of type: PB-GMUX
	Architecture
		5	blocks of type: TL-GMUX
	Netlist
		0	blocks of type: PB-CLOCK
	Architecture
		5	blocks of type: TL-CLOCK
	Netlist
		0	blocks of type: PB-RAM
	Architecture
		4	blocks of type: TL-RAM
	Netlist
		1	blocks of type: PB-SYN_VCC
	Architecture
		1	blocks of type: TL-SYN_VCC

Device Utilization: 0.04 (target 1.00)
	Physical Tile TL-LOGIC:
	Block Utilization: 0.05 Logical Block: PB-LOGIC
	Physical Tile TL-RAM:
	Block Utilization: 0.00 Logical Block: PB-RAM
	Physical Tile TL-MULT:
	Block Utilization: 0.00 Logical Block: PB-MULT
	Physical Tile TL-BIDIR:
	Block Utilization: 0.25 Logical Block: PB-BIDIR
	Physical Tile TL-CLOCK:
	Block Utilization: 0.00 Logical Block: PB-CLOCK
	Physical Tile TL-SDIOMUX:
	Block Utilization: 0.00 Logical Block: PB-SDIOMUX
	Physical Tile TL-GMUX:
	Block Utilization: 0.00 Logical Block: PB-GMUX
	Physical Tile TL-ASSP:
	Block Utilization: 1.00 Logical Block: PB-ASSP
	Physical Tile TL-SYN_VCC:
	Block Utilization: 1.00 Logical Block: PB-SYN_VCC
	Physical Tile TL-SYN_GND:
	Block Utilization: 1.00 Logical Block: PB-SYN_GND

## Build Device Grid took 0.00 seconds (max_rss 43.5 MiB, delta_rss +0.0 MiB)
## Loading routing resource graph


## Loading routing resource graph took 0.46 seconds (max_rss 351.4 MiB, delta_rss +307.9 MiB)
  RR Graph Nodes: 1396446
  RR Graph Edges: 2337988
# Create Device took 0.95 seconds (max_rss 354.6 MiB, delta_rss +311.2 MiB)

# Load Placement
Reading three.place.

Successfully read three.place.

# Load Placement took 0.00 seconds (max_rss 354.6 MiB, delta_rss +0.0 MiB)

# Computing router lookahead map
## Computing wire lookahead
Warning 4: Unable to find any sample location for segment CHANX type 'generic' (length 1)
Warning 5: Unable to find any sample location for segment CHANY type 'generic' (length 1)
Warning 6: Unable to find any sample location for segment CHANX type 'pad' (length 1)
Warning 7: Unable to find any sample location for segment CHANY type 'pad' (length 1)
## Computing wire lookahead took 16.46 seconds (max_rss 354.6 MiB, delta_rss +0.0 MiB)
## Computing src/opin lookahead
## Computing src/opin lookahead took 0.00 seconds (max_rss 354.6 MiB, delta_rss +0.0 MiB)
# Computing router lookahead map took 16.46 seconds (max_rss 354.6 MiB, delta_rss +0.0 MiB)
# Routing
  RR Graph Nodes: 1396446
  RR Graph Edges: 2337988
Confirming router algorithm: TIMING_DRIVEN.
## Initializing router criticalities
Initial Net Connection Criticality Histogram:
[        0:      0.1) 624 ( 67.5%) |***********************************************
[      0.1:      0.2)   0 (  0.0%) |
[      0.2:      0.3)   3 (  0.3%) |
[      0.3:      0.4)  59 (  6.4%) |****
[      0.4:      0.5)  20 (  2.2%) |**
[      0.5:      0.6)  18 (  1.9%) |*
[      0.6:      0.7)  28 (  3.0%) |**
[      0.7:      0.8)  54 (  5.8%) |****
[      0.8:      0.9)  30 (  3.2%) |**
[      0.9:        1)  89 (  9.6%) |*******
## Initializing router criticalities took 0.00 seconds (max_rss 404.5 MiB, delta_rss +0.0 MiB)
---- ------ ------- ---- ------- ------- ------- ----------------- --------------- -------- ---------- ---------- ---------- ---------- --------
Iter   Time    pres  BBs    Heap  Re-Rtd  Re-Rtd Overused RR Nodes      Wirelength      CPD       sTNS       sWNS       hTNS       hWNS Est Succ
      (sec)     fac Updt    push    Nets   Conns                                       (ns)       (ns)       (ns)       (ns)       (ns)     Iter
---- ------ ------- ---- ------- ------- ------- ----------------- --------------- -------- ---------- ---------- ---------- ---------- --------
   1    5.2     0.0    0 2.6e+07      81     925    1152 ( 0.082%)   21675 ( 1.5%)   57.196     -1431.    -57.196      0.000      0.000      N/A
   2    3.9     4.0    0 1.8e+07      63     540     616 ( 0.044%)   22082 ( 1.6%)   57.092     -1431.    -57.092      0.000      0.000      N/A
   3    3.3     5.2    0 1.5e+07      53     401     454 ( 0.033%)   22176 ( 1.6%)   57.170     -1434.    -57.170      0.000      0.000      N/A
   4    2.4     6.8    0 1.1e+07      43     336     281 ( 0.020%)   22230 ( 1.6%)   57.207     -1435.    -57.207      0.000      0.000      N/A
   5    2.1     8.8    0 9658942      34     252     214 ( 0.015%)   22342 ( 1.6%)   57.245     -1437.    -57.245      0.000      0.000      N/A
   6    1.4    11.4    0 6664242      32     218     127 ( 0.009%)   22576 ( 1.6%)   57.283     -1439.    -57.283      0.000      0.000      N/A
   7    1.2    14.9    0 5768834      27     132      92 ( 0.007%)   22700 ( 1.6%)   57.283     -1440.    -57.283      0.000      0.000      N/A
   8    0.9    19.3    0 4337305      16      66      41 ( 0.003%)   22890 ( 1.6%)   57.283     -1444.    -57.283      0.000      0.000      N/A
   9    0.9    25.1    0 3921961       8      30      18 ( 0.001%)   22965 ( 1.6%)   57.416     -1448.    -57.416      0.000      0.000      N/A
  10    0.4    32.6    0 1674203       5      12       6 ( 0.000%)   23003 ( 1.6%)   57.416     -1448.    -57.416      0.000      0.000       14
  11    0.1    42.4    0  489556       3       6       6 ( 0.000%)   23003 ( 1.6%)   57.416     -1448.    -57.416      0.000      0.000       13
  12    0.1    55.1    0  533102       4      13       6 ( 0.000%)   23008 ( 1.6%)   57.416     -1448.    -57.416      0.000      0.000       13
  13    0.1    71.7    0  478006       3       5       6 ( 0.000%)   22999 ( 1.6%)   57.416     -1448.    -57.416      0.000      0.000       14
  14    0.1    93.2    0  522948       5       9       6 ( 0.000%)   23000 ( 1.6%)   57.342     -1447.    -57.342      0.000      0.000       16
  15    0.1   121.1    0  459386       2       4       3 ( 0.000%)   22997 ( 1.6%)   56.972     -1447.    -56.972      0.000      0.000       19
  16    0.0   157.5    0  158872       3      12       6 ( 0.000%)   23002 ( 1.6%)   56.972     -1447.    -56.972      0.000      0.000       19
  17    0.1   204.7    0  229268       3      12       3 ( 0.000%)   23007 ( 1.6%)   56.972     -1447.    -56.972      0.000      0.000       26
  18    0.0   266.2    0  145221       2       2       3 ( 0.000%)   22998 ( 1.6%)   57.167     -1447.    -57.167      0.000      0.000       25
  19    0.0   346.0    0   55371       2       4       3 ( 0.000%)   22998 ( 1.6%)   57.167     -1447.    -57.167      0.000      0.000       31
  20    0.0   449.8    0   41345       1       3       3 ( 0.000%)   22993 ( 1.6%)   57.167     -1447.    -57.167      0.000      0.000       31
  21    0.1   584.8    0  420161       2       9       3 ( 0.000%)   22999 ( 1.6%)   57.167     -1447.    -57.167      0.000      0.000       30
  22    0.3   760.2    0 1188715       2       9       0 ( 0.000%)   23053 ( 1.6%)   59.670     -1498.    -59.670      0.000      0.000       32
Restoring best routing
Critical path: 59.6697 ns
Successfully routed after 22 routing iterations.
Final Net Connection Criticality Histogram:
[        0:      0.1) 624 ( 67.5%) |***********************************************
[      0.1:      0.2)   0 (  0.0%) |
[      0.2:      0.3)   1 (  0.1%) |
[      0.3:      0.4)  60 (  6.5%) |*****
[      0.4:      0.5)  26 (  2.8%) |**
[      0.5:      0.6)  14 (  1.5%) |*
[      0.6:      0.7)  27 (  2.9%) |**
[      0.7:      0.8)  52 (  5.6%) |****
[      0.8:      0.9)  27 (  2.9%) |**
[      0.9:        1)  94 ( 10.2%) |*******
Router Stats: total_nets_routed: 394 total_connections_routed: 3000 total_heap_pushes: 106424286 total_heap_pops: 92052661
# Routing took 23.45 seconds (max_rss 404.5 MiB, delta_rss +49.8 MiB)

Checking to ensure routing is legal...
Completed routing consistency check successfully.

Serial number (magic cookie) for the routing is: -1149270970
Circuit successfully routed with a channel width factor of 100.

Incr Slack updates 23 in 0.000376125 sec
Full Max Req/Worst Slack updates 4 in 1.4276e-05 sec
Incr Max Req/Worst Slack updates 19 in 0.000133692 sec
Incr Criticality updates 10 in 0.00019477 sec
Full Criticality updates 13 in 0.00042945 sec

Average number of bends per net: 238.926  Maximum # of bends: 5564

Number of global nets: 0
Number of routed nets (nonglobal): 81
Wire length results (in units of 1 clb segments)...
	Total wirelength: 22263, average net length: 274.852
	Maximum net length: 7452

Wire length results in terms of physical segments...
	Total wiring segments used: 19753, average wire segments per net: 243.864
	Maximum segments used by a net: 5735
	Total local nets with reserved CLB opins: 0

Routing channel utilization histogram:
[        1:      inf)    0 (  0.0%) |
[      0.9:        1)   54 (  2.1%) |*
[      0.8:      0.9)    0 (  0.0%) |
[      0.7:      0.8)    6 (  0.2%) |
[      0.5:      0.6)    0 (  0.0%) |
[      0.4:      0.5)    0 (  0.0%) |
[      0.3:      0.4)    2 (  0.1%) |
[      0.2:      0.3)   64 (  2.5%) |*
[      0.1:      0.2)   48 (  1.9%) |*
[        0:      0.1) 2410 ( 93.3%) |**********************************************
Maximum routing channel utilization:         1 at (1,3)

X - Directed channels:   j max occ ave occ capacity
                      ---- ------- ------- --------
                         0       2   1.231        2
                         1     161  10.026      221
                         2       0   0.000        0
                         3      91  20.667      635
                         4      66   2.128      623
                         5      72   2.205      658
                         6      78   2.000      623
                         7      87   4.487      623
                         8      28   2.410      623
                         9     186  17.513      623
                        10     182  14.564      665
                        11     199  16.949      623
                        12     212  29.769      647
                        13     239  34.359      623
                        14     215  33.231      623
                        15     199  29.179      623
                        16     218  28.615      623
                        17     231  25.256      623
                        18     145   5.590      725
                        19       0   0.000      623
                        20       7   0.179      623
                        21       0   0.000      623
                        22       0   0.000      623
                        23       0   0.000      623
                        24       7   0.179      623
                        25       0   0.000      657
                        26       0   0.000      634
                        27       0   0.000      623
                        28       7   0.179      623
                        29       0   0.000      624
                        30       0   0.000      625
                        31       0   0.000      626
                        32      30   0.769      786
                        33       0   0.000      269
Y - Directed channels:   i max occ ave occ capacity
                      ---- ------- ------- --------
                         0       0   0.000        2
                         1      47   4.057      287
                         2       1   0.029        4
                         3     177  54.314      848
                         4      36   2.543      874
                         5      54   2.600      819
                         6      30   5.343      760
                         7      46   3.943      761
                         8      11   1.314      761
                         9      46   4.229      761
                        10      16   2.229      757
                        11       6   1.371      775
                        12      49   2.886      757
                        13      41   2.600      761
                        14      25   2.200      761
                        15       6   1.371      761
                        16      25   2.200      761
                        17     205  26.943      761
                        18     206  42.229      761
                        19     229  47.629      816
                        20     199  45.400      761
                        21     219  42.371      883
                        22     163  22.286      761
                        23      12   0.686      761
                        24      25   0.829      761
                        25       0   0.000      761
                        26      25   0.829      757
                        27       0   0.000      775
                        28       0   0.000      757
                        29       0   0.000      761
                        30       0   0.000      761
                        31       0   0.000      761
                        32       0   0.000      761
                        33       0   0.000      763
                        34       0   0.000      762
                        35       0   0.000      764
                        36       0   0.000     1024
                        37       0   0.000      164

Total tracks in x-direction: 19611, in y-direction: 27046

Logic area (in minimum width transistor areas, excludes I/Os and empty grid tiles)...
	Total logic block area (Warning, need to add pitch of routing to blocks with height > 3): 1.3515e+07
	Total used logic block area: 705000

Routing area (in minimum width transistor areas)...
	Assuming no buffer sharing (pessimistic). Total: 1.07847e+09, per logic tile: 790090.
	Assuming buffer sharing (slightly optimistic). Total: 8.38760e+08, per logic tile: 614476.


Segment usage by type (index):    name type utilization
                               ------- ---- -----------
                                  sbox    2      0.0128
                                   vcc    3      0.0701
                                   gnd    4      0.0814
                                  hop1    5      0.0157
                                  hop2    6      0.0269
                                  hop3    7           0
                                  hop4    8      0.0095
                                 clock    9           0
                               special   10      0.0828

Segment usage by length: length utilization
                         ------ -----------
                              1      0.0133
                              2      0.0269
                              3           0
                              4      0.0095


Final hold Worst Negative Slack (hWNS): 0 ns
Final hold Total Negative Slack (hTNS): 0 ns

Final hold slack histogram:
[  4.5e-09:  7.3e-09)  4 ( 14.3%) |**********
[  7.3e-09:    1e-08) 20 ( 71.4%) |************************************************
[    1e-08:  1.3e-08)  3 ( 10.7%) |*******
[  1.3e-08:  1.6e-08)  0 (  0.0%) |
[  1.6e-08:  1.9e-08)  0 (  0.0%) |
[  1.9e-08:  2.1e-08)  0 (  0.0%) |
[  2.1e-08:  2.4e-08)  0 (  0.0%) |
[  2.4e-08:  2.7e-08)  0 (  0.0%) |
[  2.7e-08:    3e-08)  0 (  0.0%) |
[    3e-08:  3.3e-08)  1 (  3.6%) |**

Final critical path delay (least slack): 59.6677 ns, Fmax: 16.7595 MHz
Final setup Worst Negative Slack (sWNS): -59.6677 ns
Final setup Total Negative Slack (sTNS): -1497.57 ns

Final setup slack histogram:
[   -6e-08: -5.5e-08) 20 ( 71.4%) |************************************************
[ -5.5e-08:   -5e-08)  6 ( 21.4%) |**************
[   -5e-08: -4.5e-08)  0 (  0.0%) |
[ -4.5e-08:   -4e-08)  0 (  0.0%) |
[   -4e-08: -3.5e-08)  0 (  0.0%) |
[ -3.5e-08:   -3e-08)  1 (  3.6%) |**
[   -3e-08: -2.6e-08)  0 (  0.0%) |
[ -2.6e-08: -2.1e-08)  0 (  0.0%) |
[ -2.1e-08: -1.6e-08)  0 (  0.0%) |
[ -1.6e-08: -1.1e-08)  1 (  3.6%) |**

Final geomean non-virtual intra-domain period: 59.6677 ns (16.7595 MHz)
Final fanout-weighted geomean non-virtual intra-domain period: 59.6677 ns (16.7595 MHz)

Incr Slack updates 1 in 1.9406e-05 sec
Full Max Req/Worst Slack updates 1 in 3.525e-06 sec
Incr Max Req/Worst Slack updates 0 in 0 sec
Incr Criticality updates 0 in 0 sec
Full Criticality updates 1 in 3.2517e-05 sec
Flow timing analysis took 0.0119599 seconds (0.0100181 STA, 0.00194184 slack) (24 full updates: 0 setup, 0 hold, 24 combined).
VPR succeeded
The entire flow of VPR took 41.37 seconds (max_rss 404.5 MiB)
