VPR FPGA Placement and Routing.
Version: 8.1.0-dev+dadca7ecf
Revision: v8.0.0-rc2-2894-gdadca7ecf
Compiled: 2020-10-14T15:08:54
Compiler: GNU 7.3.0 on Linux-4.15.0-1028-gcp x86_64
Build Info: Release IPO VTR_ASSERT_LEVEL=2

University of Toronto
verilogtorouting.org
vtr-users@googlegroups.com
This is free open source code under MIT license.

VPR was run with the following command-line:
vpr /home/veeracharyulu/qorc-sdk/fpga_toolchain_install/v1.3.1/quicklogic-arch-defs/share/arch/ql-eos-s3_wlcsp/arch.timing.xml decade_counter.eblif --device ql-eos-s3 --max_router_iterations 500 --routing_failure_predictor off --router_high_fanout_threshold -1 --constant_net_method route --route_chan_width 100 --clock_modeling route --place_delay_model delta_override --router_lookahead map --check_route quick --strict_checks off --allow_dangling_combinational_nodes on --disable_errors check_unbuffered_edges:check_route --congested_routing_iteration_threshold 0.8 --incremental_reroute_delay_ripup off --base_cost_type delay_normalized_length_bounded --bb_factor 10 --initial_pres_fac 4.0 --check_rr_graph off --suppress_warnings ,sum_pin_class:check_unbuffered_edges:load_rr_indexed_data_T_values:check_rr_node:trans_per_R:check_route:set_rr_graph_tool_comment:warn_model_missing_timing --read_rr_graph /home/veeracharyulu/qorc-sdk/fpga_toolchain_install/v1.3.1/quicklogic-arch-defs/share/arch/ql-eos-s3_wlcsp/rr_graph_ql-eos-s3_wlcsp.rr_graph.real.bin --read_placement_delay_lookup /home/veeracharyulu/qorc-sdk/fpga_toolchain_install/v1.3.1/quicklogic-arch-defs/share/arch/ql-eos-s3_wlcsp/rr_graph_ql-eos-s3_wlcsp.place_delay.bin --sdc_file /home/veeracharyulu/qorc-sdk/vaman/trunk/fpga/sevenseg/codes/loop/build/decade_counter_dummy.sdc --fix_clusters decade_counter_constraints.place --place

Using up to 1 parallel worker(s)

Architecture file: /home/veeracharyulu/qorc-sdk/fpga_toolchain_install/v1.3.1/quicklogic-arch-defs/share/arch/ql-eos-s3_wlcsp/arch.timing.xml
Circuit name: decade_counter

# Loading Architecture Description
# Loading Architecture Description took 0.43 seconds (max_rss 31.0 MiB, delta_rss +24.7 MiB)
# Building complex block graph
# Building complex block graph took 0.08 seconds (max_rss 39.8 MiB, delta_rss +8.8 MiB)
# Load circuit
# Load circuit took 0.01 seconds (max_rss 41.5 MiB, delta_rss +1.7 MiB)
# Clean circuit
Absorbed 1140 LUT buffers
Inferred  106 additional primitive pins as constant generators since they have no combinationally connected inputs
Inferred   41 additional primitive pins as constant generators due to constant inputs
Inferred    0 additional primitive pins as constant generators since they have no combinationally connected inputs
Inferred    0 additional primitive pins as constant generators due to constant inputs
Inferred    0 additional primitive pins as constant generators since they have no combinationally connected inputs
Inferred    0 additional primitive pins as constant generators due to constant inputs
Swept input(s)      : 0
Swept output(s)     : 0 (0 dangling, 0 constant)
Swept net(s)        : 141
Swept block(s)      : 1
Constant Pins Marked: 147
# Clean circuit took 0.01 seconds (max_rss 43.5 MiB, delta_rss +2.0 MiB)
# Compress circuit
# Compress circuit took 0.00 seconds (max_rss 43.8 MiB, delta_rss +0.3 MiB)
# Verify circuit
# Verify circuit took 0.00 seconds (max_rss 43.8 MiB, delta_rss +0.0 MiB)
Circuit Statistics:
  Blocks: 155
    .output   :       7
    ASSP      :       1
    BIDIR_CELL:       7
    C_FRAG    :      18
    GND       :       1
    Q_FRAG    :      34
    T_FRAG    :      86
    VCC       :       1
  Nets  : 148
    Avg Fanout:     8.5
    Max Fanout:   533.0
    Min Fanout:     1.0
  Netlist Clocks: 1
# Build Timing Graph
  Timing Graph Nodes: 1411
  Timing Graph Edges: 2283
  Timing Graph Levels: 26
# Build Timing Graph took 0.00 seconds (max_rss 43.8 MiB, delta_rss +0.0 MiB)
Netlist contains 1 clocks
  Netlist Clock 'clk' Fanout: 34 pins (2.4%), 34 blocks (21.9%)
# Load Timing Constraints

SDC file '/home/veeracharyulu/qorc-sdk/vaman/trunk/fpga/sevenseg/codes/loop/build/decade_counter_dummy.sdc' contained no SDC commands
Setting default timing constraints:
   * constrain all primay inputs and primary outputs on netlist clock 'clk'
   * optimize netlist clock to run as fast as possible
Timing constraints created 1 clocks
  Constrained Clock 'clk' Source: 'u_qlal4s3b_cell_macro.Sys_Clk0[0]'

# Load Timing Constraints took 0.00 seconds (max_rss 43.8 MiB, delta_rss +0.0 MiB)
Timing analysis: ON
Circuit netlist file: decade_counter.net
Circuit placement file: decade_counter.place
Circuit routing file: decade_counter.route
Circuit SDC file: /home/veeracharyulu/qorc-sdk/vaman/trunk/fpga/sevenseg/codes/loop/build/decade_counter_dummy.sdc

Packer: ENABLED
Placer: ENABLED
Router: DISABLED
Analysis: DISABLED

NetlistOpts.abosrb_buffer_luts            : true
NetlistOpts.sweep_dangling_primary_ios    : true
NetlistOpts.sweep_dangling_nets           : true
NetlistOpts.sweep_dangling_blocks         : true
NetlistOpts.sweep_constant_primary_outputs: false
NetlistOpts.netlist_verbosity             : 1
NetlistOpts.const_gen_inference           : COMB_SEQ

PackerOpts.allow_unrelated_clustering: auto
PackerOpts.alpha_clustering: 0.750000
PackerOpts.beta_clustering: 0.900000
PackerOpts.cluster_seed_type: BLEND2
PackerOpts.connection_driven: true
PackerOpts.global_clocks: true
PackerOpts.hill_climbing_flag: false
PackerOpts.inter_cluster_net_delay: 1.000000
PackerOpts.timing_driven: true
PackerOpts.target_external_pin_util: auto

PlacerOpts.place_freq: PLACE_ONCE
PlacerOpts.place_algorithm: CRITICALITY_TIMING_PLACE
PlacerOpts.pad_loc_type: FREE
PlacerOpts.constraints_file: Using constraints file 'decade_counter_constraints.place'
PlacerOpts.place_cost_exp: 1.000000
PlacerOpts.place_chan_width: 100
PlacerOpts.inner_loop_recompute_divider: 0
PlacerOpts.recompute_crit_iter: 1
PlacerOpts.timing_tradeoff: 0.500000
PlacerOpts.td_place_exp_first: 1.000000
PlacerOpts.td_place_exp_last: 8.000000
PlacerOpts.delay_offset: 0.000000
PlacerOpts.delay_ramp_delta_threshold: -1
PlacerOpts.delay_ramp_slope: 0.000000
PlacerOpts.tsu_rel_margin: 1.000000
PlacerOpts.tsu_abs_margin: 0.000000
PlacerOpts.post_place_timing_report_file: 
PlacerOpts.allowed_tiles_for_delay_model: 
PlacerOpts.delay_model_reducer: MIN
PlacerOpts.delay_model_type: DELTA_OVERRIDE
PlacerOpts.rlim_escape_fraction: 0.000000
PlacerOpts.move_stats_file: 
PlacerOpts.placement_saves_per_temperature: 0
PlacerOpts.effort_scaling: CIRCUIT
PlacerOpts.place_delta_delay_matrix_calculation_method: ASTAR_ROUTE
PlaceOpts.seed: 1
AnnealSched.type: AUTO_SCHED
AnnealSched.inner_num: 1.000000

RoutingArch.directionality: BI_DIRECTIONAL
RoutingArch.switch_block_type: WILTON
RoutingArch.Fs: 3

# Load Packing
Begin loading packed FPGA netlist file.
Netlist generated from file 'decade_counter.net'.
Detected 2 constant generators (to see names run with higher pack verbosity)
Finished loading packed FPGA netlist file (took 0.037847 seconds).
# Load Packing took 0.04 seconds (max_rss 45.4 MiB, delta_rss +1.7 MiB)
Warning 1: Netlist contains 0 global net to non-global architecture pin connections
Warning 2: Logic block #69 ($false) has only 1 output pin '$false.GND0_GND[0]'. It may be a constant generator.
Warning 3: Logic block #70 ($true) has only 1 output pin '$true.VCC0_VCC[0]'. It may be a constant generator.

Netlist num_nets: 112
Netlist num_blocks: 71
Netlist EMPTY blocks: 0.
Netlist PB-SYN_GND blocks: 1.
Netlist PB-BIDIR blocks: 7.
Netlist PB-ASSP blocks: 1.
Netlist PB-LOGIC blocks: 61.
Netlist PB-SDIOMUX blocks: 0.
Netlist PB-MULT blocks: 0.
Netlist PB-GMUX blocks: 0.
Netlist PB-CLOCK blocks: 0.
Netlist PB-RAM blocks: 0.
Netlist PB-SYN_VCC blocks: 1.
Netlist inputs pins: 0
Netlist output pins: 21


Pb types usage...
  PB-SYN_GND        : 1
   GND              : 1
  PB-BIDIR          : 7
   BIDIR            : 7
    OUTPUT          : 7
     bidir          : 7
     outpad         : 7
  PB-ASSP           : 1
   ASSP             : 1
  PB-LOGIC          : 61
   LOGIC            : 61
    FRAGS           : 61
     c_frag_modes   : 61
      SINGLE        : 18
       c_frag       : 18
      SPLIT         : 43
       b_frag       : 43
       t_frag       : 43
     q_frag_modes   : 34
      INT           : 29
       q_frag       : 29
      EXT           : 5
       q_frag       : 5
  PB-SYN_VCC        : 1
   VCC              : 1

# Create Device
## Build Device Grid
FPGA sized to 39 x 35: 1365 grid tiles (ql-eos-s3)

Resource usage...
	Netlist
		1	blocks of type: PB-SYN_GND
	Architecture
		1	blocks of type: TL-SYN_GND
	Netlist
		7	blocks of type: PB-BIDIR
	Architecture
		32	blocks of type: TL-BIDIR
	Netlist
		1	blocks of type: PB-ASSP
	Architecture
		1	blocks of type: TL-ASSP
	Netlist
		61	blocks of type: PB-LOGIC
	Architecture
		891	blocks of type: TL-LOGIC
	Netlist
		0	blocks of type: PB-SDIOMUX
	Architecture
		14	blocks of type: TL-SDIOMUX
	Netlist
		0	blocks of type: PB-MULT
	Architecture
		2	blocks of type: TL-MULT
	Netlist
		0	blocks of type: PB-GMUX
	Architecture
		5	blocks of type: TL-GMUX
	Netlist
		0	blocks of type: PB-CLOCK
	Architecture
		5	blocks of type: TL-CLOCK
	Netlist
		0	blocks of type: PB-RAM
	Architecture
		4	blocks of type: TL-RAM
	Netlist
		1	blocks of type: PB-SYN_VCC
	Architecture
		1	blocks of type: TL-SYN_VCC

Device Utilization: 0.05 (target 1.00)
	Physical Tile TL-LOGIC:
	Block Utilization: 0.07 Logical Block: PB-LOGIC
	Physical Tile TL-RAM:
	Block Utilization: 0.00 Logical Block: PB-RAM
	Physical Tile TL-MULT:
	Block Utilization: 0.00 Logical Block: PB-MULT
	Physical Tile TL-BIDIR:
	Block Utilization: 0.22 Logical Block: PB-BIDIR
	Physical Tile TL-CLOCK:
	Block Utilization: 0.00 Logical Block: PB-CLOCK
	Physical Tile TL-SDIOMUX:
	Block Utilization: 0.00 Logical Block: PB-SDIOMUX
	Physical Tile TL-GMUX:
	Block Utilization: 0.00 Logical Block: PB-GMUX
	Physical Tile TL-ASSP:
	Block Utilization: 1.00 Logical Block: PB-ASSP
	Physical Tile TL-SYN_VCC:
	Block Utilization: 1.00 Logical Block: PB-SYN_VCC
	Physical Tile TL-SYN_GND:
	Block Utilization: 1.00 Logical Block: PB-SYN_GND

## Build Device Grid took 0.01 seconds (max_rss 45.6 MiB, delta_rss +0.0 MiB)
## Loading routing resource graph


## Loading routing resource graph took 0.60 seconds (max_rss 352.7 MiB, delta_rss +307.1 MiB)
  RR Graph Nodes: 1396446
  RR Graph Edges: 2337988
# Create Device took 1.22 seconds (max_rss 357.6 MiB, delta_rss +312.0 MiB)

# Computing router lookahead map
## Computing wire lookahead
Warning 4: Unable to find any sample location for segment CHANX type 'generic' (length 1)
Warning 5: Unable to find any sample location for segment CHANY type 'generic' (length 1)
Warning 6: Unable to find any sample location for segment CHANX type 'pad' (length 1)
Warning 7: Unable to find any sample location for segment CHANY type 'pad' (length 1)
## Computing wire lookahead took 22.71 seconds (max_rss 357.6 MiB, delta_rss +0.0 MiB)
## Computing src/opin lookahead
## Computing src/opin lookahead took 0.00 seconds (max_rss 357.6 MiB, delta_rss +0.0 MiB)
# Computing router lookahead map took 22.71 seconds (max_rss 357.6 MiB, delta_rss +0.0 MiB)
# Placement
## Computing placement delta delay look-up
  RR Graph Nodes: 1396446
  RR Graph Edges: 2337988
## Computing placement delta delay look-up took 0.64 seconds (max_rss 406.0 MiB, delta_rss +48.3 MiB)
Warning 8: CHANX place cost fac is 0 at 2 2
Warning 9: CHANX place cost fac is 0 at 34 34
Warning 10: CHANY place cost fac is 0 at 38 38
## Initial Placement
Reading decade_counter_constraints.place.

Successfully read decade_counter_constraints.place.

## Initial Placement took 0.00 seconds (max_rss 406.0 MiB, delta_rss +0.0 MiB)

There are 1184 point to point connections in this circuit.


BB estimate of min-dist (placement) wire length: 5420

Completed placement consistency check successfully.
Initial placement cost: 1 bb_cost: 8.04643 td_cost: 2.20695e-06
Initial placement estimated Critical Path Delay (CPD): 128.225 ns
Initial placement estimated setup Total Negative Slack (sTNS): -4160.98 ns
Initial placement estimated setup Worst Negative Slack (sWNS): -128.225 ns

Initial placement estimated setup slack histogram:
[ -1.3e-07: -1.3e-07)  2 (  5.4%) |******
[ -1.3e-07: -1.2e-07)  1 (  2.7%) |***
[ -1.2e-07: -1.2e-07)  1 (  2.7%) |***
[ -1.2e-07: -1.2e-07)  1 (  2.7%) |***
[ -1.2e-07: -1.1e-07)  4 ( 10.8%) |************
[ -1.1e-07: -1.1e-07)  6 ( 16.2%) |******************
[ -1.1e-07: -1.1e-07) 16 ( 43.2%) |************************************************
[ -1.1e-07: -1.1e-07)  4 ( 10.8%) |************
[ -1.1e-07:   -1e-07)  0 (  0.0%) |
[   -1e-07:   -1e-07)  2 (  5.4%) |******
Placement contains 0 placement macros involving 0 blocks (average macro size -nan)

Moves per temperature: 293
Warning 11: Starting t: 70 of 71 configurations accepted.

---- ------ ------- ------- ---------- ---------- ------- ---------- -------- ------- ------- ------ -------- --------- ------
Tnum   Time       T Av Cost Av BB Cost Av TD Cost     CPD       sTNS     sWNS Ac Rate Std Dev  R lim Crit Exp Tot Moves  Alpha
      (sec)                                          (ns)       (ns)     (ns)                                                 
---- ------ ------- ------- ---------- ---------- ------- ---------- -------- ------- ------- ------ -------- --------- ------
   1    0.0 4.5e-01   0.989       7.84 2.1277e-06 120.779  -3.72e+03 -120.779   0.922  0.0236   38.0     1.00       293  0.200
   2    0.0 4.0e-01   1.005       7.82 2.0599e-06 117.537  -3.81e+03 -117.537   0.932  0.0307   38.0     1.00       586  0.900
   3    0.0 3.6e-01   1.000       7.90 2.0153e-06 129.991  -4.12e+03 -129.991   0.932  0.0169   38.0     1.00       879  0.900
   4    0.0 3.3e-01   1.011       7.95 2.1885e-06 111.804  -3.37e+03 -111.804   0.956  0.0254   38.0     1.00      1172  0.900
   5    0.0 2.9e-01   1.086       8.09 2.1026e-06 122.198  -3.63e+03 -122.198   0.942  0.0291   38.0     1.00      1465  0.900
   6    0.0 2.6e-01   1.019       8.09 2.2127e-06 122.117  -3.54e+03 -122.117   0.962  0.0451   38.0     1.00      1758  0.900
   7    0.0 1.3e-01   1.042       7.47 1.9837e-06 122.995  -3.62e+03 -122.995   0.952  0.0229   38.0     1.00      2051  0.500
   8    0.0 1.2e-01   1.000       7.63 2.0785e-06 111.980  -3.58e+03 -111.980   0.932  0.0326   38.0     1.00      2344  0.900
   9    0.0 1.1e-01   1.080       7.89 2.1182e-06 115.723  -3.61e+03 -115.723   0.939  0.0362   38.0     1.00      2637  0.900
  10    0.0 9.6e-02   0.969       7.76 2.1088e-06 116.820  -3.73e+03 -116.820   0.922  0.0261   38.0     1.00      2930  0.900
  11    0.0 8.6e-02   1.008       8.23 2.1038e-06 122.812  -3.88e+03 -122.812   0.918  0.0264   38.0     1.00      3223  0.900
  12    0.0 7.8e-02   1.030       7.93 2.0987e-06 120.766  -3.72e+03 -120.766   0.887  0.0139   38.0     1.00      3516  0.900
  13    0.0 7.0e-02   1.021       8.03 2.176e-06  122.039     -4e+03 -122.039   0.928  0.0207   38.0     1.00      3809  0.900
  14    0.0 6.3e-02   1.003       7.93 2.0593e-06 126.000  -3.94e+03 -126.000   0.918  0.0177   38.0     1.00      4102  0.900
  15    0.0 5.7e-02   0.990       7.82 2.1384e-06 114.417  -3.68e+03 -114.417   0.904  0.0316   38.0     1.00      4395  0.900
  16    0.0 5.1e-02   0.982       7.82 2.0506e-06 138.280  -4.22e+03 -138.280   0.898  0.0514   38.0     1.00      4688  0.900
  17    0.0 4.6e-02   0.988       7.71 2.1109e-06 116.397  -3.73e+03 -116.397   0.887  0.0237   38.0     1.00      4981  0.900
  18    0.0 4.1e-02   1.052       7.79 2.0369e-06 122.721  -3.81e+03 -122.721   0.881  0.0420   38.0     1.00      5274  0.900
  19    0.0 3.7e-02   0.994       7.63 2.0354e-06 117.839  -3.65e+03 -117.839   0.881  0.0322   38.0     1.00      5567  0.900
  20    0.0 3.4e-02   0.994       7.56 2.0692e-06 117.514  -3.79e+03 -117.514   0.860  0.0242   38.0     1.00      5860  0.900
  21    0.0 3.0e-02   1.046       7.94 2.0435e-06 128.978  -3.73e+03 -128.978   0.850  0.0169   38.0     1.00      6153  0.900
  22    0.0 2.7e-02   1.000       7.76 2.0701e-06 128.419  -3.88e+03 -128.419   0.894  0.0250   38.0     1.00      6446  0.900
  23    0.0 2.4e-02   1.033       7.89 2.1232e-06 118.169  -3.82e+03 -118.169   0.867  0.0176   38.0     1.00      6739  0.900
  24    0.0 2.2e-02   0.916       7.36 2.0495e-06 116.054  -3.85e+03 -116.054   0.805  0.0356   38.0     1.00      7032  0.900
  25    0.0 2.0e-02   1.056       7.51 1.9866e-06 119.462  -3.65e+03 -119.462   0.857  0.0168   38.0     1.00      7325  0.900
  26    0.0 1.8e-02   0.977       7.64 2.0244e-06 119.019  -3.89e+03 -119.019   0.836  0.0201   38.0     1.00      7618  0.900
  27    0.0 1.6e-02   1.015       7.54 2.0545e-06 110.685  -3.66e+03 -110.685   0.826  0.0172   38.0     1.00      7911  0.900
  28    0.0 1.4e-02   1.039       7.61 1.9834e-06 110.682  -3.24e+03 -110.682   0.778  0.0232   38.0     1.00      8204  0.900
  29    0.0 1.4e-02   0.987       7.70 2.0814e-06 119.823  -3.75e+03 -119.823   0.795  0.0202   38.0     1.00      8497  0.950
  30    0.0 1.3e-02   0.957       7.48 2.016e-06  124.082     -4e+03 -124.082   0.747  0.0394   38.0     1.00      8790  0.950
  31    0.0 1.2e-02   1.019       7.01 1.8125e-06 117.033  -3.53e+03 -117.033   0.703  0.0653   38.0     1.00      9083  0.950
  32    0.0 1.2e-02   1.005       7.53 2.0292e-06 109.475  -3.42e+03 -109.475   0.734  0.0209   38.0     1.00      9376  0.950
  33    0.0 1.1e-02   0.950       7.00 1.8689e-06 115.193  -3.63e+03 -115.193   0.655  0.0268   38.0     1.00      9669  0.950
  34    0.0 1.1e-02   0.972       6.79 1.8095e-06 117.333  -3.54e+03 -117.333   0.642  0.0236   38.0     1.00      9962  0.950
  35    0.0 1.0e-02   1.039       7.42 1.972e-06  116.276  -3.55e+03 -116.276   0.706  0.0183   38.0     1.00     10255  0.950
  36    0.0 9.6e-03   0.909       6.76 1.8291e-06 109.117  -3.53e+03 -109.117   0.625  0.0333   38.0     1.00     10548  0.950
  37    0.0 9.1e-03   1.008       6.86 1.8603e-06 108.591  -3.47e+03 -108.591   0.621  0.0175   38.0     1.00     10841  0.950
  38    0.0 8.6e-03   0.993       6.91 1.7979e-06 113.379  -3.59e+03 -113.379   0.638  0.0164   38.0     1.00     11134  0.950
  39    0.0 8.2e-03   0.987       6.93 1.8333e-06 109.893  -3.56e+03 -109.893   0.645  0.0307   38.0     1.00     11427  0.950
  40    0.0 7.8e-03   1.009       6.51 1.7972e-06  94.237  -3.13e+03  -94.237   0.515  0.0177   38.0     1.00     11720  0.950
  41    0.0 7.4e-03   0.993       6.71 1.9118e-06  94.836  -2.96e+03  -94.836   0.515  0.0272   38.0     1.00     12013  0.950
  42    0.0 7.0e-03   0.987       6.42 1.8078e-06 106.134  -3.31e+03 -106.134   0.515  0.0154   38.0     1.00     12306  0.950
  43    0.0 6.7e-03   0.989       6.42 1.8032e-06 106.252  -3.25e+03 -106.252   0.536  0.0172   38.0     1.00     12599  0.950
  44    0.0 6.3e-03   0.988       6.47 1.6937e-06 113.478  -3.63e+03 -113.478   0.478  0.0352   38.0     1.00     12892  0.950
  45    0.0 6.0e-03   1.027       6.36 1.8541e-06  88.739  -2.78e+03  -88.739   0.491  0.0246   38.0     1.00     13185  0.950
  46    0.0 5.7e-03   0.998       6.41 1.7087e-06 102.808  -3.33e+03 -102.808   0.410  0.0171   38.0     1.00     13478  0.950
  47    0.0 5.4e-03   0.953       6.26 1.5464e-06 115.852  -3.47e+03 -115.852   0.433  0.0223   36.8     1.22     13771  0.950
  48    0.0 5.2e-03   1.010       5.84 1.5482e-06  98.272  -3.25e+03  -98.272   0.362  0.0204   36.6     1.26     14064  0.950
  49    0.0 4.9e-03   0.991       5.70 1.2791e-06 103.002  -3.17e+03 -103.002   0.396  0.0222   33.7     1.81     14357  0.950
  50    0.0 4.7e-03   0.965       5.44 1.2301e-06 102.128  -3.16e+03 -102.128   0.389  0.0129   32.3     2.09     14650  0.950
  51    0.0 4.4e-03   0.982       5.34 1.1727e-06  90.960  -2.96e+03  -90.960   0.328  0.0169   30.6     2.40     14943  0.950
  52    0.0 4.2e-03   0.978       5.50 1.0235e-06  93.925  -3.01e+03  -93.925   0.311  0.0183   27.2     3.05     15236  0.950
  53    0.0 4.0e-03   0.980       5.13 8.2361e-07  94.498  -2.91e+03  -94.498   0.259  0.0241   23.7     3.71     15529  0.950
  54    0.0 3.8e-03   0.996       4.85 7.1878e-07  89.198  -2.74e+03  -89.198   0.198  0.0053   19.4     4.52     15822  0.950
  55    0.0 3.6e-03   0.986       4.90 5.697e-07   88.823  -2.74e+03  -88.823   0.297  0.0152   14.7     5.41     16115  0.950
  56    0.0 3.4e-03   1.002       4.70 5.8088e-07  89.026  -2.69e+03  -89.026   0.287  0.0162   12.6     5.81     16408  0.950
  57    0.0 3.3e-03   0.978       4.64 6.3782e-07  81.741  -2.68e+03  -81.741   0.253  0.0122   10.7     6.17     16701  0.950
  58    0.0 3.1e-03   0.996       4.68 6.8317e-07  72.990  -2.42e+03  -72.990   0.389  0.0111    8.7     6.55     16994  0.950
  59    0.0 2.9e-03   0.963       4.54 6.5116e-07  81.088  -2.71e+03  -81.088   0.348  0.0194    8.2     6.63     17287  0.950
  60    0.0 2.8e-03   1.002       4.39 5.7469e-07  80.911  -2.49e+03  -80.911   0.331  0.0066    7.5     6.78     17580  0.950
  61    0.0 2.7e-03   0.965       4.39 5.352e-07   85.444  -2.78e+03  -85.444   0.416  0.0114    6.7     6.93     17873  0.950
  62    0.0 2.5e-03   0.997       4.38 3.413e-07   84.925  -2.43e+03  -84.925   0.433  0.0100    6.5     6.96     18166  0.950
  63    0.0 2.4e-03   0.967       4.39 6.1179e-07  78.910  -2.62e+03  -78.910   0.382  0.0124    6.5     6.97     18459  0.950
  64    0.0 2.3e-03   0.976       4.30 5.3157e-07  82.103  -2.76e+03  -82.103   0.311  0.0206    6.1     7.04     18752  0.950
  65    0.0 2.2e-03   0.971       4.07 5.7833e-07  75.049  -2.49e+03  -75.049   0.379  0.0235    5.3     7.19     19045  0.950
  66    0.0 2.1e-03   0.977       3.86 5.1436e-07  76.277  -2.46e+03  -76.277   0.403  0.0124    5.0     7.25     19338  0.950
  67    0.0 2.0e-03   0.983       3.74 5.1261e-07  75.070  -2.37e+03  -75.070   0.331  0.0151    4.8     7.28     19631  0.950
  68    0.0 1.9e-03   0.964       3.48 4.4055e-07  72.805  -2.26e+03  -72.805   0.246  0.0138    4.3     7.38     19924  0.950
  69    0.0 1.8e-03   0.983       3.37 4.1775e-07  69.103  -2.16e+03  -69.103   0.307  0.0055    3.4     7.54     20217  0.950
  70    0.0 1.7e-03   0.996       3.30 4.0518e-07  68.596  -2.17e+03  -68.596   0.331  0.0067    3.0     7.63     20510  0.950
  71    0.0 1.6e-03   0.986       3.20 4.27e-07    67.606   -2.1e+03  -67.606   0.365  0.0131    2.7     7.69     20803  0.950
  72    0.0 1.5e-03   0.986       3.13 3.8592e-07  69.043  -2.17e+03  -69.043   0.317  0.0144    2.5     7.72     21096  0.950
  73    0.0 1.4e-03   0.995       3.02 3.672e-07   68.192  -2.13e+03  -68.192   0.300  0.0063    2.2     7.78     21389  0.950
  74    0.0 1.4e-03   1.000       2.99 3.9262e-07  66.558  -2.12e+03  -66.558   0.389  0.0043    1.9     7.84     21682  0.950
  75    0.0 1.3e-03   0.999       2.95 4.4142e-07  66.853   -2.1e+03  -66.853   0.338  0.0036    1.8     7.86     21975  0.950
  76    0.0 1.2e-03   0.999       2.97 4.342e-07   65.087  -2.14e+03  -65.087   0.355  0.0052    1.6     7.89     22268  0.950
  77    0.0 1.2e-03   0.994       2.98 4.0825e-07  65.383  -2.08e+03  -65.383   0.283  0.0055    1.4     7.92     22561  0.950
  78    0.0 1.1e-03   0.997       2.98 3.8718e-07  65.531  -2.07e+03  -65.531   0.358  0.0045    1.2     7.96     22854  0.950
  79    0.0 1.1e-03   0.999       2.99 4.5767e-07  65.415   -2.1e+03  -65.415   0.266  0.0034    1.1     7.98     23147  0.950
  80    0.0 1.0e-03   0.995       2.98 4.3302e-07  66.084  -2.13e+03  -66.084   0.294  0.0040    1.0     8.00     23440  0.950
  81    0.0 9.5e-04   0.992       2.95 4.2864e-07  65.260  -2.12e+03  -65.260   0.283  0.0033    1.0     8.00     23733  0.950
  82    0.0 9.0e-04   0.992       2.95 4.4959e-07  64.879  -2.06e+03  -64.879   0.229  0.0067    1.0     8.00     24026  0.950
  83    0.0 8.6e-04   0.995       2.92 4.0849e-07  63.560  -2.05e+03  -63.560   0.181  0.0037    1.0     8.00     24319  0.950
  84    0.0 8.2e-04   0.996       2.89 3.9658e-07  63.121  -2.04e+03  -63.121   0.171  0.0032    1.0     8.00     24612  0.950
  85    0.0 7.7e-04   0.998       2.85 3.6578e-07  64.338  -1.99e+03  -64.338   0.201  0.0049    1.0     8.00     24905  0.950
  86    0.0 7.4e-04   0.997       2.84 4.1354e-07  64.109  -2.05e+03  -64.109   0.154  0.0014    1.0     8.00     25198  0.950
  87    0.0 7.0e-04   1.001       2.83 3.7235e-07  64.109  -2.02e+03  -64.109   0.157  0.0012    1.0     8.00     25491  0.950
  88    0.0 6.6e-04   0.995       2.82 2.6372e-07  66.210  -1.98e+03  -66.210   0.184  0.0022    1.0     8.00     25784  0.950
  89    0.0 6.3e-04   0.997       2.80 2.8022e-07  64.449  -1.94e+03  -64.449   0.143  0.0014    1.0     8.00     26077  0.950
  90    0.0 5.0e-04   0.995       2.80 3.3209e-07  64.891     -2e+03  -64.891   0.154  0.0027    1.0     8.00     26370  0.800
  91    0.0 4.8e-04   0.997       2.78 3.0173e-07  64.163  -1.97e+03  -64.163   0.113  0.0013    1.0     8.00     26663  0.950
  92    0.0 3.8e-04   0.997       2.78 2.8872e-07  64.163  -1.93e+03  -64.163   0.058  0.0017    1.0     8.00     26956  0.800
  93    0.0 3.1e-04   0.998       2.77 3.0396e-07  64.163  -1.96e+03  -64.163   0.051  0.0013    1.0     8.00     27249  0.800
  94    0.0 2.5e-04   0.998       2.76 2.7569e-07  64.163  -1.91e+03  -64.163   0.038  0.0003    1.0     8.00     27542  0.800
  95    0.0 2.0e-04   0.997       2.76 2.7143e-07  64.163  -1.91e+03  -64.163   0.058  0.0009    1.0     8.00     27835  0.800
  96    0.0 1.6e-04   1.000       2.76 2.6325e-07  64.163  -1.89e+03  -64.163   0.041  0.0002    1.0     8.00     28128  0.800
  97    0.0 1.3e-04   0.999       2.75 2.6675e-07  64.163  -1.89e+03  -64.163   0.048  0.0011    1.0     8.00     28421  0.800
  98    0.0 1.0e-04   0.999       2.75 2.5752e-07  64.609   -1.9e+03  -64.609   0.034  0.0006    1.0     8.00     28714  0.800
  99    0.0 8.0e-05   0.999       2.76 2.4068e-07  64.163  -1.84e+03  -64.163   0.014  0.0006    1.0     8.00     29007  0.800
 100    0.0 6.4e-05   0.999       2.75 2.4828e-07  64.163  -1.86e+03  -64.163   0.014  0.0004    1.0     8.00     29300  0.800
 101    0.0 5.2e-05   0.998       2.74 2.4808e-07  64.163  -1.86e+03  -64.163   0.010  0.0011    1.0     8.00     29593  0.800
 102    0.0 0.0e+00   1.000       2.74 2.4982e-07  64.163  -1.86e+03  -64.163   0.000  0.0000    1.0     8.00     29886  0.800
## Placement Quench took 0.00 seconds (max_rss 406.0 MiB)

BB estimate of min-dist (placement) wire length: 1776

Completed placement consistency check successfully.

Swaps called: 29957

Aborted Move Reasons:
  No moves aborted

Placement estimated critical path delay (least slack): 64.1631 ns, Fmax: 15.5853 MHz
Placement estimated setup Worst Negative Slack (sWNS): -64.1631 ns
Placement estimated setup Total Negative Slack (sTNS): -1863.28 ns

Placement estimated setup slack histogram:
[ -6.4e-08: -6.2e-08)  1 (  2.7%) |***
[ -6.2e-08:   -6e-08)  3 (  8.1%) |**********
[   -6e-08: -5.8e-08)  1 (  2.7%) |***
[ -5.8e-08: -5.6e-08)  0 (  0.0%) |
[ -5.6e-08: -5.5e-08)  2 (  5.4%) |*******
[ -5.5e-08: -5.3e-08)  2 (  5.4%) |*******
[ -5.3e-08: -5.1e-08)  4 ( 10.8%) |**************
[ -5.1e-08: -4.9e-08)  1 (  2.7%) |***
[ -4.9e-08: -4.7e-08) 14 ( 37.8%) |************************************************
[ -4.7e-08: -4.5e-08)  9 ( 24.3%) |*******************************

Placement estimated geomean non-virtual intra-domain period: 64.1631 ns (15.5853 MHz)
Placement estimated fanout-weighted geomean non-virtual intra-domain period: 64.1631 ns (15.5853 MHz)

Placement cost: 1, bb_cost: 2.73849, td_cost: 2.49823e-07, 

Placement resource usage:
  PB-SYN_GND implemented as TL-SYN_GND: 1
  PB-BIDIR   implemented as TL-BIDIR  : 7
  PB-ASSP    implemented as TL-ASSP   : 1
  PB-LOGIC   implemented as TL-LOGIC  : 61
  PB-SYN_VCC implemented as TL-SYN_VCC: 1

Placement number of temperatures: 102
Placement total # of swap attempts: 29957
	Swaps accepted: 14649 (48.9 %)
	Swaps rejected: 13872 (46.3 %)
	Swaps aborted :  1436 ( 4.8 %)
Placement Quench timing analysis took 0.000315811 seconds (0.000252158 STA, 6.3653e-05 slack) (1 full updates: 1 setup, 0 hold, 0 combined).
Placement Total  timing analysis took 0.0354112 seconds (0.0281356 STA, 0.00727564 slack) (104 full updates: 104 setup, 0 hold, 0 combined).
update_td_costs: connections 0 nets 0 sum_nets 0 total 0
Incr Slack updates 104 in 0.00259684 sec
Full Max Req/Worst Slack updates 80 in 0.000246326 sec
Incr Max Req/Worst Slack updates 24 in 7.661e-05 sec
Incr Criticality updates 9 in 0.00026533 sec
Full Criticality updates 95 in 0.00355367 sec
# Placement took 0.78 seconds (max_rss 406.0 MiB, delta_rss +48.3 MiB)

Flow timing analysis took 0.0354112 seconds (0.0281356 STA, 0.00727564 slack) (104 full updates: 104 setup, 0 hold, 0 combined).
VPR succeeded
The entire flow of VPR took 25.30 seconds (max_rss 406.0 MiB)
