VPR FPGA Placement and Routing.
Version: 8.1.0-dev+dadca7ecf
Revision: v8.0.0-rc2-2894-gdadca7ecf
Compiled: 2020-10-14T15:08:54
Compiler: GNU 7.3.0 on Linux-4.15.0-1028-gcp x86_64
Build Info: Release IPO VTR_ASSERT_LEVEL=2

University of Toronto
verilogtorouting.org
vtr-users@googlegroups.com
This is free open source code under MIT license.

VPR was run with the following command-line:
vpr /home/veeracharyulu/qorc-sdk/fpga_toolchain_install/v1.3.1/quicklogic-arch-defs/share/arch/ql-eos-s3_wlcsp/arch.timing.xml decade_counter.eblif --device ql-eos-s3 --max_router_iterations 500 --routing_failure_predictor off --router_high_fanout_threshold -1 --constant_net_method route --route_chan_width 100 --clock_modeling route --place_delay_model delta_override --router_lookahead map --check_route quick --strict_checks off --allow_dangling_combinational_nodes on --disable_errors check_unbuffered_edges:check_route --congested_routing_iteration_threshold 0.8 --incremental_reroute_delay_ripup off --base_cost_type delay_normalized_length_bounded --bb_factor 10 --initial_pres_fac 4.0 --check_rr_graph off --suppress_warnings ,sum_pin_class:check_unbuffered_edges:load_rr_indexed_data_T_values:check_rr_node:trans_per_R:check_route:set_rr_graph_tool_comment:warn_model_missing_timing --read_rr_graph /home/veeracharyulu/qorc-sdk/fpga_toolchain_install/v1.3.1/quicklogic-arch-defs/share/arch/ql-eos-s3_wlcsp/rr_graph_ql-eos-s3_wlcsp.rr_graph.real.bin --read_placement_delay_lookup /home/veeracharyulu/qorc-sdk/fpga_toolchain_install/v1.3.1/quicklogic-arch-defs/share/arch/ql-eos-s3_wlcsp/rr_graph_ql-eos-s3_wlcsp.place_delay.bin --sdc_file /home/veeracharyulu/qorc-sdk/vaman/trunk/fpga/sevenseg/codes/loop/build/decade_counter_dummy.sdc --route

Using up to 1 parallel worker(s)

Architecture file: /home/veeracharyulu/qorc-sdk/fpga_toolchain_install/v1.3.1/quicklogic-arch-defs/share/arch/ql-eos-s3_wlcsp/arch.timing.xml
Circuit name: decade_counter

# Loading Architecture Description
# Loading Architecture Description took 0.44 seconds (max_rss 31.2 MiB, delta_rss +25.0 MiB)
# Building complex block graph
# Building complex block graph took 0.08 seconds (max_rss 39.9 MiB, delta_rss +8.7 MiB)
# Load circuit
# Load circuit took 0.01 seconds (max_rss 41.5 MiB, delta_rss +1.7 MiB)
# Clean circuit
Absorbed 1140 LUT buffers
Inferred  106 additional primitive pins as constant generators since they have no combinationally connected inputs
Inferred   41 additional primitive pins as constant generators due to constant inputs
Inferred    0 additional primitive pins as constant generators since they have no combinationally connected inputs
Inferred    0 additional primitive pins as constant generators due to constant inputs
Inferred    0 additional primitive pins as constant generators since they have no combinationally connected inputs
Inferred    0 additional primitive pins as constant generators due to constant inputs
Swept input(s)      : 0
Swept output(s)     : 0 (0 dangling, 0 constant)
Swept net(s)        : 141
Swept block(s)      : 1
Constant Pins Marked: 147
# Clean circuit took 0.01 seconds (max_rss 43.6 MiB, delta_rss +2.0 MiB)
# Compress circuit
# Compress circuit took 0.00 seconds (max_rss 43.8 MiB, delta_rss +0.3 MiB)
# Verify circuit
# Verify circuit took 0.00 seconds (max_rss 43.8 MiB, delta_rss +0.0 MiB)
Circuit Statistics:
  Blocks: 155
    .output   :       7
    ASSP      :       1
    BIDIR_CELL:       7
    C_FRAG    :      18
    GND       :       1
    Q_FRAG    :      34
    T_FRAG    :      86
    VCC       :       1
  Nets  : 148
    Avg Fanout:     8.5
    Max Fanout:   533.0
    Min Fanout:     1.0
  Netlist Clocks: 1
# Build Timing Graph
  Timing Graph Nodes: 1411
  Timing Graph Edges: 2283
  Timing Graph Levels: 26
# Build Timing Graph took 0.00 seconds (max_rss 43.8 MiB, delta_rss +0.0 MiB)
Netlist contains 1 clocks
  Netlist Clock 'clk' Fanout: 34 pins (2.4%), 34 blocks (21.9%)
# Load Timing Constraints

SDC file '/home/veeracharyulu/qorc-sdk/vaman/trunk/fpga/sevenseg/codes/loop/build/decade_counter_dummy.sdc' contained no SDC commands
Setting default timing constraints:
   * constrain all primay inputs and primary outputs on netlist clock 'clk'
   * optimize netlist clock to run as fast as possible
Timing constraints created 1 clocks
  Constrained Clock 'clk' Source: 'u_qlal4s3b_cell_macro.Sys_Clk0[0]'

# Load Timing Constraints took 0.00 seconds (max_rss 43.8 MiB, delta_rss +0.0 MiB)
Timing analysis: ON
Circuit netlist file: decade_counter.net
Circuit placement file: decade_counter.place
Circuit routing file: decade_counter.route
Circuit SDC file: /home/veeracharyulu/qorc-sdk/vaman/trunk/fpga/sevenseg/codes/loop/build/decade_counter_dummy.sdc

Packer: ENABLED
Placer: ENABLED
Router: ENABLED
Analysis: ENABLED

NetlistOpts.abosrb_buffer_luts            : true
NetlistOpts.sweep_dangling_primary_ios    : true
NetlistOpts.sweep_dangling_nets           : true
NetlistOpts.sweep_dangling_blocks         : true
NetlistOpts.sweep_constant_primary_outputs: false
NetlistOpts.netlist_verbosity             : 1
NetlistOpts.const_gen_inference           : COMB_SEQ

PackerOpts.allow_unrelated_clustering: auto
PackerOpts.alpha_clustering: 0.750000
PackerOpts.beta_clustering: 0.900000
PackerOpts.cluster_seed_type: BLEND2
PackerOpts.connection_driven: true
PackerOpts.global_clocks: true
PackerOpts.hill_climbing_flag: false
PackerOpts.inter_cluster_net_delay: 1.000000
PackerOpts.timing_driven: true
PackerOpts.target_external_pin_util: auto

PlacerOpts.place_freq: PLACE_ONCE
PlacerOpts.place_algorithm: CRITICALITY_TIMING_PLACE
PlacerOpts.pad_loc_type: FREE
PlacerOpts.constraints_file: No constraints file given
PlacerOpts.place_cost_exp: 1.000000
PlacerOpts.place_chan_width: 100
PlacerOpts.inner_loop_recompute_divider: 0
PlacerOpts.recompute_crit_iter: 1
PlacerOpts.timing_tradeoff: 0.500000
PlacerOpts.td_place_exp_first: 1.000000
PlacerOpts.td_place_exp_last: 8.000000
PlacerOpts.delay_offset: 0.000000
PlacerOpts.delay_ramp_delta_threshold: -1
PlacerOpts.delay_ramp_slope: 0.000000
PlacerOpts.tsu_rel_margin: 1.000000
PlacerOpts.tsu_abs_margin: 0.000000
PlacerOpts.post_place_timing_report_file: 
PlacerOpts.allowed_tiles_for_delay_model: 
PlacerOpts.delay_model_reducer: MIN
PlacerOpts.delay_model_type: DELTA_OVERRIDE
PlacerOpts.rlim_escape_fraction: 0.000000
PlacerOpts.move_stats_file: 
PlacerOpts.placement_saves_per_temperature: 0
PlacerOpts.effort_scaling: CIRCUIT
PlacerOpts.place_delta_delay_matrix_calculation_method: ASTAR_ROUTE
PlaceOpts.seed: 1
AnnealSched.type: AUTO_SCHED
AnnealSched.inner_num: 1.000000

RouterOpts.route_type: DETAILED
RouterOpts.router_algorithm: TIMING_DRIVEN
RouterOpts.base_cost_type: DELAY_NORMALIZED_LENGTH_BOUNDED
RouterOpts.fixed_channel_width: 100
RouterOpts.check_route: QUICK
RouterOpts.trim_empty_chan: false
RouterOpts.trim_obs_chan: false
RouterOpts.acc_fac: 1.000000
RouterOpts.bb_factor: 10
RouterOpts.bend_cost: 0.000000
RouterOpts.first_iter_pres_fac: 0.000000
RouterOpts.initial_pres_fac: 4.000000
RouterOpts.pres_fac_mult: 1.300000
RouterOpts.max_router_iterations: 500
RouterOpts.min_incremental_reroute_fanout: 16
RouterOpts.do_check_rr_graph: false
RouterOpts.verify_binary_search: false
RouterOpts.min_channel_width_hint: 0
RouterOpts.read_rr_edge_metadata: false
RouterOpts.exit_after_first_routing_iteration: false
RouterOpts.astar_fac: 1.200000
RouterOpts.criticality_exp: 1.000000
RouterOpts.max_criticality: 0.990000
RouterOpts.init_wirelength_abort_threshold: 0.850000
RouterOpts.save_routing_per_iteration: false
RouterOpts.congested_routing_iteration_threshold_frac: 0.800000
RouterOpts.high_fanout_threshold: -1
RouterOpts.router_debug_net: -2
RouterOpts.router_debug_sink_rr: -2
RouterOpts.router_debug_iteration: -2
RouterOpts.max_convergence_count: 1
RouterOpts.reconvergence_cpd_threshold: 0.990000
RouterOpts.update_lower_bound_delays: true
RouterOpts.first_iteration_timing_report_file: 
RouterOpts.incr_reroute_delay_ripup: OFF
RouterOpts.route_bb_update: DYNAMIC
RouterOpts.lookahead_type: MAP
RouterOpts.initial_timing: LOOKAHEAD
RouterOpts.router_heap: BINARY_HEAP
RouterOpts.routing_failure_predictor = OFF
RouterOpts.routing_budgets_algorithm = DISABLE

AnalysisOpts.gen_post_synthesis_netlist: false
AnalysisOpts.timing_report_npaths: 100
AnalysisOpts.timing_report_skew: false
AnalysisOpts.echo_dot_timing_graph_node: -1
AnalysisOpts.timing_report_detail: NETLIST

RoutingArch.directionality: BI_DIRECTIONAL
RoutingArch.switch_block_type: WILTON
RoutingArch.Fs: 3

# Load Packing
Begin loading packed FPGA netlist file.
Netlist generated from file 'decade_counter.net'.
Detected 2 constant generators (to see names run with higher pack verbosity)
Finished loading packed FPGA netlist file (took 0.03697 seconds).
# Load Packing took 0.04 seconds (max_rss 45.4 MiB, delta_rss +1.6 MiB)
Warning 1: Netlist contains 0 global net to non-global architecture pin connections
Warning 2: Logic block #69 ($false) has only 1 output pin '$false.GND0_GND[0]'. It may be a constant generator.
Warning 3: Logic block #70 ($true) has only 1 output pin '$true.VCC0_VCC[0]'. It may be a constant generator.

Netlist num_nets: 112
Netlist num_blocks: 71
Netlist EMPTY blocks: 0.
Netlist PB-SYN_GND blocks: 1.
Netlist PB-BIDIR blocks: 7.
Netlist PB-ASSP blocks: 1.
Netlist PB-LOGIC blocks: 61.
Netlist PB-SDIOMUX blocks: 0.
Netlist PB-MULT blocks: 0.
Netlist PB-GMUX blocks: 0.
Netlist PB-CLOCK blocks: 0.
Netlist PB-RAM blocks: 0.
Netlist PB-SYN_VCC blocks: 1.
Netlist inputs pins: 0
Netlist output pins: 21


Pb types usage...
  PB-SYN_GND        : 1
   GND              : 1
  PB-BIDIR          : 7
   BIDIR            : 7
    OUTPUT          : 7
     bidir          : 7
     outpad         : 7
  PB-ASSP           : 1
   ASSP             : 1
  PB-LOGIC          : 61
   LOGIC            : 61
    FRAGS           : 61
     c_frag_modes   : 61
      SINGLE        : 18
       c_frag       : 18
      SPLIT         : 43
       b_frag       : 43
       t_frag       : 43
     q_frag_modes   : 34
      INT           : 29
       q_frag       : 29
      EXT           : 5
       q_frag       : 5
  PB-SYN_VCC        : 1
   VCC              : 1

# Create Device
## Build Device Grid
FPGA sized to 39 x 35: 1365 grid tiles (ql-eos-s3)

Resource usage...
	Netlist
		1	blocks of type: PB-SYN_GND
	Architecture
		1	blocks of type: TL-SYN_GND
	Netlist
		7	blocks of type: PB-BIDIR
	Architecture
		32	blocks of type: TL-BIDIR
	Netlist
		1	blocks of type: PB-ASSP
	Architecture
		1	blocks of type: TL-ASSP
	Netlist
		61	blocks of type: PB-LOGIC
	Architecture
		891	blocks of type: TL-LOGIC
	Netlist
		0	blocks of type: PB-SDIOMUX
	Architecture
		14	blocks of type: TL-SDIOMUX
	Netlist
		0	blocks of type: PB-MULT
	Architecture
		2	blocks of type: TL-MULT
	Netlist
		0	blocks of type: PB-GMUX
	Architecture
		5	blocks of type: TL-GMUX
	Netlist
		0	blocks of type: PB-CLOCK
	Architecture
		5	blocks of type: TL-CLOCK
	Netlist
		0	blocks of type: PB-RAM
	Architecture
		4	blocks of type: TL-RAM
	Netlist
		1	blocks of type: PB-SYN_VCC
	Architecture
		1	blocks of type: TL-SYN_VCC

Device Utilization: 0.05 (target 1.00)
	Physical Tile TL-LOGIC:
	Block Utilization: 0.07 Logical Block: PB-LOGIC
	Physical Tile TL-RAM:
	Block Utilization: 0.00 Logical Block: PB-RAM
	Physical Tile TL-MULT:
	Block Utilization: 0.00 Logical Block: PB-MULT
	Physical Tile TL-BIDIR:
	Block Utilization: 0.22 Logical Block: PB-BIDIR
	Physical Tile TL-CLOCK:
	Block Utilization: 0.00 Logical Block: PB-CLOCK
	Physical Tile TL-SDIOMUX:
	Block Utilization: 0.00 Logical Block: PB-SDIOMUX
	Physical Tile TL-GMUX:
	Block Utilization: 0.00 Logical Block: PB-GMUX
	Physical Tile TL-ASSP:
	Block Utilization: 1.00 Logical Block: PB-ASSP
	Physical Tile TL-SYN_VCC:
	Block Utilization: 1.00 Logical Block: PB-SYN_VCC
	Physical Tile TL-SYN_GND:
	Block Utilization: 1.00 Logical Block: PB-SYN_GND

## Build Device Grid took 0.01 seconds (max_rss 45.7 MiB, delta_rss +0.0 MiB)
## Loading routing resource graph


## Loading routing resource graph took 0.60 seconds (max_rss 352.6 MiB, delta_rss +307.0 MiB)
  RR Graph Nodes: 1396446
  RR Graph Edges: 2337988
# Create Device took 1.21 seconds (max_rss 357.5 MiB, delta_rss +311.8 MiB)

# Load Placement
Reading decade_counter.place.

Successfully read decade_counter.place.

# Load Placement took 0.00 seconds (max_rss 357.5 MiB, delta_rss +0.0 MiB)

# Computing router lookahead map
## Computing wire lookahead
Warning 4: Unable to find any sample location for segment CHANX type 'generic' (length 1)
Warning 5: Unable to find any sample location for segment CHANY type 'generic' (length 1)
Warning 6: Unable to find any sample location for segment CHANX type 'pad' (length 1)
Warning 7: Unable to find any sample location for segment CHANY type 'pad' (length 1)
## Computing wire lookahead took 21.93 seconds (max_rss 357.5 MiB, delta_rss +0.0 MiB)
## Computing src/opin lookahead
## Computing src/opin lookahead took 0.00 seconds (max_rss 357.5 MiB, delta_rss +0.0 MiB)
# Computing router lookahead map took 21.93 seconds (max_rss 357.5 MiB, delta_rss +0.0 MiB)
# Routing
  RR Graph Nodes: 1396446
  RR Graph Edges: 2337988
Confirming router algorithm: TIMING_DRIVEN.
## Initializing router criticalities
Initial Net Connection Criticality Histogram:
[        0:      0.1) 731 ( 61.7%) |***********************************************
[      0.1:      0.2)   0 (  0.0%) |
[      0.2:      0.3)  62 (  5.2%) |****
[      0.3:      0.4)  25 (  2.1%) |**
[      0.4:      0.5)  38 (  3.2%) |**
[      0.5:      0.6)  49 (  4.1%) |***
[      0.6:      0.7)  64 (  5.4%) |****
[      0.7:      0.8)  74 (  6.2%) |*****
[      0.8:      0.9) 104 (  8.8%) |*******
[      0.9:        1)  37 (  3.1%) |**
## Initializing router criticalities took 0.00 seconds (max_rss 405.8 MiB, delta_rss +0.0 MiB)
---- ------ ------- ---- ------- ------- ------- ----------------- --------------- -------- ---------- ---------- ---------- ---------- --------
Iter   Time    pres  BBs    Heap  Re-Rtd  Re-Rtd Overused RR Nodes      Wirelength      CPD       sTNS       sWNS       hTNS       hWNS Est Succ
      (sec)     fac Updt    push    Nets   Conns                                       (ns)       (ns)       (ns)       (ns)       (ns)     Iter
---- ------ ------- ---- ------- ------- ------- ----------------- --------------- -------- ---------- ---------- ---------- ---------- --------
   1    8.1     0.0    0 3.0e+07     112    1184    1553 ( 0.111%)   28422 ( 2.0%)   67.555     -1977.    -67.555      0.000      0.000      N/A
   2    6.3     4.0    0 2.2e+07      99     759     677 ( 0.048%)   29290 ( 2.1%)   67.555     -1978.    -67.555      0.000      0.000      N/A
   3    4.5     5.2    0 1.6e+07      73     529     371 ( 0.027%)   29270 ( 2.1%)   67.557     -1987.    -67.557      0.000      0.000      N/A
   4    2.2     6.8    0 8185220      52     369     202 ( 0.014%)   29585 ( 2.1%)   67.560     -1999.    -67.560      0.000      0.000      N/A
   5    1.4     8.8    0 5069567      31     206     106 ( 0.008%)   29807 ( 2.1%)   67.560     -2012.    -67.560      0.000      0.000      N/A
   6    1.3    11.4    0 4733176      20     134      60 ( 0.004%)   29840 ( 2.1%)   67.560     -2045.    -67.560      0.000      0.000      N/A
   7    1.0    14.9    0 3472153      13      80      42 ( 0.003%)   29909 ( 2.1%)   67.628     -2046.    -67.628      0.000      0.000      N/A
   8    1.6    19.3    0 5777070      10      49      54 ( 0.004%)   29916 ( 2.1%)   67.628     -2046.    -67.628      0.000      0.000      N/A
   9    0.7    25.1    0 2690811      11      50      27 ( 0.002%)   29974 ( 2.1%)   67.628     -2046.    -67.628      0.000      0.000      N/A
  10    0.8    32.6    0 2785250       8      41      24 ( 0.002%)   29993 ( 2.1%)   67.628     -2046.    -67.628      0.000      0.000       21
  11    0.3    42.4    0 1060428       6      23      12 ( 0.001%)   30036 ( 2.1%)   67.628     -2046.    -67.628      0.000      0.000       24
  12    0.2    55.1    0  658208       5       8       9 ( 0.001%)   30030 ( 2.1%)   67.628     -2046.    -67.628      0.000      0.000       20
  13    0.2    71.7    0  538838       4       7       3 ( 0.000%)   30079 ( 2.1%)   67.628     -2047.    -67.628      0.000      0.000       18
  14    0.2    93.2    0  576731       2       2       3 ( 0.000%)   30081 ( 2.1%)   67.628     -2047.    -67.628      0.000      0.000       16
  15    0.1   121.1    0  357957       2       2       3 ( 0.000%)   30082 ( 2.1%)   67.628     -2047.    -67.628      0.000      0.000       16
  16    0.1   157.5    0  353729       2       2       6 ( 0.000%)   30082 ( 2.1%)   67.628     -2047.    -67.628      0.000      0.000       17
  17    0.2   204.7    0  635794       3       4       0 ( 0.000%)   30242 ( 2.1%)   67.667     -2044.    -67.667      0.000      0.000       19
Restoring best routing
Critical path: 67.6671 ns
Successfully routed after 17 routing iterations.
Final Net Connection Criticality Histogram:
[        0:      0.1) 731 ( 61.7%) |***********************************************
[      0.1:      0.2)   0 (  0.0%) |
[      0.2:      0.3)  40 (  3.4%) |***
[      0.3:      0.4)  31 (  2.6%) |**
[      0.4:      0.5)  35 (  3.0%) |**
[      0.5:      0.6)  38 (  3.2%) |**
[      0.6:      0.7)  60 (  5.1%) |****
[      0.7:      0.8)  60 (  5.1%) |****
[      0.8:      0.9) 114 (  9.6%) |*******
[      0.9:        1)  75 (  6.3%) |*****
Router Stats: total_nets_routed: 453 total_connections_routed: 3449 total_heap_pushes: 104946384 total_heap_pops: 88862395
# Routing took 29.98 seconds (max_rss 405.8 MiB, delta_rss +48.3 MiB)

Checking to ensure routing is legal...
Completed routing consistency check successfully.

Serial number (magic cookie) for the routing is: -657559874
Circuit successfully routed with a channel width factor of 100.

Incr Slack updates 18 in 0.000542015 sec
Full Max Req/Worst Slack updates 2 in 9.991e-06 sec
Incr Max Req/Worst Slack updates 16 in 0.000134837 sec
Incr Criticality updates 11 in 0.000436958 sec
Full Criticality updates 7 in 0.0003957 sec

Average number of bends per net: 229.821  Maximum # of bends: 6397

Number of global nets: 0
Number of routed nets (nonglobal): 112
Wire length results (in units of 1 clb segments)...
	Total wirelength: 29041, average net length: 259.295
	Maximum net length: 8327

Wire length results in terms of physical segments...
	Total wiring segments used: 26246, average wire segments per net: 234.339
	Maximum segments used by a net: 6610
	Total local nets with reserved CLB opins: 0

Routing channel utilization histogram:
[        1:      inf)    0 (  0.0%) |
[      0.9:        1)   44 (  1.7%) |*
[      0.8:      0.9)    0 (  0.0%) |
[      0.7:      0.8)    6 (  0.2%) |
[      0.5:      0.6)    0 (  0.0%) |
[      0.4:      0.5)    0 (  0.0%) |
[      0.3:      0.4)    4 (  0.2%) |
[      0.2:      0.3)   82 (  3.2%) |**
[      0.1:      0.2)   68 (  2.6%) |*
[        0:      0.1) 2380 ( 92.1%) |**********************************************
Maximum routing channel utilization:         1 at (1,3)

X - Directed channels:   j max occ ave occ capacity
                      ---- ------- ------- --------
                         0       2   0.974        2
                         1     161  10.026      221
                         2       0   0.000        0
                         3      83  21.667      635
                         4      69   2.795      623
                         5      70   2.718      658
                         6      78   3.487      623
                         7      76   2.692      623
                         8      28   1.897      623
                         9      12   1.897      623
                        10     163  11.026      665
                        11     245  20.436      623
                        12     243  25.821      647
                        13     227  42.000      623
                        14     223  41.462      623
                        15     228  43.436      623
                        16     212  38.769      623
                        17     214  24.308      623
                        18     196  19.974      725
                        19     182  22.897      623
                        20     201  31.436      623
                        21       0   0.000      623
                        22       0   0.000      623
                        23       0   0.000      623
                        24       0   0.000      623
                        25       0   0.000      657
                        26       0   0.000      634
                        27       0   0.000      623
                        28       0   0.000      623
                        29       0   0.000      624
                        30       0   0.000      625
                        31       0   0.000      626
                        32       0   0.000      786
                        33       0   0.000      269
Y - Directed channels:   i max occ ave occ capacity
                      ---- ------- ------- --------
                         0       0   0.000        2
                         1      47   4.057      287
                         2       1   0.029        4
                         3     179  54.743      848
                         4      36   2.800      874
                         5      46   2.457      819
                         6      45   5.200      760
                         7      53   3.800      761
                         8      30   3.029      761
                         9      46   5.371      761
                        10      30   4.857      757
                        11      11   2.000      775
                        12      51   5.086      757
                        13     221  31.400      761
                        14     237  44.743      761
                        15     210  42.457      761
                        16     204  34.257      761
                        17     206  38.943      761
                        18     179  35.771      761
                        19     210  39.114      816
                        20     190  38.429      761
                        21     172  17.429      883
                        22      11   0.600      761
                        23      11   0.600      761
                        24       0   0.000      761
                        25      11   0.600      761
                        26       0   0.000      757
                        27       0   0.000      775
                        28       0   0.000      757
                        29       0   0.000      761
                        30       0   0.000      761
                        31       0   0.000      761
                        32       0   0.000      761
                        33       0   0.000      763
                        34       0   0.000      762
                        35       0   0.000      764
                        36       0   0.000     1024
                        37       0   0.000      164

Total tracks in x-direction: 19611, in y-direction: 27046

Logic area (in minimum width transistor areas, excludes I/Os and empty grid tiles)...
	Total logic block area (Warning, need to add pitch of routing to blocks with height > 3): 1.3515e+07
	Total used logic block area: 960000

Routing area (in minimum width transistor areas)...
	Assuming no buffer sharing (pessimistic). Total: 1.07847e+09, per logic tile: 790090.
	Assuming buffer sharing (slightly optimistic). Total: 8.38760e+08, per logic tile: 614476.


Segment usage by type (index):    name type utilization
                               ------- ---- -----------
                                  sbox    2      0.0169
                                   vcc    3      0.0858
                                   gnd    4      0.0992
                                  hop1    5      0.0213
                                  hop2    6      0.0292
                                  hop3    7      0.0385
                                  hop4    8      0.0157
                                 clock    9           0
                               special   10      0.0828

Segment usage by length: length utilization
                         ------ -----------
                              1      0.0175
                              2      0.0292
                              3      0.0385
                              4      0.0157


Final hold Worst Negative Slack (hWNS): 0 ns
Final hold Total Negative Slack (hTNS): 0 ns

Final hold slack histogram:
[  4.2e-09:    8e-09) 21 ( 56.8%) |************************************************
[    8e-09:  1.2e-08)  6 ( 16.2%) |**************
[  1.2e-08:  1.6e-08)  3 (  8.1%) |*******
[  1.6e-08:  1.9e-08)  0 (  0.0%) |
[  1.9e-08:  2.3e-08)  0 (  0.0%) |
[  2.3e-08:  2.7e-08)  0 (  0.0%) |
[  2.7e-08:  3.1e-08)  0 (  0.0%) |
[  3.1e-08:  3.4e-08)  0 (  0.0%) |
[  3.4e-08:  3.8e-08)  2 (  5.4%) |*****
[  3.8e-08:  4.2e-08)  5 ( 13.5%) |***********

Final critical path delay (least slack): 67.6671 ns, Fmax: 14.7782 MHz
Final setup Worst Negative Slack (sWNS): -67.6671 ns
Final setup Total Negative Slack (sTNS): -2042.65 ns

Final setup slack histogram:
[ -6.8e-08: -6.6e-08) 1 (  2.7%) |*****
[ -6.6e-08: -6.4e-08) 3 (  8.1%) |****************
[ -6.4e-08: -6.2e-08) 1 (  2.7%) |*****
[ -6.2e-08:   -6e-08) 0 (  0.0%) |
[   -6e-08: -5.9e-08) 3 (  8.1%) |****************
[ -5.9e-08: -5.7e-08) 1 (  2.7%) |*****
[ -5.7e-08: -5.5e-08) 5 ( 13.5%) |***************************
[ -5.5e-08: -5.3e-08) 6 ( 16.2%) |*********************************
[ -5.3e-08: -5.1e-08) 8 ( 21.6%) |********************************************
[ -5.1e-08:   -5e-08) 9 ( 24.3%) |*************************************************

Final geomean non-virtual intra-domain period: 67.6671 ns (14.7782 MHz)
Final fanout-weighted geomean non-virtual intra-domain period: 67.6671 ns (14.7782 MHz)

Incr Slack updates 1 in 3.39e-05 sec
Full Max Req/Worst Slack updates 1 in 5.051e-06 sec
Incr Max Req/Worst Slack updates 0 in 0 sec
Incr Criticality updates 0 in 0 sec
Full Criticality updates 1 in 5.1978e-05 sec
Flow timing analysis took 0.0189887 seconds (0.0163401 STA, 0.00264866 slack) (19 full updates: 0 setup, 0 hold, 19 combined).
VPR succeeded
The entire flow of VPR took 53.83 seconds (max_rss 405.8 MiB)
