#Timing report of worst 7 path(s)
# Unit scale: 1e-09 seconds
# Output precision: 3

#Path 1
Startpoint: Z.inpad[0] (.input clocked by virtual_io_clock)
Endpoint  : out:c.outpad[0] (.output clocked by virtual_io_clock)
Path Type : hold

Point                                                                Incr      Path
-----------------------------------------------------------------------------------
clock virtual_io_clock (rise edge)                                  0.000     0.000
clock source latency                                                0.000     0.000
input external delay                                                0.000     0.000
Z.inpad[0] (.input)                                                 0.000     0.000
$iopadmap$incdec.Z.I_PAD_$inp[0] (BIDIR_CELL)                       0.000     0.000
$iopadmap$incdec.Z.I_DAT[0] (BIDIR_CELL)                           10.153    10.153
c_LUT4_O.c_frag.TBS[0] (C_FRAG)                                     6.661    16.814
c_LUT4_O.c_frag.CZ[0] (C_FRAG)                                      0.705    17.519
$iopadmap$incdec.c.O_DAT[0] (BIDIR_CELL)                            3.683    21.202
$iopadmap$incdec.c.O_PAD_$out[0] (BIDIR_CELL)                       9.726    30.928
out:c.outpad[0] (.output)                                           0.000    30.928
data arrival time                                                            30.928

clock virtual_io_clock (rise edge)                                  0.000     0.000
clock source latency                                                0.000     0.000
clock uncertainty                                                   0.000     0.000
output external delay                                               0.000     0.000
data required time                                                            0.000
-----------------------------------------------------------------------------------
data required time                                                           -0.000
data arrival time                                                            30.928
-----------------------------------------------------------------------------------
slack (MET)                                                                  30.928


#Path 2
Startpoint: Z.inpad[0] (.input clocked by virtual_io_clock)
Endpoint  : out:b.outpad[0] (.output clocked by virtual_io_clock)
Path Type : hold

Point                                                                Incr      Path
-----------------------------------------------------------------------------------
clock virtual_io_clock (rise edge)                                  0.000     0.000
clock source latency                                                0.000     0.000
input external delay                                                0.000     0.000
Z.inpad[0] (.input)                                                 0.000     0.000
$iopadmap$incdec.Z.I_PAD_$inp[0] (BIDIR_CELL)                       0.000     0.000
$iopadmap$incdec.Z.I_DAT[0] (BIDIR_CELL)                           10.153    10.153
b_LUT3_O.t_frag.XAB[0] (T_FRAG)                                     6.581    16.734
b_LUT3_O.t_frag.XZ[0] (T_FRAG)                                      0.909    17.643
$iopadmap$incdec.b.O_DAT[0] (BIDIR_CELL)                            4.736    22.378
$iopadmap$incdec.b.O_PAD_$out[0] (BIDIR_CELL)                       9.726    32.104
out:b.outpad[0] (.output)                                           0.000    32.104
data arrival time                                                            32.104

clock virtual_io_clock (rise edge)                                  0.000     0.000
clock source latency                                                0.000     0.000
clock uncertainty                                                   0.000     0.000
output external delay                                               0.000     0.000
data required time                                                            0.000
-----------------------------------------------------------------------------------
data required time                                                           -0.000
data arrival time                                                            32.104
-----------------------------------------------------------------------------------
slack (MET)                                                                  32.104


#Path 3
Startpoint: Z.inpad[0] (.input clocked by virtual_io_clock)
Endpoint  : out:g.outpad[0] (.output clocked by virtual_io_clock)
Path Type : hold

Point                                                                Incr      Path
-----------------------------------------------------------------------------------
clock virtual_io_clock (rise edge)                                  0.000     0.000
clock source latency                                                0.000     0.000
input external delay                                                0.000     0.000
Z.inpad[0] (.input)                                                 0.000     0.000
$iopadmap$incdec.Z.I_PAD_$inp[0] (BIDIR_CELL)                       0.000     0.000
$iopadmap$incdec.Z.I_DAT[0] (BIDIR_CELL)                           10.153    10.153
g_LUT4_O.c_frag.BA1[0] (C_FRAG)                                     6.057    16.210
g_LUT4_O.c_frag.CZ[0] (C_FRAG)                                      1.392    17.602
$iopadmap$incdec.g.O_DAT[0] (BIDIR_CELL)                            6.337    23.939
$iopadmap$incdec.g.O_PAD_$out[0] (BIDIR_CELL)                       9.726    33.665
out:g.outpad[0] (.output)                                           0.000    33.665
data arrival time                                                            33.665

clock virtual_io_clock (rise edge)                                  0.000     0.000
clock source latency                                                0.000     0.000
clock uncertainty                                                   0.000     0.000
output external delay                                               0.000     0.000
data required time                                                            0.000
-----------------------------------------------------------------------------------
data required time                                                           -0.000
data arrival time                                                            33.665
-----------------------------------------------------------------------------------
slack (MET)                                                                  33.665


#Path 4
Startpoint: Z.inpad[0] (.input clocked by virtual_io_clock)
Endpoint  : out:e.outpad[0] (.output clocked by virtual_io_clock)
Path Type : hold

Point                                                                Incr      Path
-----------------------------------------------------------------------------------
clock virtual_io_clock (rise edge)                                  0.000     0.000
clock source latency                                                0.000     0.000
input external delay                                                0.000     0.000
Z.inpad[0] (.input)                                                 0.000     0.000
$iopadmap$incdec.Z.I_PAD_$inp[0] (BIDIR_CELL)                       0.000     0.000
$iopadmap$incdec.Z.I_DAT[0] (BIDIR_CELL)                           10.153    10.153
e_LUT4_O.c_frag.TBS[0] (C_FRAG)                                     7.611    17.764
e_LUT4_O.c_frag.CZ[0] (C_FRAG)                                      0.705    18.468
$iopadmap$incdec.e.O_DAT[0] (BIDIR_CELL)                            5.568    24.037
$iopadmap$incdec.e.O_PAD_$out[0] (BIDIR_CELL)                       9.726    33.763
out:e.outpad[0] (.output)                                           0.000    33.763
data arrival time                                                            33.763

clock virtual_io_clock (rise edge)                                  0.000     0.000
clock source latency                                                0.000     0.000
clock uncertainty                                                   0.000     0.000
output external delay                                               0.000     0.000
data required time                                                            0.000
-----------------------------------------------------------------------------------
data required time                                                           -0.000
data arrival time                                                            33.763
-----------------------------------------------------------------------------------
slack (MET)                                                                  33.763


#Path 5
Startpoint: Z.inpad[0] (.input clocked by virtual_io_clock)
Endpoint  : out:f.outpad[0] (.output clocked by virtual_io_clock)
Path Type : hold

Point                                                                Incr      Path
-----------------------------------------------------------------------------------
clock virtual_io_clock (rise edge)                                  0.000     0.000
clock source latency                                                0.000     0.000
input external delay                                                0.000     0.000
Z.inpad[0] (.input)                                                 0.000     0.000
$iopadmap$incdec.Z.I_PAD_$inp[0] (BIDIR_CELL)                       0.000     0.000
$iopadmap$incdec.Z.I_DAT[0] (BIDIR_CELL)                           10.153    10.153
f_LUT4_O.c_frag.TSL[0] (C_FRAG)                                     7.223    17.376
f_LUT4_O.c_frag.CZ[0] (C_FRAG)                                      1.108    18.484
$iopadmap$incdec.f.O_DAT[0] (BIDIR_CELL)                            6.829    25.313
$iopadmap$incdec.f.O_PAD_$out[0] (BIDIR_CELL)                       9.726    35.039
out:f.outpad[0] (.output)                                           0.000    35.039
data arrival time                                                            35.039

clock virtual_io_clock (rise edge)                                  0.000     0.000
clock source latency                                                0.000     0.000
clock uncertainty                                                   0.000     0.000
output external delay                                               0.000     0.000
data required time                                                            0.000
-----------------------------------------------------------------------------------
data required time                                                           -0.000
data arrival time                                                            35.039
-----------------------------------------------------------------------------------
slack (MET)                                                                  35.039


#Path 6
Startpoint: W.inpad[0] (.input clocked by virtual_io_clock)
Endpoint  : out:d.outpad[0] (.output clocked by virtual_io_clock)
Path Type : hold

Point                                                                Incr      Path
-----------------------------------------------------------------------------------
clock virtual_io_clock (rise edge)                                  0.000     0.000
clock source latency                                                0.000     0.000
input external delay                                                0.000     0.000
W.inpad[0] (.input)                                                 0.000     0.000
$iopadmap$incdec.W.I_PAD_$inp[0] (BIDIR_CELL)                       0.000     0.000
$iopadmap$incdec.W.I_DAT[0] (BIDIR_CELL)                           10.153    10.153
d_LUT4_O.c_frag.BAB[0] (C_FRAG)                                     6.036    16.189
d_LUT4_O.c_frag.CZ[0] (C_FRAG)                                      0.909    17.099
$iopadmap$incdec.d.O_DAT[0] (BIDIR_CELL)                            9.270    26.368
$iopadmap$incdec.d.O_PAD_$out[0] (BIDIR_CELL)                       9.726    36.094
out:d.outpad[0] (.output)                                           0.000    36.094
data arrival time                                                            36.094

clock virtual_io_clock (rise edge)                                  0.000     0.000
clock source latency                                                0.000     0.000
clock uncertainty                                                   0.000     0.000
output external delay                                               0.000     0.000
data required time                                                            0.000
-----------------------------------------------------------------------------------
data required time                                                           -0.000
data arrival time                                                            36.094
-----------------------------------------------------------------------------------
slack (MET)                                                                  36.094


#Path 7
Startpoint: W.inpad[0] (.input clocked by virtual_io_clock)
Endpoint  : out:a.outpad[0] (.output clocked by virtual_io_clock)
Path Type : hold

Point                                                                Incr      Path
-----------------------------------------------------------------------------------
clock virtual_io_clock (rise edge)                                  0.000     0.000
clock source latency                                                0.000     0.000
input external delay                                                0.000     0.000
W.inpad[0] (.input)                                                 0.000     0.000
$iopadmap$incdec.W.I_PAD_$inp[0] (BIDIR_CELL)                       0.000     0.000
$iopadmap$incdec.W.I_DAT[0] (BIDIR_CELL)                           10.153    10.153
a_LUT4_O.c_frag.TA2[0] (C_FRAG)                                     6.575    16.728
a_LUT4_O.c_frag.CZ[0] (C_FRAG)                                      1.481    18.209
$iopadmap$incdec.a.O_DAT[0] (BIDIR_CELL)                            9.300    27.510
$iopadmap$incdec.a.O_PAD_$out[0] (BIDIR_CELL)                       9.726    37.236
out:a.outpad[0] (.output)                                           0.000    37.236
data arrival time                                                            37.236

clock virtual_io_clock (rise edge)                                  0.000     0.000
clock source latency                                                0.000     0.000
clock uncertainty                                                   0.000     0.000
output external delay                                               0.000     0.000
data required time                                                            0.000
-----------------------------------------------------------------------------------
data required time                                                           -0.000
data arrival time                                                            37.236
-----------------------------------------------------------------------------------
slack (MET)                                                                  37.236


#End of timing report
